<?xml version="1.0" encoding="ASCII"?>
<org.nasdanika.models.sql:Database name="Test database" xmi:version="2.0" xmlns:xmi="http://www.omg.org/XMI" xmlns:org.nasdanika.models.sql="ecore://nasdanika.org/models/sql" uuid="017ec1c0-92a4-42d4-90dd-db0f7901aa6f" url="jdbc:h2:mem:testdb">
  <dataTypes uuid="7f528b31-33c0-417b-b772-c3af8b37714d" name="TINYINT" dataType="TINYINT" precision="8" nullable="1" caseSensitive="false" searchable="3" unsignedAttribute="false" fixedPrecScale="false" autoIncrement="true" localTypeName="TINYINT" minimumScale="0" maximumScale="0" numPrecRadix="2"/>
  <dataTypes uuid="cb6c24d2-23bd-4349-ae41-c7277644d929" name="BIGINT" dataType="BIGINT" precision="64" nullable="1" caseSensitive="false" searchable="3" unsignedAttribute="false" fixedPrecScale="false" autoIncrement="true" localTypeName="BIGINT" minimumScale="0" maximumScale="0" numPrecRadix="2"/>
  <dataTypes uuid="c6d417db-18ef-4776-a66e-83c6ce38c2f8" name="BINARY VARYING" dataType="VARBINARY" precision="1000000000" literalPrefix="X'" literalSuffix="'" createParams="LENGTH" nullable="1" caseSensitive="false" searchable="3" unsignedAttribute="false" fixedPrecScale="false" autoIncrement="false" localTypeName="BINARY VARYING" minimumScale="0" maximumScale="0"/>
  <dataTypes uuid="2f0227c4-0c6d-4eff-862f-9c6128ba148a" name="BINARY" dataType="BINARY" precision="1000000000" literalPrefix="X'" literalSuffix="'" createParams="LENGTH" nullable="1" caseSensitive="false" searchable="3" unsignedAttribute="false" fixedPrecScale="false" autoIncrement="false" localTypeName="BINARY" minimumScale="0" maximumScale="0"/>
  <dataTypes uuid="92992635-fc37-4552-b8e1-881cdfe0e982" name="UUID" dataType="BINARY" precision="16" literalPrefix="'" literalSuffix="'" nullable="1" caseSensitive="false" searchable="3" unsignedAttribute="false" fixedPrecScale="false" autoIncrement="false" localTypeName="UUID" minimumScale="0" maximumScale="0"/>
  <dataTypes uuid="a3c62233-0364-4fc0-a0c3-231a6313d1b2" name="CHARACTER" dataType="CHAR" precision="1000000000" literalPrefix="'" literalSuffix="'" createParams="LENGTH" nullable="1" caseSensitive="true" searchable="3" unsignedAttribute="false" fixedPrecScale="false" autoIncrement="false" localTypeName="CHARACTER" minimumScale="0" maximumScale="0"/>
  <dataTypes uuid="35058be1-3659-41dd-9242-efb495ee3b58" name="NUMERIC" dataType="NUMERIC" precision="100000" createParams="PRECISION,SCALE" nullable="1" caseSensitive="false" searchable="3" unsignedAttribute="false" fixedPrecScale="true" autoIncrement="true" localTypeName="NUMERIC" minimumScale="0" maximumScale="32767" numPrecRadix="10"/>
  <dataTypes uuid="46187772-1e95-491b-8b41-7d3cd6474652" name="DECFLOAT" dataType="NUMERIC" precision="100000" createParams="PRECISION" nullable="1" caseSensitive="false" searchable="3" unsignedAttribute="false" fixedPrecScale="false" autoIncrement="true" localTypeName="DECFLOAT" minimumScale="0" maximumScale="0" numPrecRadix="10"/>
  <dataTypes uuid="3f27dcfe-af51-4e5d-8119-189058706357" name="INTEGER" dataType="INTEGER" precision="32" nullable="1" caseSensitive="false" searchable="3" unsignedAttribute="false" fixedPrecScale="false" autoIncrement="true" localTypeName="INTEGER" minimumScale="0" maximumScale="0" numPrecRadix="2"/>
  <dataTypes uuid="2c0dadd2-ad40-4cd4-9411-23123358d101" name="SMALLINT" dataType="SMALLINT" precision="16" nullable="1" caseSensitive="false" searchable="3" unsignedAttribute="false" fixedPrecScale="false" autoIncrement="true" localTypeName="SMALLINT" minimumScale="0" maximumScale="0" numPrecRadix="2"/>
  <dataTypes uuid="7a45dc08-3906-4d9f-b3d8-5803504839c6" name="REAL" dataType="REAL" precision="24" nullable="1" caseSensitive="false" searchable="3" unsignedAttribute="false" fixedPrecScale="false" autoIncrement="true" localTypeName="REAL" minimumScale="0" maximumScale="0" numPrecRadix="2"/>
  <dataTypes uuid="b36a07e1-f3cd-4e4c-b4ee-28842ddf9262" name="DOUBLE PRECISION" dataType="DOUBLE" precision="53" nullable="1" caseSensitive="false" searchable="3" unsignedAttribute="false" fixedPrecScale="false" autoIncrement="true" localTypeName="DOUBLE PRECISION" minimumScale="0" maximumScale="0" numPrecRadix="2"/>
  <dataTypes uuid="dab86be9-a166-4c8e-aca2-6bde562c08ab" name="CHARACTER VARYING" dataType="VARCHAR" precision="1000000000" literalPrefix="'" literalSuffix="'" createParams="LENGTH" nullable="1" caseSensitive="true" searchable="3" unsignedAttribute="false" fixedPrecScale="false" autoIncrement="false" localTypeName="CHARACTER VARYING" minimumScale="0" maximumScale="0"/>
  <dataTypes uuid="5cabc621-04b8-4ac7-9076-02cc84d25094" name="VARCHAR_IGNORECASE" dataType="VARCHAR" precision="1000000000" literalPrefix="'" literalSuffix="'" createParams="LENGTH" nullable="1" caseSensitive="false" searchable="3" unsignedAttribute="false" fixedPrecScale="false" autoIncrement="false" localTypeName="VARCHAR_IGNORECASE" minimumScale="0" maximumScale="0"/>
  <dataTypes uuid="65e9ff84-53ef-49d7-b12e-a7dd37170920" name="BOOLEAN" dataType="BOOLEAN" precision="1" nullable="1" caseSensitive="false" searchable="3" unsignedAttribute="false" fixedPrecScale="false" autoIncrement="false" localTypeName="BOOLEAN" minimumScale="0" maximumScale="0"/>
  <dataTypes uuid="509280b6-c00c-4c3c-bbd9-e8dacffa3673" name="DATE" dataType="DATE" precision="10" literalPrefix="DATE '" literalSuffix="'" nullable="1" caseSensitive="false" searchable="3" unsignedAttribute="false" fixedPrecScale="false" autoIncrement="false" localTypeName="DATE" minimumScale="0" maximumScale="0"/>
  <dataTypes uuid="9f4bf3dd-f2bb-445c-b319-9f7401436cb9" name="TIME" dataType="TIME" precision="18" literalPrefix="TIME '" literalSuffix="'" createParams="SCALE" nullable="1" caseSensitive="false" searchable="3" unsignedAttribute="false" fixedPrecScale="false" autoIncrement="false" localTypeName="TIME" minimumScale="0" maximumScale="9"/>
  <dataTypes uuid="0f7bdb0c-d51c-4ac9-a2d8-8ffe899b2036" name="TIMESTAMP" dataType="TIMESTAMP" precision="29" literalPrefix="TIMESTAMP '" literalSuffix="'" createParams="SCALE" nullable="1" caseSensitive="false" searchable="3" unsignedAttribute="false" fixedPrecScale="false" autoIncrement="false" localTypeName="TIMESTAMP" minimumScale="0" maximumScale="9"/>
  <dataTypes uuid="72e034b1-2a72-4ddf-9167-a25d1537a2b5" name="INTERVAL YEAR" dataType="OTHER" precision="18" literalPrefix="INTERVAL '" literalSuffix="' YEAR" createParams="PRECISION" nullable="1" caseSensitive="false" searchable="3" unsignedAttribute="false" fixedPrecScale="false" autoIncrement="false" localTypeName="INTERVAL YEAR" minimumScale="0" maximumScale="0"/>
  <dataTypes uuid="280503a6-b244-4431-a162-718507351995" name="INTERVAL MONTH" dataType="OTHER" precision="18" literalPrefix="INTERVAL '" literalSuffix="' MONTH" createParams="PRECISION" nullable="1" caseSensitive="false" searchable="3" unsignedAttribute="false" fixedPrecScale="false" autoIncrement="false" localTypeName="INTERVAL MONTH" minimumScale="0" maximumScale="0"/>
  <dataTypes uuid="40997b74-08cd-40d2-a66b-2c00c0e322a5" name="INTERVAL DAY" dataType="OTHER" precision="18" literalPrefix="INTERVAL '" literalSuffix="' DAY" createParams="PRECISION" nullable="1" caseSensitive="false" searchable="3" unsignedAttribute="false" fixedPrecScale="false" autoIncrement="false" localTypeName="INTERVAL DAY" minimumScale="0" maximumScale="0"/>
  <dataTypes uuid="4bea00c3-1c85-4937-accd-0fb245e0464e" name="INTERVAL HOUR" dataType="OTHER" precision="18" literalPrefix="INTERVAL '" literalSuffix="' HOUR" createParams="PRECISION" nullable="1" caseSensitive="false" searchable="3" unsignedAttribute="false" fixedPrecScale="false" autoIncrement="false" localTypeName="INTERVAL HOUR" minimumScale="0" maximumScale="0"/>
  <dataTypes uuid="2e5e13b0-831f-4dad-93eb-2f68083e60e4" name="INTERVAL MINUTE" dataType="OTHER" precision="18" literalPrefix="INTERVAL '" literalSuffix="' MINUTE" createParams="PRECISION" nullable="1" caseSensitive="false" searchable="3" unsignedAttribute="false" fixedPrecScale="false" autoIncrement="false" localTypeName="INTERVAL MINUTE" minimumScale="0" maximumScale="0"/>
  <dataTypes uuid="a94e7a6b-305e-4719-a8c1-4487debec061" name="INTERVAL SECOND" dataType="OTHER" precision="18" literalPrefix="INTERVAL '" literalSuffix="' SECOND" createParams="PRECISION,SCALE" nullable="1" caseSensitive="false" searchable="3" unsignedAttribute="false" fixedPrecScale="false" autoIncrement="false" localTypeName="INTERVAL SECOND" minimumScale="0" maximumScale="9"/>
  <dataTypes uuid="64db293f-00ee-43f2-980a-7eb70e2cae3f" name="INTERVAL YEAR TO MONTH" dataType="OTHER" precision="18" literalPrefix="INTERVAL '" literalSuffix="' YEAR TO MONTH" createParams="PRECISION" nullable="1" caseSensitive="false" searchable="3" unsignedAttribute="false" fixedPrecScale="false" autoIncrement="false" localTypeName="INTERVAL YEAR TO MONTH" minimumScale="0" maximumScale="0"/>
  <dataTypes uuid="666419c8-2332-404f-b75e-490587d52c87" name="INTERVAL DAY TO HOUR" dataType="OTHER" precision="18" literalPrefix="INTERVAL '" literalSuffix="' DAY TO HOUR" createParams="PRECISION" nullable="1" caseSensitive="false" searchable="3" unsignedAttribute="false" fixedPrecScale="false" autoIncrement="false" localTypeName="INTERVAL DAY TO HOUR" minimumScale="0" maximumScale="0"/>
  <dataTypes uuid="dff451e9-8989-44a3-a1b3-ad66d292572a" name="INTERVAL DAY TO MINUTE" dataType="OTHER" precision="18" literalPrefix="INTERVAL '" literalSuffix="' DAY TO MINUTE" createParams="PRECISION" nullable="1" caseSensitive="false" searchable="3" unsignedAttribute="false" fixedPrecScale="false" autoIncrement="false" localTypeName="INTERVAL DAY TO MINUTE" minimumScale="0" maximumScale="0"/>
  <dataTypes uuid="e41dabf2-ec6e-40bc-890d-e30ada1ad7be" name="INTERVAL DAY TO SECOND" dataType="OTHER" precision="18" literalPrefix="INTERVAL '" literalSuffix="' DAY TO SECOND" createParams="PRECISION,SCALE" nullable="1" caseSensitive="false" searchable="3" unsignedAttribute="false" fixedPrecScale="false" autoIncrement="false" localTypeName="INTERVAL DAY TO SECOND" minimumScale="0" maximumScale="9"/>
  <dataTypes uuid="0764bdc0-4ba5-4789-b240-3c01a7ad30c6" name="INTERVAL HOUR TO MINUTE" dataType="OTHER" precision="18" literalPrefix="INTERVAL '" literalSuffix="' HOUR TO MINUTE" createParams="PRECISION" nullable="1" caseSensitive="false" searchable="3" unsignedAttribute="false" fixedPrecScale="false" autoIncrement="false" localTypeName="INTERVAL HOUR TO MINUTE" minimumScale="0" maximumScale="0"/>
  <dataTypes uuid="bdb3fd64-5b7c-4e6c-a3bf-c9f4a43290ef" name="INTERVAL HOUR TO SECOND" dataType="OTHER" precision="18" literalPrefix="INTERVAL '" literalSuffix="' HOUR TO SECOND" createParams="PRECISION,SCALE" nullable="1" caseSensitive="false" searchable="3" unsignedAttribute="false" fixedPrecScale="false" autoIncrement="false" localTypeName="INTERVAL HOUR TO SECOND" minimumScale="0" maximumScale="9"/>
  <dataTypes uuid="f1d1372b-d212-4838-91ed-9f21f1678fe6" name="INTERVAL MINUTE TO SECOND" dataType="OTHER" precision="18" literalPrefix="INTERVAL '" literalSuffix="' MINUTE TO SECOND" createParams="PRECISION,SCALE" nullable="1" caseSensitive="false" searchable="3" unsignedAttribute="false" fixedPrecScale="false" autoIncrement="false" localTypeName="INTERVAL MINUTE TO SECOND" minimumScale="0" maximumScale="9"/>
  <dataTypes uuid="d29f5edc-6aed-4011-9c68-75a227f88247" name="ENUM" dataType="OTHER" precision="1000000000" literalPrefix="'" literalSuffix="'" createParams="ELEMENT [,...]" nullable="1" caseSensitive="false" searchable="3" unsignedAttribute="false" fixedPrecScale="false" autoIncrement="false" localTypeName="ENUM" minimumScale="0" maximumScale="0"/>
  <dataTypes uuid="54aae29d-8ad4-4459-b423-3c63f9055ad8" name="GEOMETRY" dataType="OTHER" precision="2147483647" literalPrefix="'" literalSuffix="'" createParams="TYPE,SRID" nullable="1" caseSensitive="false" searchable="3" unsignedAttribute="false" fixedPrecScale="false" autoIncrement="false" localTypeName="GEOMETRY" minimumScale="0" maximumScale="0"/>
  <dataTypes uuid="6d9f9ac1-011a-4e9a-a35c-ea5471e9bf56" name="JSON" dataType="OTHER" precision="1000000000" literalPrefix="JSON '" literalSuffix="'" createParams="LENGTH" nullable="1" caseSensitive="true" searchable="3" unsignedAttribute="false" fixedPrecScale="false" autoIncrement="false" localTypeName="JSON" minimumScale="0" maximumScale="0"/>
  <dataTypes uuid="bbb49cc8-a10d-4a3e-9fd6-f46c3587dd51" name="ROW" dataType="OTHER" precision="0" literalPrefix="ROW(" literalSuffix=")" createParams="NAME DATA_TYPE [,...]" nullable="1" caseSensitive="false" searchable="3" unsignedAttribute="false" fixedPrecScale="false" autoIncrement="false" localTypeName="ROW" minimumScale="0" maximumScale="0"/>
  <dataTypes uuid="262e7bb5-d22f-4fca-a884-8bde9b346db3" name="JAVA_OBJECT" dataType="JAVA_OBJECT" precision="1000000000" literalPrefix="X'" literalSuffix="'" createParams="LENGTH" nullable="1" caseSensitive="false" searchable="3" unsignedAttribute="false" fixedPrecScale="false" autoIncrement="false" localTypeName="JAVA_OBJECT" minimumScale="0" maximumScale="0"/>
  <dataTypes uuid="6c903def-f097-4581-a5fc-a58f608ec36e" name="ARRAY" precision="65536" literalPrefix="ARRAY[" literalSuffix="]" createParams="CARDINALITY" nullable="1" caseSensitive="false" searchable="3" unsignedAttribute="false" fixedPrecScale="false" autoIncrement="false" localTypeName="ARRAY" minimumScale="0" maximumScale="0"/>
  <dataTypes uuid="86052311-d288-4876-87aa-6d21de875323" name="BINARY LARGE OBJECT" dataType="BLOB" precision="2147483647" literalPrefix="X'" literalSuffix="'" createParams="LENGTH" nullable="1" caseSensitive="false" searchable="3" unsignedAttribute="false" fixedPrecScale="false" autoIncrement="false" localTypeName="BINARY LARGE OBJECT" minimumScale="0" maximumScale="0"/>
  <dataTypes uuid="75c6a6fc-c9f9-41d9-b6d4-b3c62777fbe2" name="CHARACTER LARGE OBJECT" dataType="CLOB" precision="2147483647" literalPrefix="'" literalSuffix="'" createParams="LENGTH" nullable="1" caseSensitive="true" searchable="3" unsignedAttribute="false" fixedPrecScale="false" autoIncrement="false" localTypeName="CHARACTER LARGE OBJECT" minimumScale="0" maximumScale="0"/>
  <dataTypes uuid="dbab13fa-0304-4fb4-a20e-a794273494d5" name="TIME WITH TIME ZONE" dataType="TIME_WITH_TIMEZONE" precision="24" literalPrefix="TIME WITH TIME ZONE '" literalSuffix="'" createParams="SCALE" nullable="1" caseSensitive="false" searchable="3" unsignedAttribute="false" fixedPrecScale="false" autoIncrement="false" localTypeName="TIME WITH TIME ZONE" minimumScale="0" maximumScale="9"/>
  <dataTypes uuid="7868788c-fea4-48b1-8dd4-f69b5aa7767a" name="TIMESTAMP WITH TIME ZONE" dataType="TIMESTAMP_WITH_TIMEZONE" precision="35" literalPrefix="TIMESTAMP WITH TIME ZONE '" literalSuffix="'" createParams="SCALE" nullable="1" caseSensitive="false" searchable="3" unsignedAttribute="false" fixedPrecScale="false" autoIncrement="false" localTypeName="TIMESTAMP WITH TIME ZONE" minimumScale="0" maximumScale="9"/>
  <tableTypes uuid="879d1dd5-f52a-4fbf-ac20-af3d566af0bd" name="BASE TABLE"/>
  <tableTypes uuid="0bc8b590-2c03-47df-a45a-d927d997de4c" name="GLOBAL TEMPORARY"/>
  <tableTypes uuid="a0a946e3-bf31-4011-aef7-dbc7d599713c" name="LOCAL TEMPORARY"/>
  <tableTypes uuid="a5719132-997f-4c80-a244-2f3cdfc1e939" name="SYNONYM"/>
  <tableTypes uuid="9107a45b-1816-4862-a658-a66f3ee0ad47" name="VIEW"/>
  <catalogs uuid="b3fdfdc2-af7e-43a3-8d44-1b95540d36fa" name="TESTDB">
    <schemas uuid="01dac938-0a09-4f86-a70d-fa2a2925543f" name="INFORMATION_SCHEMA">
      <tables uuid="4912c236-b0c4-4a7d-aaba-ee78e992a8f6" name="CONSTANTS">
        <columns uuid="a1c576a7-ab2f-4f54-9105-ae946bc7f8ab" name="CONSTANT_CATALOG" type="//@dataTypes[name='CHARACTER%20VARYING']" dataType="VARCHAR" typeName="CHARACTER VARYING" columnSize="1000000000" decimalDigits="0" nullable="1" charOctetLength="1000000000" ordinalPosition="1" isNullable="YES" isAutoincrement="NO" isGeneratedcolumn="NO"/>
        <columns uuid="6525066f-a7c8-4486-9017-558b0500277f" name="CONSTANT_SCHEMA" type="//@dataTypes[name='CHARACTER%20VARYING']" dataType="VARCHAR" typeName="CHARACTER VARYING" columnSize="1000000000" decimalDigits="0" nullable="1" charOctetLength="1000000000" ordinalPosition="2" isNullable="YES" isAutoincrement="NO" isGeneratedcolumn="NO"/>
        <columns uuid="a75208e8-a2c6-419b-ada9-144c9392b4d2" name="CONSTANT_NAME" type="//@dataTypes[name='CHARACTER%20VARYING']" dataType="VARCHAR" typeName="CHARACTER VARYING" columnSize="1000000000" decimalDigits="0" nullable="1" charOctetLength="1000000000" ordinalPosition="3" isNullable="YES" isAutoincrement="NO" isGeneratedcolumn="NO"/>
        <columns uuid="d3382305-147f-46d0-a732-2ed3c1dfb450" name="VALUE_DEFINITION" type="//@dataTypes[name='CHARACTER%20VARYING']" dataType="VARCHAR" typeName="CHARACTER VARYING" columnSize="1000000000" decimalDigits="0" nullable="1" charOctetLength="1000000000" ordinalPosition="4" isNullable="YES" isAutoincrement="NO" isGeneratedcolumn="NO"/>
        <columns uuid="3fb4716f-aee0-4834-8411-4ac979a2d822" name="DATA_TYPE" type="//@dataTypes[name='CHARACTER%20VARYING']" dataType="VARCHAR" typeName="CHARACTER VARYING" columnSize="1000000000" decimalDigits="0" nullable="1" charOctetLength="1000000000" ordinalPosition="5" isNullable="YES" isAutoincrement="NO" isGeneratedcolumn="NO"/>
        <columns uuid="66ddc4aa-d36a-43d9-b98e-77905189c135" name="CHARACTER_MAXIMUM_LENGTH" type="//@dataTypes[name='BIGINT']" dataType="BIGINT" typeName="BIGINT" columnSize="64" decimalDigits="0" numPrecRadix="2" nullable="1" charOctetLength="64" ordinalPosition="6" isNullable="YES" isAutoincrement="NO" isGeneratedcolumn="NO"/>
        <columns uuid="000cca46-26ee-4666-a783-26103e6e2449" name="CHARACTER_OCTET_LENGTH" type="//@dataTypes[name='BIGINT']" dataType="BIGINT" typeName="BIGINT" columnSize="64" decimalDigits="0" numPrecRadix="2" nullable="1" charOctetLength="64" ordinalPosition="7" isNullable="YES" isAutoincrement="NO" isGeneratedcolumn="NO"/>
        <columns uuid="6cca1721-e424-422a-8167-6a6f38f61d66" name="CHARACTER_SET_CATALOG" type="//@dataTypes[name='CHARACTER%20VARYING']" dataType="VARCHAR" typeName="CHARACTER VARYING" columnSize="1000000000" decimalDigits="0" nullable="1" charOctetLength="1000000000" ordinalPosition="8" isNullable="YES" isAutoincrement="NO" isGeneratedcolumn="NO"/>
        <columns uuid="b8381ede-7638-476c-b49f-fdd13520c506" name="CHARACTER_SET_SCHEMA" type="//@dataTypes[name='CHARACTER%20VARYING']" dataType="VARCHAR" typeName="CHARACTER VARYING" columnSize="1000000000" decimalDigits="0" nullable="1" charOctetLength="1000000000" ordinalPosition="9" isNullable="YES" isAutoincrement="NO" isGeneratedcolumn="NO"/>
        <columns uuid="3e320954-d188-49d0-bd3c-8a471cc0d1b2" name="CHARACTER_SET_NAME" type="//@dataTypes[name='CHARACTER%20VARYING']" dataType="VARCHAR" typeName="CHARACTER VARYING" columnSize="1000000000" decimalDigits="0" nullable="1" charOctetLength="1000000000" ordinalPosition="10" isNullable="YES" isAutoincrement="NO" isGeneratedcolumn="NO"/>
        <columns uuid="17762a52-f770-4ccb-927d-0682bc953414" name="COLLATION_CATALOG" type="//@dataTypes[name='CHARACTER%20VARYING']" dataType="VARCHAR" typeName="CHARACTER VARYING" columnSize="1000000000" decimalDigits="0" nullable="1" charOctetLength="1000000000" ordinalPosition="11" isNullable="YES" isAutoincrement="NO" isGeneratedcolumn="NO"/>
        <columns uuid="5a541773-764f-4b6e-ae17-f9a9f67e18fe" name="COLLATION_SCHEMA" type="//@dataTypes[name='CHARACTER%20VARYING']" dataType="VARCHAR" typeName="CHARACTER VARYING" columnSize="1000000000" decimalDigits="0" nullable="1" charOctetLength="1000000000" ordinalPosition="12" isNullable="YES" isAutoincrement="NO" isGeneratedcolumn="NO"/>
        <columns uuid="9a13e7bb-1989-4660-803b-6c4b890bc90f" name="COLLATION_NAME" type="//@dataTypes[name='CHARACTER%20VARYING']" dataType="VARCHAR" typeName="CHARACTER VARYING" columnSize="1000000000" decimalDigits="0" nullable="1" charOctetLength="1000000000" ordinalPosition="13" isNullable="YES" isAutoincrement="NO" isGeneratedcolumn="NO"/>
        <columns uuid="6f4e290d-c777-4fc7-ae03-98375b604f6e" name="NUMERIC_PRECISION" type="//@dataTypes[name='INTEGER']" dataType="INTEGER" typeName="INTEGER" columnSize="32" decimalDigits="0" numPrecRadix="2" nullable="1" charOctetLength="32" ordinalPosition="14" isNullable="YES" isAutoincrement="NO" isGeneratedcolumn="NO"/>
        <columns uuid="023dd13f-dc31-4cc5-86bc-4a5cd8abf98a" name="NUMERIC_PRECISION_RADIX" type="//@dataTypes[name='INTEGER']" dataType="INTEGER" typeName="INTEGER" columnSize="32" decimalDigits="0" numPrecRadix="2" nullable="1" charOctetLength="32" ordinalPosition="15" isNullable="YES" isAutoincrement="NO" isGeneratedcolumn="NO"/>
        <columns uuid="f7335c2c-2a14-40e0-bcc1-7dad46d3d9ee" name="NUMERIC_SCALE" type="//@dataTypes[name='INTEGER']" dataType="INTEGER" typeName="INTEGER" columnSize="32" decimalDigits="0" numPrecRadix="2" nullable="1" charOctetLength="32" ordinalPosition="16" isNullable="YES" isAutoincrement="NO" isGeneratedcolumn="NO"/>
        <columns uuid="1b07a0fa-7e35-4aaf-aff8-b5dd123b0c83" name="DATETIME_PRECISION" type="//@dataTypes[name='INTEGER']" dataType="INTEGER" typeName="INTEGER" columnSize="32" decimalDigits="0" numPrecRadix="2" nullable="1" charOctetLength="32" ordinalPosition="17" isNullable="YES" isAutoincrement="NO" isGeneratedcolumn="NO"/>
        <columns uuid="093e4c1e-6e7a-4e79-8af2-a8da000d3fd0" name="INTERVAL_TYPE" type="//@dataTypes[name='CHARACTER%20VARYING']" dataType="VARCHAR" typeName="CHARACTER VARYING" columnSize="1000000000" decimalDigits="0" nullable="1" charOctetLength="1000000000" ordinalPosition="18" isNullable="YES" isAutoincrement="NO" isGeneratedcolumn="NO"/>
        <columns uuid="774414c1-8430-4a3c-9c41-3878c18187d2" name="INTERVAL_PRECISION" type="//@dataTypes[name='INTEGER']" dataType="INTEGER" typeName="INTEGER" columnSize="32" decimalDigits="0" numPrecRadix="2" nullable="1" charOctetLength="32" ordinalPosition="19" isNullable="YES" isAutoincrement="NO" isGeneratedcolumn="NO"/>
        <columns uuid="b401b8db-b495-4ce6-ac92-b9e2145e1995" name="MAXIMUM_CARDINALITY" type="//@dataTypes[name='INTEGER']" dataType="INTEGER" typeName="INTEGER" columnSize="32" decimalDigits="0" numPrecRadix="2" nullable="1" charOctetLength="32" ordinalPosition="20" isNullable="YES" isAutoincrement="NO" isGeneratedcolumn="NO"/>
        <columns uuid="aad635ca-f840-4b7a-aac8-6d2f5c943d2d" name="DTD_IDENTIFIER" type="//@dataTypes[name='CHARACTER%20VARYING']" dataType="VARCHAR" typeName="CHARACTER VARYING" columnSize="1000000000" decimalDigits="0" nullable="1" charOctetLength="1000000000" ordinalPosition="21" isNullable="YES" isAutoincrement="NO" isGeneratedcolumn="NO"/>
        <columns uuid="505442fe-6656-4402-b456-7720f93a023f" name="DECLARED_DATA_TYPE" type="//@dataTypes[name='CHARACTER%20VARYING']" dataType="VARCHAR" typeName="CHARACTER VARYING" columnSize="1000000000" decimalDigits="0" nullable="1" charOctetLength="1000000000" ordinalPosition="22" isNullable="YES" isAutoincrement="NO" isGeneratedcolumn="NO"/>
        <columns uuid="56668a81-7bf5-44e5-8bc9-22079a8bd0b7" name="DECLARED_NUMERIC_PRECISION" type="//@dataTypes[name='INTEGER']" dataType="INTEGER" typeName="INTEGER" columnSize="32" decimalDigits="0" numPrecRadix="2" nullable="1" charOctetLength="32" ordinalPosition="23" isNullable="YES" isAutoincrement="NO" isGeneratedcolumn="NO"/>
        <columns uuid="45603f2a-1e39-4606-8b87-4d0de7d38696" name="DECLARED_NUMERIC_SCALE" type="//@dataTypes[name='INTEGER']" dataType="INTEGER" typeName="INTEGER" columnSize="32" decimalDigits="0" numPrecRadix="2" nullable="1" charOctetLength="32" ordinalPosition="24" isNullable="YES" isAutoincrement="NO" isGeneratedcolumn="NO"/>
        <columns uuid="6649e7b7-7e1f-43e0-8770-fbaf58227b77" name="GEOMETRY_TYPE" type="//@dataTypes[name='CHARACTER%20VARYING']" dataType="VARCHAR" typeName="CHARACTER VARYING" columnSize="1000000000" decimalDigits="0" nullable="1" charOctetLength="1000000000" ordinalPosition="25" isNullable="YES" isAutoincrement="NO" isGeneratedcolumn="NO"/>
        <columns uuid="f9ac2634-4c75-4026-ba7d-a2ccf516b0b1" name="GEOMETRY_SRID" type="//@dataTypes[name='INTEGER']" dataType="INTEGER" typeName="INTEGER" columnSize="32" decimalDigits="0" numPrecRadix="2" nullable="1" charOctetLength="32" ordinalPosition="26" isNullable="YES" isAutoincrement="NO" isGeneratedcolumn="NO"/>
        <columns uuid="56872b20-ae70-4ef2-8b44-a689ff72bf22" name="REMARKS" type="//@dataTypes[name='CHARACTER%20VARYING']" dataType="VARCHAR" typeName="CHARACTER VARYING" columnSize="1000000000" decimalDigits="0" nullable="1" charOctetLength="1000000000" ordinalPosition="27" isNullable="YES" isAutoincrement="NO" isGeneratedcolumn="NO"/>
      </tables>
      <tables uuid="eddb2ded-969d-48ac-b906-ff9e922ced3c" name="ENUM_VALUES">
        <columns uuid="c642a376-4978-4538-89cb-c3a96d4dbfff" name="OBJECT_CATALOG" type="//@dataTypes[name='CHARACTER%20VARYING']" dataType="VARCHAR" typeName="CHARACTER VARYING" columnSize="1000000000" decimalDigits="0" nullable="1" charOctetLength="1000000000" ordinalPosition="1" isNullable="YES" isAutoincrement="NO" isGeneratedcolumn="NO"/>
        <columns uuid="6c115dcb-197c-4686-8238-564e9b7eeb93" name="OBJECT_SCHEMA" type="//@dataTypes[name='CHARACTER%20VARYING']" dataType="VARCHAR" typeName="CHARACTER VARYING" columnSize="1000000000" decimalDigits="0" nullable="1" charOctetLength="1000000000" ordinalPosition="2" isNullable="YES" isAutoincrement="NO" isGeneratedcolumn="NO"/>
        <columns uuid="deb9b84d-6a13-4c53-be5a-fbd9f7c5f2b7" name="OBJECT_NAME" type="//@dataTypes[name='CHARACTER%20VARYING']" dataType="VARCHAR" typeName="CHARACTER VARYING" columnSize="1000000000" decimalDigits="0" nullable="1" charOctetLength="1000000000" ordinalPosition="3" isNullable="YES" isAutoincrement="NO" isGeneratedcolumn="NO"/>
        <columns uuid="d1ddedb7-4ba9-4dbd-989a-310ce03f64fa" name="OBJECT_TYPE" type="//@dataTypes[name='CHARACTER%20VARYING']" dataType="VARCHAR" typeName="CHARACTER VARYING" columnSize="1000000000" decimalDigits="0" nullable="1" charOctetLength="1000000000" ordinalPosition="4" isNullable="YES" isAutoincrement="NO" isGeneratedcolumn="NO"/>
        <columns uuid="429310c5-362a-471d-abbf-deaa950831cf" name="ENUM_IDENTIFIER" type="//@dataTypes[name='CHARACTER%20VARYING']" dataType="VARCHAR" typeName="CHARACTER VARYING" columnSize="1000000000" decimalDigits="0" nullable="1" charOctetLength="1000000000" ordinalPosition="5" isNullable="YES" isAutoincrement="NO" isGeneratedcolumn="NO"/>
        <columns uuid="fe17ff09-31ee-43c1-9035-92cb936d04e2" name="VALUE_NAME" type="//@dataTypes[name='CHARACTER%20VARYING']" dataType="VARCHAR" typeName="CHARACTER VARYING" columnSize="1000000000" decimalDigits="0" nullable="1" charOctetLength="1000000000" ordinalPosition="6" isNullable="YES" isAutoincrement="NO" isGeneratedcolumn="NO"/>
        <columns uuid="4588fe86-e020-4bd8-8dcc-6cb68601c52b" name="VALUE_ORDINAL" type="//@dataTypes[name='CHARACTER%20VARYING']" dataType="VARCHAR" typeName="CHARACTER VARYING" columnSize="1000000000" decimalDigits="0" nullable="1" charOctetLength="1000000000" ordinalPosition="7" isNullable="YES" isAutoincrement="NO" isGeneratedcolumn="NO"/>
      </tables>
      <tables uuid="1e7ae297-29e9-4166-87cc-b99522884d2d" name="INDEXES">
        <columns uuid="4ce845c3-41e4-482c-816e-fd87d83ebaaf" name="INDEX_CATALOG" type="//@dataTypes[name='CHARACTER%20VARYING']" dataType="VARCHAR" typeName="CHARACTER VARYING" columnSize="1000000000" decimalDigits="0" nullable="1" charOctetLength="1000000000" ordinalPosition="1" isNullable="YES" isAutoincrement="NO" isGeneratedcolumn="NO"/>
        <columns uuid="950d8f68-d32b-4f46-9d90-94b099c6b564" name="INDEX_SCHEMA" type="//@dataTypes[name='CHARACTER%20VARYING']" dataType="VARCHAR" typeName="CHARACTER VARYING" columnSize="1000000000" decimalDigits="0" nullable="1" charOctetLength="1000000000" ordinalPosition="2" isNullable="YES" isAutoincrement="NO" isGeneratedcolumn="NO"/>
        <columns uuid="f0653f41-52ac-47e1-886d-0bd7db2d41dc" name="INDEX_NAME" type="//@dataTypes[name='CHARACTER%20VARYING']" dataType="VARCHAR" typeName="CHARACTER VARYING" columnSize="1000000000" decimalDigits="0" nullable="1" charOctetLength="1000000000" ordinalPosition="3" isNullable="YES" isAutoincrement="NO" isGeneratedcolumn="NO"/>
        <columns uuid="74a5c6b6-74c0-44fe-9ad4-dd49120ca2bf" name="TABLE_CATALOG" type="//@dataTypes[name='CHARACTER%20VARYING']" dataType="VARCHAR" typeName="CHARACTER VARYING" columnSize="1000000000" decimalDigits="0" nullable="1" charOctetLength="1000000000" ordinalPosition="4" isNullable="YES" isAutoincrement="NO" isGeneratedcolumn="NO"/>
        <columns uuid="1bc88f6a-5846-460d-88a6-7f66bf297f86" name="TABLE_SCHEMA" type="//@dataTypes[name='CHARACTER%20VARYING']" dataType="VARCHAR" typeName="CHARACTER VARYING" columnSize="1000000000" decimalDigits="0" nullable="1" charOctetLength="1000000000" ordinalPosition="5" isNullable="YES" isAutoincrement="NO" isGeneratedcolumn="NO"/>
        <columns uuid="fa1bf92f-e9fb-40fd-ba55-9799b672848c" name="TABLE_NAME" type="//@dataTypes[name='CHARACTER%20VARYING']" dataType="VARCHAR" typeName="CHARACTER VARYING" columnSize="1000000000" decimalDigits="0" nullable="1" charOctetLength="1000000000" ordinalPosition="6" isNullable="YES" isAutoincrement="NO" isGeneratedcolumn="NO"/>
        <columns uuid="282f14e1-df4a-4c70-9c3d-ccb52901643f" name="INDEX_TYPE_NAME" type="//@dataTypes[name='CHARACTER%20VARYING']" dataType="VARCHAR" typeName="CHARACTER VARYING" columnSize="1000000000" decimalDigits="0" nullable="1" charOctetLength="1000000000" ordinalPosition="7" isNullable="YES" isAutoincrement="NO" isGeneratedcolumn="NO"/>
        <columns uuid="d0fd07f8-89e4-4642-b21d-c95ec85e613a" name="NULLS_DISTINCT" type="//@dataTypes[name='CHARACTER%20VARYING']" dataType="VARCHAR" typeName="CHARACTER VARYING" columnSize="1000000000" decimalDigits="0" nullable="1" charOctetLength="1000000000" ordinalPosition="8" isNullable="YES" isAutoincrement="NO" isGeneratedcolumn="NO"/>
        <columns uuid="3300708c-f2c5-4ede-9b7b-2b236790b030" name="IS_GENERATED" type="//@dataTypes[name='BOOLEAN']" dataType="BOOLEAN" typeName="BOOLEAN" columnSize="1" decimalDigits="0" nullable="1" charOctetLength="1" ordinalPosition="9" isNullable="YES" isAutoincrement="NO" isGeneratedcolumn="NO"/>
        <columns uuid="500d5daa-461a-4bf2-ade7-4a056c4d2fe0" name="REMARKS" type="//@dataTypes[name='CHARACTER%20VARYING']" dataType="VARCHAR" typeName="CHARACTER VARYING" columnSize="1000000000" decimalDigits="0" nullable="1" charOctetLength="1000000000" ordinalPosition="10" isNullable="YES" isAutoincrement="NO" isGeneratedcolumn="NO"/>
        <columns uuid="d3e64e98-71fd-489a-af5e-07a4468435e5" name="INDEX_CLASS" type="//@dataTypes[name='CHARACTER%20VARYING']" dataType="VARCHAR" typeName="CHARACTER VARYING" columnSize="1000000000" decimalDigits="0" nullable="1" charOctetLength="1000000000" ordinalPosition="11" isNullable="YES" isAutoincrement="NO" isGeneratedcolumn="NO"/>
      </tables>
      <tables uuid="938af47c-031e-41ba-bb72-66260f03c1d2" name="INDEX_COLUMNS">
        <columns uuid="7837fa98-4e5e-407a-b181-f28be197a6c5" name="INDEX_CATALOG" type="//@dataTypes[name='CHARACTER%20VARYING']" dataType="VARCHAR" typeName="CHARACTER VARYING" columnSize="1000000000" decimalDigits="0" nullable="1" charOctetLength="1000000000" ordinalPosition="1" isNullable="YES" isAutoincrement="NO" isGeneratedcolumn="NO"/>
        <columns uuid="0814264e-f14b-46d3-a3e4-695b097d348d" name="INDEX_SCHEMA" type="//@dataTypes[name='CHARACTER%20VARYING']" dataType="VARCHAR" typeName="CHARACTER VARYING" columnSize="1000000000" decimalDigits="0" nullable="1" charOctetLength="1000000000" ordinalPosition="2" isNullable="YES" isAutoincrement="NO" isGeneratedcolumn="NO"/>
        <columns uuid="dcba4612-aa40-4e54-81e5-978ad46c9e9b" name="INDEX_NAME" type="//@dataTypes[name='CHARACTER%20VARYING']" dataType="VARCHAR" typeName="CHARACTER VARYING" columnSize="1000000000" decimalDigits="0" nullable="1" charOctetLength="1000000000" ordinalPosition="3" isNullable="YES" isAutoincrement="NO" isGeneratedcolumn="NO"/>
        <columns uuid="2ecb1b34-d3a9-4696-98c7-2ae9cc52f217" name="TABLE_CATALOG" type="//@dataTypes[name='CHARACTER%20VARYING']" dataType="VARCHAR" typeName="CHARACTER VARYING" columnSize="1000000000" decimalDigits="0" nullable="1" charOctetLength="1000000000" ordinalPosition="4" isNullable="YES" isAutoincrement="NO" isGeneratedcolumn="NO"/>
        <columns uuid="2e4cec91-1ae1-4641-b9fd-cb10ea0ebefc" name="TABLE_SCHEMA" type="//@dataTypes[name='CHARACTER%20VARYING']" dataType="VARCHAR" typeName="CHARACTER VARYING" columnSize="1000000000" decimalDigits="0" nullable="1" charOctetLength="1000000000" ordinalPosition="5" isNullable="YES" isAutoincrement="NO" isGeneratedcolumn="NO"/>
        <columns uuid="58642caf-4279-43a2-8304-cd7bbb1c4e96" name="TABLE_NAME" type="//@dataTypes[name='CHARACTER%20VARYING']" dataType="VARCHAR" typeName="CHARACTER VARYING" columnSize="1000000000" decimalDigits="0" nullable="1" charOctetLength="1000000000" ordinalPosition="6" isNullable="YES" isAutoincrement="NO" isGeneratedcolumn="NO"/>
        <columns uuid="bfb5591c-e8d2-4995-995e-ecb2b18b20e9" name="COLUMN_NAME" type="//@dataTypes[name='CHARACTER%20VARYING']" dataType="VARCHAR" typeName="CHARACTER VARYING" columnSize="1000000000" decimalDigits="0" nullable="1" charOctetLength="1000000000" ordinalPosition="7" isNullable="YES" isAutoincrement="NO" isGeneratedcolumn="NO"/>
        <columns uuid="36428188-1dad-4f2d-9a82-6fac9236a891" name="ORDINAL_POSITION" type="//@dataTypes[name='INTEGER']" dataType="INTEGER" typeName="INTEGER" columnSize="32" decimalDigits="0" numPrecRadix="2" nullable="1" charOctetLength="32" ordinalPosition="8" isNullable="YES" isAutoincrement="NO" isGeneratedcolumn="NO"/>
        <columns uuid="3032b75d-a4c1-4e91-94d2-aa5fd8f864a7" name="ORDERING_SPECIFICATION" type="//@dataTypes[name='CHARACTER%20VARYING']" dataType="VARCHAR" typeName="CHARACTER VARYING" columnSize="1000000000" decimalDigits="0" nullable="1" charOctetLength="1000000000" ordinalPosition="9" isNullable="YES" isAutoincrement="NO" isGeneratedcolumn="NO"/>
        <columns uuid="b7b3b4cc-570b-4ce3-86bd-b019aafad588" name="NULL_ORDERING" type="//@dataTypes[name='CHARACTER%20VARYING']" dataType="VARCHAR" typeName="CHARACTER VARYING" columnSize="1000000000" decimalDigits="0" nullable="1" charOctetLength="1000000000" ordinalPosition="10" isNullable="YES" isAutoincrement="NO" isGeneratedcolumn="NO"/>
        <columns uuid="359ab4c1-a901-4f60-9717-937bdf202e25" name="IS_UNIQUE" type="//@dataTypes[name='BOOLEAN']" dataType="BOOLEAN" typeName="BOOLEAN" columnSize="1" decimalDigits="0" nullable="1" charOctetLength="1" ordinalPosition="11" isNullable="YES" isAutoincrement="NO" isGeneratedcolumn="NO"/>
      </tables>
      <tables uuid="9a880cbb-9bac-4cc9-82c9-aadbcdd4762b" name="INFORMATION_SCHEMA_CATALOG_NAME">
        <columns uuid="7d0de890-4796-4864-ace7-0abe396a2177" name="CATALOG_NAME" type="//@dataTypes[name='CHARACTER%20VARYING']" dataType="VARCHAR" typeName="CHARACTER VARYING" columnSize="1000000000" decimalDigits="0" nullable="1" charOctetLength="1000000000" ordinalPosition="1" isNullable="YES" isAutoincrement="NO" isGeneratedcolumn="NO"/>
      </tables>
      <tables uuid="65ff8bd6-268f-4c8e-9e27-940633eb14a4" name="IN_DOUBT">
        <columns uuid="92b25a42-9f20-49e5-9600-1965d22a8497" name="TRANSACTION_NAME" type="//@dataTypes[name='CHARACTER%20VARYING']" dataType="VARCHAR" typeName="CHARACTER VARYING" columnSize="1000000000" decimalDigits="0" nullable="1" charOctetLength="1000000000" ordinalPosition="1" isNullable="YES" isAutoincrement="NO" isGeneratedcolumn="NO"/>
        <columns uuid="70da3d26-d1cb-4ec0-af5b-49e06e7063ae" name="TRANSACTION_STATE" type="//@dataTypes[name='CHARACTER%20VARYING']" dataType="VARCHAR" typeName="CHARACTER VARYING" columnSize="1000000000" decimalDigits="0" nullable="1" charOctetLength="1000000000" ordinalPosition="2" isNullable="YES" isAutoincrement="NO" isGeneratedcolumn="NO"/>
      </tables>
      <tables uuid="d2faf957-f01b-4afb-9c24-ce14dad35cc6" name="LOCKS">
        <columns uuid="d942e865-877c-4f18-95dc-55e9ba4887f1" name="TABLE_SCHEMA" type="//@dataTypes[name='CHARACTER%20VARYING']" dataType="VARCHAR" typeName="CHARACTER VARYING" columnSize="1000000000" decimalDigits="0" nullable="1" charOctetLength="1000000000" ordinalPosition="1" isNullable="YES" isAutoincrement="NO" isGeneratedcolumn="NO"/>
        <columns uuid="49022ab5-0af1-4ffe-a335-4d2b72e20a07" name="TABLE_NAME" type="//@dataTypes[name='CHARACTER%20VARYING']" dataType="VARCHAR" typeName="CHARACTER VARYING" columnSize="1000000000" decimalDigits="0" nullable="1" charOctetLength="1000000000" ordinalPosition="2" isNullable="YES" isAutoincrement="NO" isGeneratedcolumn="NO"/>
        <columns uuid="8aea87cd-b12a-439a-8d7b-360d1f922aba" name="SESSION_ID" type="//@dataTypes[name='INTEGER']" dataType="INTEGER" typeName="INTEGER" columnSize="32" decimalDigits="0" numPrecRadix="2" nullable="1" charOctetLength="32" ordinalPosition="3" isNullable="YES" isAutoincrement="NO" isGeneratedcolumn="NO"/>
        <columns uuid="de312953-5e2c-4cbd-9d86-5f01261ef6a2" name="LOCK_TYPE" type="//@dataTypes[name='CHARACTER%20VARYING']" dataType="VARCHAR" typeName="CHARACTER VARYING" columnSize="1000000000" decimalDigits="0" nullable="1" charOctetLength="1000000000" ordinalPosition="4" isNullable="YES" isAutoincrement="NO" isGeneratedcolumn="NO"/>
      </tables>
      <tables uuid="55c89354-f036-4220-8889-4fa194383f59" name="QUERY_STATISTICS">
        <columns uuid="5fde12ef-aff1-40a9-88ae-393b542f0436" name="SQL_STATEMENT" type="//@dataTypes[name='CHARACTER%20VARYING']" dataType="VARCHAR" typeName="CHARACTER VARYING" columnSize="1000000000" decimalDigits="0" nullable="1" charOctetLength="1000000000" ordinalPosition="1" isNullable="YES" isAutoincrement="NO" isGeneratedcolumn="NO"/>
        <columns uuid="2b1dbe73-152f-482e-8071-20259d46de1b" name="EXECUTION_COUNT" type="//@dataTypes[name='INTEGER']" dataType="INTEGER" typeName="INTEGER" columnSize="32" decimalDigits="0" numPrecRadix="2" nullable="1" charOctetLength="32" ordinalPosition="2" isNullable="YES" isAutoincrement="NO" isGeneratedcolumn="NO"/>
        <columns uuid="cdea63ab-928c-42ab-a4ed-df9477cc7da8" name="MIN_EXECUTION_TIME" type="//@dataTypes[name='DOUBLE%20PRECISION']" dataType="DOUBLE" typeName="DOUBLE PRECISION" columnSize="53" decimalDigits="0" numPrecRadix="2" nullable="1" charOctetLength="53" ordinalPosition="3" isNullable="YES" isAutoincrement="NO" isGeneratedcolumn="NO"/>
        <columns uuid="5ae8e198-7c70-46bf-958a-4ca22a1d9c49" name="MAX_EXECUTION_TIME" type="//@dataTypes[name='DOUBLE%20PRECISION']" dataType="DOUBLE" typeName="DOUBLE PRECISION" columnSize="53" decimalDigits="0" numPrecRadix="2" nullable="1" charOctetLength="53" ordinalPosition="4" isNullable="YES" isAutoincrement="NO" isGeneratedcolumn="NO"/>
        <columns uuid="03a498ce-e024-4852-98cd-654d80cfbf5f" name="CUMULATIVE_EXECUTION_TIME" type="//@dataTypes[name='DOUBLE%20PRECISION']" dataType="DOUBLE" typeName="DOUBLE PRECISION" columnSize="53" decimalDigits="0" numPrecRadix="2" nullable="1" charOctetLength="53" ordinalPosition="5" isNullable="YES" isAutoincrement="NO" isGeneratedcolumn="NO"/>
        <columns uuid="f59b5b7e-d272-406f-af5b-028943ce068a" name="AVERAGE_EXECUTION_TIME" type="//@dataTypes[name='DOUBLE%20PRECISION']" dataType="DOUBLE" typeName="DOUBLE PRECISION" columnSize="53" decimalDigits="0" numPrecRadix="2" nullable="1" charOctetLength="53" ordinalPosition="6" isNullable="YES" isAutoincrement="NO" isGeneratedcolumn="NO"/>
        <columns uuid="5d337565-3aa2-46cf-9f74-86c7cdc99b40" name="STD_DEV_EXECUTION_TIME" type="//@dataTypes[name='DOUBLE%20PRECISION']" dataType="DOUBLE" typeName="DOUBLE PRECISION" columnSize="53" decimalDigits="0" numPrecRadix="2" nullable="1" charOctetLength="53" ordinalPosition="7" isNullable="YES" isAutoincrement="NO" isGeneratedcolumn="NO"/>
        <columns uuid="8badf58a-1e42-44b8-bd43-33d86549fbbd" name="MIN_ROW_COUNT" type="//@dataTypes[name='BIGINT']" dataType="BIGINT" typeName="BIGINT" columnSize="64" decimalDigits="0" numPrecRadix="2" nullable="1" charOctetLength="64" ordinalPosition="8" isNullable="YES" isAutoincrement="NO" isGeneratedcolumn="NO"/>
        <columns uuid="28f1bab2-644d-4072-9843-62f00d83f7fd" name="MAX_ROW_COUNT" type="//@dataTypes[name='BIGINT']" dataType="BIGINT" typeName="BIGINT" columnSize="64" decimalDigits="0" numPrecRadix="2" nullable="1" charOctetLength="64" ordinalPosition="9" isNullable="YES" isAutoincrement="NO" isGeneratedcolumn="NO"/>
        <columns uuid="a5a5ca61-a15f-4d18-b9f5-23049b86535d" name="CUMULATIVE_ROW_COUNT" type="//@dataTypes[name='BIGINT']" dataType="BIGINT" typeName="BIGINT" columnSize="64" decimalDigits="0" numPrecRadix="2" nullable="1" charOctetLength="64" ordinalPosition="10" isNullable="YES" isAutoincrement="NO" isGeneratedcolumn="NO"/>
        <columns uuid="01a39f66-4f9c-4db8-abd5-78c1f7097f4a" name="AVERAGE_ROW_COUNT" type="//@dataTypes[name='DOUBLE%20PRECISION']" dataType="DOUBLE" typeName="DOUBLE PRECISION" columnSize="53" decimalDigits="0" numPrecRadix="2" nullable="1" charOctetLength="53" ordinalPosition="11" isNullable="YES" isAutoincrement="NO" isGeneratedcolumn="NO"/>
        <columns uuid="166a8916-ba5b-478c-9c32-e8a07401d75c" name="STD_DEV_ROW_COUNT" type="//@dataTypes[name='DOUBLE%20PRECISION']" dataType="DOUBLE" typeName="DOUBLE PRECISION" columnSize="53" decimalDigits="0" numPrecRadix="2" nullable="1" charOctetLength="53" ordinalPosition="12" isNullable="YES" isAutoincrement="NO" isGeneratedcolumn="NO"/>
      </tables>
      <tables uuid="e4305cba-73e4-42ad-91aa-714256c426c6" name="RIGHTS">
        <columns uuid="21189998-7b7a-415e-b78b-f904fe638179" name="GRANTEE" type="//@dataTypes[name='CHARACTER%20VARYING']" dataType="VARCHAR" typeName="CHARACTER VARYING" columnSize="1000000000" decimalDigits="0" nullable="1" charOctetLength="1000000000" ordinalPosition="1" isNullable="YES" isAutoincrement="NO" isGeneratedcolumn="NO"/>
        <columns uuid="1229088c-863b-47ab-9bdf-76f0dfbf771c" name="GRANTEETYPE" type="//@dataTypes[name='CHARACTER%20VARYING']" dataType="VARCHAR" typeName="CHARACTER VARYING" columnSize="1000000000" decimalDigits="0" nullable="1" charOctetLength="1000000000" ordinalPosition="2" isNullable="YES" isAutoincrement="NO" isGeneratedcolumn="NO"/>
        <columns uuid="0e5f7b20-b26b-4c40-a170-ef40039f34dd" name="GRANTEDROLE" type="//@dataTypes[name='CHARACTER%20VARYING']" dataType="VARCHAR" typeName="CHARACTER VARYING" columnSize="1000000000" decimalDigits="0" nullable="1" charOctetLength="1000000000" ordinalPosition="3" isNullable="YES" isAutoincrement="NO" isGeneratedcolumn="NO"/>
        <columns uuid="e573d4b0-8665-4ba1-9291-453500c9ba27" name="RIGHTS" type="//@dataTypes[name='CHARACTER%20VARYING']" dataType="VARCHAR" typeName="CHARACTER VARYING" columnSize="1000000000" decimalDigits="0" nullable="1" charOctetLength="1000000000" ordinalPosition="4" isNullable="YES" isAutoincrement="NO" isGeneratedcolumn="NO"/>
        <columns uuid="bc78ab44-e9c7-4792-b5a5-566dfbdd23b4" name="TABLE_SCHEMA" type="//@dataTypes[name='CHARACTER%20VARYING']" dataType="VARCHAR" typeName="CHARACTER VARYING" columnSize="1000000000" decimalDigits="0" nullable="1" charOctetLength="1000000000" ordinalPosition="5" isNullable="YES" isAutoincrement="NO" isGeneratedcolumn="NO"/>
        <columns uuid="def57ca7-d437-45b5-b1b3-8ad8118dc056" name="TABLE_NAME" type="//@dataTypes[name='CHARACTER%20VARYING']" dataType="VARCHAR" typeName="CHARACTER VARYING" columnSize="1000000000" decimalDigits="0" nullable="1" charOctetLength="1000000000" ordinalPosition="6" isNullable="YES" isAutoincrement="NO" isGeneratedcolumn="NO"/>
      </tables>
      <tables uuid="d50dc3f8-cd49-4d7d-b8ea-deaf75fb0f35" name="ROLES">
        <columns uuid="0deea122-6bd6-44db-8e99-4bd648b3577f" name="ROLE_NAME" type="//@dataTypes[name='CHARACTER%20VARYING']" dataType="VARCHAR" typeName="CHARACTER VARYING" columnSize="1000000000" decimalDigits="0" nullable="1" charOctetLength="1000000000" ordinalPosition="1" isNullable="YES" isAutoincrement="NO" isGeneratedcolumn="NO"/>
        <columns uuid="efe7eff2-1769-45ea-b171-eef8d9c8d379" name="REMARKS" type="//@dataTypes[name='CHARACTER%20VARYING']" dataType="VARCHAR" typeName="CHARACTER VARYING" columnSize="1000000000" decimalDigits="0" nullable="1" charOctetLength="1000000000" ordinalPosition="2" isNullable="YES" isAutoincrement="NO" isGeneratedcolumn="NO"/>
      </tables>
      <tables uuid="cb2a73a2-9b21-4cf1-8eb9-c29243f876b5" name="SESSIONS">
        <columns uuid="5623c266-d2cc-4255-acb7-64e5a84b09f7" name="SESSION_ID" type="//@dataTypes[name='INTEGER']" dataType="INTEGER" typeName="INTEGER" columnSize="32" decimalDigits="0" numPrecRadix="2" nullable="1" charOctetLength="32" ordinalPosition="1" isNullable="YES" isAutoincrement="NO" isGeneratedcolumn="NO"/>
        <columns uuid="1b4d5151-e432-4e13-8649-1e139a8c881c" name="USER_NAME" type="//@dataTypes[name='CHARACTER%20VARYING']" dataType="VARCHAR" typeName="CHARACTER VARYING" columnSize="1000000000" decimalDigits="0" nullable="1" charOctetLength="1000000000" ordinalPosition="2" isNullable="YES" isAutoincrement="NO" isGeneratedcolumn="NO"/>
        <columns uuid="f536e3d2-89ea-4dda-963f-a4e118d7d818" name="SERVER" type="//@dataTypes[name='CHARACTER%20VARYING']" dataType="VARCHAR" typeName="CHARACTER VARYING" columnSize="1000000000" decimalDigits="0" nullable="1" charOctetLength="1000000000" ordinalPosition="3" isNullable="YES" isAutoincrement="NO" isGeneratedcolumn="NO"/>
        <columns uuid="b3b17a9e-efa6-4330-91a3-36e8fb556fb9" name="CLIENT_ADDR" type="//@dataTypes[name='CHARACTER%20VARYING']" dataType="VARCHAR" typeName="CHARACTER VARYING" columnSize="1000000000" decimalDigits="0" nullable="1" charOctetLength="1000000000" ordinalPosition="4" isNullable="YES" isAutoincrement="NO" isGeneratedcolumn="NO"/>
        <columns uuid="4259ef74-a5c7-4c33-8896-320b8515e9a7" name="CLIENT_INFO" type="//@dataTypes[name='CHARACTER%20VARYING']" dataType="VARCHAR" typeName="CHARACTER VARYING" columnSize="1000000000" decimalDigits="0" nullable="1" charOctetLength="1000000000" ordinalPosition="5" isNullable="YES" isAutoincrement="NO" isGeneratedcolumn="NO"/>
        <columns uuid="e7d94e17-8fd9-41e8-b8c2-5d756863147f" name="SESSION_START" type="//@dataTypes[name='TIMESTAMP%20WITH%20TIME%20ZONE']" dataType="TIMESTAMP_WITH_TIMEZONE" typeName="TIMESTAMP WITH TIME ZONE" columnSize="35" decimalDigits="9" nullable="1" charOctetLength="35" ordinalPosition="6" isNullable="YES" isAutoincrement="NO" isGeneratedcolumn="NO"/>
        <columns uuid="99881613-8f2c-4241-b66d-12c1fd7b458a" name="ISOLATION_LEVEL" type="//@dataTypes[name='CHARACTER%20VARYING']" dataType="VARCHAR" typeName="CHARACTER VARYING" columnSize="1000000000" decimalDigits="0" nullable="1" charOctetLength="1000000000" ordinalPosition="7" isNullable="YES" isAutoincrement="NO" isGeneratedcolumn="NO"/>
        <columns uuid="3eb0297b-a254-4a60-93e7-653b32fb685d" name="EXECUTING_STATEMENT" type="//@dataTypes[name='CHARACTER%20VARYING']" dataType="VARCHAR" typeName="CHARACTER VARYING" columnSize="1000000000" decimalDigits="0" nullable="1" charOctetLength="1000000000" ordinalPosition="8" isNullable="YES" isAutoincrement="NO" isGeneratedcolumn="NO"/>
        <columns uuid="ad3e8cdc-fbe8-4593-a627-d09aacb470a0" name="EXECUTING_STATEMENT_START" type="//@dataTypes[name='TIMESTAMP%20WITH%20TIME%20ZONE']" dataType="TIMESTAMP_WITH_TIMEZONE" typeName="TIMESTAMP WITH TIME ZONE" columnSize="35" decimalDigits="9" nullable="1" charOctetLength="35" ordinalPosition="9" isNullable="YES" isAutoincrement="NO" isGeneratedcolumn="NO"/>
        <columns uuid="e2a52a51-202c-4749-bb28-c91828535660" name="CONTAINS_UNCOMMITTED" type="//@dataTypes[name='BOOLEAN']" dataType="BOOLEAN" typeName="BOOLEAN" columnSize="1" decimalDigits="0" nullable="1" charOctetLength="1" ordinalPosition="10" isNullable="YES" isAutoincrement="NO" isGeneratedcolumn="NO"/>
        <columns uuid="b7afed57-de12-40f0-b3c9-f3ccf676b0f5" name="SESSION_STATE" type="//@dataTypes[name='CHARACTER%20VARYING']" dataType="VARCHAR" typeName="CHARACTER VARYING" columnSize="1000000000" decimalDigits="0" nullable="1" charOctetLength="1000000000" ordinalPosition="11" isNullable="YES" isAutoincrement="NO" isGeneratedcolumn="NO"/>
        <columns uuid="73d3f482-08d2-40e4-a21f-a4596236c78e" name="BLOCKER_ID" type="//@dataTypes[name='INTEGER']" dataType="INTEGER" typeName="INTEGER" columnSize="32" decimalDigits="0" numPrecRadix="2" nullable="1" charOctetLength="32" ordinalPosition="12" isNullable="YES" isAutoincrement="NO" isGeneratedcolumn="NO"/>
        <columns uuid="45f396ab-1caf-4a36-926c-8d9619fd6eb9" name="SLEEP_SINCE" type="//@dataTypes[name='TIMESTAMP%20WITH%20TIME%20ZONE']" dataType="TIMESTAMP_WITH_TIMEZONE" typeName="TIMESTAMP WITH TIME ZONE" columnSize="35" decimalDigits="9" nullable="1" charOctetLength="35" ordinalPosition="13" isNullable="YES" isAutoincrement="NO" isGeneratedcolumn="NO"/>
      </tables>
      <tables uuid="135a1126-dee2-40f8-af6e-07b4ce10fe01" name="SESSION_STATE">
        <columns uuid="29ca38bc-e9ee-4e21-8ac9-4d0c6f77e77b" name="STATE_KEY" type="//@dataTypes[name='CHARACTER%20VARYING']" dataType="VARCHAR" typeName="CHARACTER VARYING" columnSize="1000000000" decimalDigits="0" nullable="1" charOctetLength="1000000000" ordinalPosition="1" isNullable="YES" isAutoincrement="NO" isGeneratedcolumn="NO"/>
        <columns uuid="aea81e3e-5c44-4326-841a-aa0cd64c5286" name="STATE_COMMAND" type="//@dataTypes[name='CHARACTER%20VARYING']" dataType="VARCHAR" typeName="CHARACTER VARYING" columnSize="1000000000" decimalDigits="0" nullable="1" charOctetLength="1000000000" ordinalPosition="2" isNullable="YES" isAutoincrement="NO" isGeneratedcolumn="NO"/>
      </tables>
      <tables uuid="6edf4e0a-26a4-4b33-96cd-a803232478b2" name="SETTINGS">
        <columns uuid="b24458d5-c272-4517-a733-78225132868f" name="SETTING_NAME" type="//@dataTypes[name='CHARACTER%20VARYING']" dataType="VARCHAR" typeName="CHARACTER VARYING" columnSize="1000000000" decimalDigits="0" nullable="1" charOctetLength="1000000000" ordinalPosition="1" isNullable="YES" isAutoincrement="NO" isGeneratedcolumn="NO"/>
        <columns uuid="72f94237-2f16-4859-b170-152cfcf544b9" name="SETTING_VALUE" type="//@dataTypes[name='CHARACTER%20VARYING']" dataType="VARCHAR" typeName="CHARACTER VARYING" columnSize="1000000000" decimalDigits="0" nullable="1" charOctetLength="1000000000" ordinalPosition="2" isNullable="YES" isAutoincrement="NO" isGeneratedcolumn="NO"/>
      </tables>
      <tables uuid="9893ea5e-bf50-415c-afab-5ae1c900d938" name="SYNONYMS">
        <columns uuid="7edd56dc-cb91-458c-a63e-f9b873d53ca3" name="SYNONYM_CATALOG" type="//@dataTypes[name='CHARACTER%20VARYING']" dataType="VARCHAR" typeName="CHARACTER VARYING" columnSize="1000000000" decimalDigits="0" nullable="1" charOctetLength="1000000000" ordinalPosition="1" isNullable="YES" isAutoincrement="NO" isGeneratedcolumn="NO"/>
        <columns uuid="b2c7e39b-546d-49b3-9920-c1c66043c5d1" name="SYNONYM_SCHEMA" type="//@dataTypes[name='CHARACTER%20VARYING']" dataType="VARCHAR" typeName="CHARACTER VARYING" columnSize="1000000000" decimalDigits="0" nullable="1" charOctetLength="1000000000" ordinalPosition="2" isNullable="YES" isAutoincrement="NO" isGeneratedcolumn="NO"/>
        <columns uuid="7ac4d842-e23a-49e6-bb0b-22e4c091eb6a" name="SYNONYM_NAME" type="//@dataTypes[name='CHARACTER%20VARYING']" dataType="VARCHAR" typeName="CHARACTER VARYING" columnSize="1000000000" decimalDigits="0" nullable="1" charOctetLength="1000000000" ordinalPosition="3" isNullable="YES" isAutoincrement="NO" isGeneratedcolumn="NO"/>
        <columns uuid="735c6a54-ed8c-4e47-aa80-ed91c805fd1f" name="SYNONYM_FOR" type="//@dataTypes[name='CHARACTER%20VARYING']" dataType="VARCHAR" typeName="CHARACTER VARYING" columnSize="1000000000" decimalDigits="0" nullable="1" charOctetLength="1000000000" ordinalPosition="4" isNullable="YES" isAutoincrement="NO" isGeneratedcolumn="NO"/>
        <columns uuid="7f7d2fd3-b507-4f9c-98e7-198f8a196c33" name="SYNONYM_FOR_SCHEMA" type="//@dataTypes[name='CHARACTER%20VARYING']" dataType="VARCHAR" typeName="CHARACTER VARYING" columnSize="1000000000" decimalDigits="0" nullable="1" charOctetLength="1000000000" ordinalPosition="5" isNullable="YES" isAutoincrement="NO" isGeneratedcolumn="NO"/>
        <columns uuid="2dbd0a5b-557e-46e6-95c3-6c4eb3a52d2e" name="TYPE_NAME" type="//@dataTypes[name='CHARACTER%20VARYING']" dataType="VARCHAR" typeName="CHARACTER VARYING" columnSize="1000000000" decimalDigits="0" nullable="1" charOctetLength="1000000000" ordinalPosition="6" isNullable="YES" isAutoincrement="NO" isGeneratedcolumn="NO"/>
        <columns uuid="2fcd9096-c177-453e-9517-55494d6822a3" name="STATUS" type="//@dataTypes[name='CHARACTER%20VARYING']" dataType="VARCHAR" typeName="CHARACTER VARYING" columnSize="1000000000" decimalDigits="0" nullable="1" charOctetLength="1000000000" ordinalPosition="7" isNullable="YES" isAutoincrement="NO" isGeneratedcolumn="NO"/>
        <columns uuid="41d58b0a-ea7e-48c3-bfdf-3f7003eaffc0" name="REMARKS" type="//@dataTypes[name='CHARACTER%20VARYING']" dataType="VARCHAR" typeName="CHARACTER VARYING" columnSize="1000000000" decimalDigits="0" nullable="1" charOctetLength="1000000000" ordinalPosition="8" isNullable="YES" isAutoincrement="NO" isGeneratedcolumn="NO"/>
      </tables>
      <tables uuid="047834d0-1f14-46b8-bd61-7a851114bc21" name="USERS">
        <columns uuid="4a841b33-0f96-4d7e-beee-c22999fe55c9" name="USER_NAME" type="//@dataTypes[name='CHARACTER%20VARYING']" dataType="VARCHAR" typeName="CHARACTER VARYING" columnSize="1000000000" decimalDigits="0" nullable="1" charOctetLength="1000000000" ordinalPosition="1" isNullable="YES" isAutoincrement="NO" isGeneratedcolumn="NO"/>
        <columns uuid="4b14e0f6-7548-4774-8976-e4835a7711e4" name="IS_ADMIN" type="//@dataTypes[name='BOOLEAN']" dataType="BOOLEAN" typeName="BOOLEAN" columnSize="1" decimalDigits="0" nullable="1" charOctetLength="1" ordinalPosition="2" isNullable="YES" isAutoincrement="NO" isGeneratedcolumn="NO"/>
        <columns uuid="d3745339-a82b-4228-a2f1-7561ddad954e" name="REMARKS" type="//@dataTypes[name='CHARACTER%20VARYING']" dataType="VARCHAR" typeName="CHARACTER VARYING" columnSize="1000000000" decimalDigits="0" nullable="1" charOctetLength="1000000000" ordinalPosition="3" isNullable="YES" isAutoincrement="NO" isGeneratedcolumn="NO"/>
      </tables>
      <tables uuid="122b12a9-d656-46b4-b5b1-711b17da6f07" name="CHECK_CONSTRAINTS">
        <columns uuid="66ffe2ae-0915-4b43-a44c-c075fcfd33f6" name="CONSTRAINT_CATALOG" type="//@dataTypes[name='CHARACTER%20VARYING']" dataType="VARCHAR" typeName="CHARACTER VARYING" columnSize="1000000000" decimalDigits="0" nullable="1" charOctetLength="1000000000" ordinalPosition="1" isNullable="YES" isAutoincrement="NO" isGeneratedcolumn="NO"/>
        <columns uuid="c0c58b48-0607-405e-95bc-df037d6461e8" name="CONSTRAINT_SCHEMA" type="//@dataTypes[name='CHARACTER%20VARYING']" dataType="VARCHAR" typeName="CHARACTER VARYING" columnSize="1000000000" decimalDigits="0" nullable="1" charOctetLength="1000000000" ordinalPosition="2" isNullable="YES" isAutoincrement="NO" isGeneratedcolumn="NO"/>
        <columns uuid="83324ee6-de4c-4dae-b4ae-d475b8164629" name="CONSTRAINT_NAME" type="//@dataTypes[name='CHARACTER%20VARYING']" dataType="VARCHAR" typeName="CHARACTER VARYING" columnSize="1000000000" decimalDigits="0" nullable="1" charOctetLength="1000000000" ordinalPosition="3" isNullable="YES" isAutoincrement="NO" isGeneratedcolumn="NO"/>
        <columns uuid="e175c09d-2d4d-4654-bacc-53d489b5f418" name="CHECK_CLAUSE" type="//@dataTypes[name='CHARACTER%20VARYING']" dataType="VARCHAR" typeName="CHARACTER VARYING" columnSize="1000000000" decimalDigits="0" nullable="1" charOctetLength="1000000000" ordinalPosition="4" isNullable="YES" isAutoincrement="NO" isGeneratedcolumn="NO"/>
      </tables>
      <tables uuid="a24549c3-0d98-46e9-9112-6abd3af937ee" name="COLLATIONS">
        <columns uuid="44a96c81-8a8d-46eb-ad7a-9514e7d40cd2" name="COLLATION_CATALOG" type="//@dataTypes[name='CHARACTER%20VARYING']" dataType="VARCHAR" typeName="CHARACTER VARYING" columnSize="1000000000" decimalDigits="0" nullable="1" charOctetLength="1000000000" ordinalPosition="1" isNullable="YES" isAutoincrement="NO" isGeneratedcolumn="NO"/>
        <columns uuid="66641568-1ac1-4f58-b150-f4b21a9b431d" name="COLLATION_SCHEMA" type="//@dataTypes[name='CHARACTER%20VARYING']" dataType="VARCHAR" typeName="CHARACTER VARYING" columnSize="1000000000" decimalDigits="0" nullable="1" charOctetLength="1000000000" ordinalPosition="2" isNullable="YES" isAutoincrement="NO" isGeneratedcolumn="NO"/>
        <columns uuid="79777e80-24eb-4f92-b353-10e34c494d94" name="COLLATION_NAME" type="//@dataTypes[name='CHARACTER%20VARYING']" dataType="VARCHAR" typeName="CHARACTER VARYING" columnSize="1000000000" decimalDigits="0" nullable="1" charOctetLength="1000000000" ordinalPosition="3" isNullable="YES" isAutoincrement="NO" isGeneratedcolumn="NO"/>
        <columns uuid="a741171b-e826-42c1-824f-14b9a7ae90ca" name="PAD_ATTRIBUTE" type="//@dataTypes[name='CHARACTER%20VARYING']" dataType="VARCHAR" typeName="CHARACTER VARYING" columnSize="1000000000" decimalDigits="0" nullable="1" charOctetLength="1000000000" ordinalPosition="4" isNullable="YES" isAutoincrement="NO" isGeneratedcolumn="NO"/>
        <columns uuid="b23bffbd-b251-45e5-80e8-2a61584c08c6" name="LANGUAGE_TAG" type="//@dataTypes[name='CHARACTER%20VARYING']" dataType="VARCHAR" typeName="CHARACTER VARYING" columnSize="1000000000" decimalDigits="0" nullable="1" charOctetLength="1000000000" ordinalPosition="5" isNullable="YES" isAutoincrement="NO" isGeneratedcolumn="NO"/>
      </tables>
      <tables uuid="597c0d11-caf9-48ce-b7bd-f9d197f3e069" name="COLUMNS">
        <columns uuid="4a8ca4dc-0e3a-4980-b2c7-faf65970ac9a" name="TABLE_CATALOG" type="//@dataTypes[name='CHARACTER%20VARYING']" dataType="VARCHAR" typeName="CHARACTER VARYING" columnSize="1000000000" decimalDigits="0" nullable="1" charOctetLength="1000000000" ordinalPosition="1" isNullable="YES" isAutoincrement="NO" isGeneratedcolumn="NO"/>
        <columns uuid="2c91b7e4-fb71-4937-a75c-7e94ef640ad0" name="TABLE_SCHEMA" type="//@dataTypes[name='CHARACTER%20VARYING']" dataType="VARCHAR" typeName="CHARACTER VARYING" columnSize="1000000000" decimalDigits="0" nullable="1" charOctetLength="1000000000" ordinalPosition="2" isNullable="YES" isAutoincrement="NO" isGeneratedcolumn="NO"/>
        <columns uuid="d9d2af3c-f70c-48bf-adad-d4d6420b94d4" name="TABLE_NAME" type="//@dataTypes[name='CHARACTER%20VARYING']" dataType="VARCHAR" typeName="CHARACTER VARYING" columnSize="1000000000" decimalDigits="0" nullable="1" charOctetLength="1000000000" ordinalPosition="3" isNullable="YES" isAutoincrement="NO" isGeneratedcolumn="NO"/>
        <columns uuid="7712a834-52e5-47a0-a994-cd1cb7112940" name="COLUMN_NAME" type="//@dataTypes[name='CHARACTER%20VARYING']" dataType="VARCHAR" typeName="CHARACTER VARYING" columnSize="1000000000" decimalDigits="0" nullable="1" charOctetLength="1000000000" ordinalPosition="4" isNullable="YES" isAutoincrement="NO" isGeneratedcolumn="NO"/>
        <columns uuid="854ddeb8-f6ef-4cb7-852a-c90f24845043" name="ORDINAL_POSITION" type="//@dataTypes[name='INTEGER']" dataType="INTEGER" typeName="INTEGER" columnSize="32" decimalDigits="0" numPrecRadix="2" nullable="1" charOctetLength="32" ordinalPosition="5" isNullable="YES" isAutoincrement="NO" isGeneratedcolumn="NO"/>
        <columns uuid="0f6f699c-46e7-4d4b-891c-5b35158884ce" name="COLUMN_DEFAULT" type="//@dataTypes[name='CHARACTER%20VARYING']" dataType="VARCHAR" typeName="CHARACTER VARYING" columnSize="1000000000" decimalDigits="0" nullable="1" charOctetLength="1000000000" ordinalPosition="6" isNullable="YES" isAutoincrement="NO" isGeneratedcolumn="NO"/>
        <columns uuid="1c819c36-c83d-4ef1-af00-f38ec6f1d7cf" name="IS_NULLABLE" type="//@dataTypes[name='CHARACTER%20VARYING']" dataType="VARCHAR" typeName="CHARACTER VARYING" columnSize="1000000000" decimalDigits="0" nullable="1" charOctetLength="1000000000" ordinalPosition="7" isNullable="YES" isAutoincrement="NO" isGeneratedcolumn="NO"/>
        <columns uuid="5fa40712-b869-49b5-984a-bd753e25656d" name="DATA_TYPE" type="//@dataTypes[name='CHARACTER%20VARYING']" dataType="VARCHAR" typeName="CHARACTER VARYING" columnSize="1000000000" decimalDigits="0" nullable="1" charOctetLength="1000000000" ordinalPosition="8" isNullable="YES" isAutoincrement="NO" isGeneratedcolumn="NO"/>
        <columns uuid="15a882ef-97a0-4e5b-8bbc-43d1deb97742" name="CHARACTER_MAXIMUM_LENGTH" type="//@dataTypes[name='BIGINT']" dataType="BIGINT" typeName="BIGINT" columnSize="64" decimalDigits="0" numPrecRadix="2" nullable="1" charOctetLength="64" ordinalPosition="9" isNullable="YES" isAutoincrement="NO" isGeneratedcolumn="NO"/>
        <columns uuid="97b04442-e314-4860-a9f6-c5c6af9fb758" name="CHARACTER_OCTET_LENGTH" type="//@dataTypes[name='BIGINT']" dataType="BIGINT" typeName="BIGINT" columnSize="64" decimalDigits="0" numPrecRadix="2" nullable="1" charOctetLength="64" ordinalPosition="10" isNullable="YES" isAutoincrement="NO" isGeneratedcolumn="NO"/>
        <columns uuid="81cdac1b-03aa-48d7-8dbf-d12865a2f133" name="NUMERIC_PRECISION" type="//@dataTypes[name='INTEGER']" dataType="INTEGER" typeName="INTEGER" columnSize="32" decimalDigits="0" numPrecRadix="2" nullable="1" charOctetLength="32" ordinalPosition="11" isNullable="YES" isAutoincrement="NO" isGeneratedcolumn="NO"/>
        <columns uuid="44ed9038-8fe5-4de5-925c-2890d7a62d2d" name="NUMERIC_PRECISION_RADIX" type="//@dataTypes[name='INTEGER']" dataType="INTEGER" typeName="INTEGER" columnSize="32" decimalDigits="0" numPrecRadix="2" nullable="1" charOctetLength="32" ordinalPosition="12" isNullable="YES" isAutoincrement="NO" isGeneratedcolumn="NO"/>
        <columns uuid="254ae842-0a14-4e35-9151-2e9f7161b4e6" name="NUMERIC_SCALE" type="//@dataTypes[name='INTEGER']" dataType="INTEGER" typeName="INTEGER" columnSize="32" decimalDigits="0" numPrecRadix="2" nullable="1" charOctetLength="32" ordinalPosition="13" isNullable="YES" isAutoincrement="NO" isGeneratedcolumn="NO"/>
        <columns uuid="82ec16f8-2ef7-453c-ae98-68befebaaa24" name="DATETIME_PRECISION" type="//@dataTypes[name='INTEGER']" dataType="INTEGER" typeName="INTEGER" columnSize="32" decimalDigits="0" numPrecRadix="2" nullable="1" charOctetLength="32" ordinalPosition="14" isNullable="YES" isAutoincrement="NO" isGeneratedcolumn="NO"/>
        <columns uuid="a2dc5b52-bd2f-4c2c-adb1-a3d14fe615aa" name="INTERVAL_TYPE" type="//@dataTypes[name='CHARACTER%20VARYING']" dataType="VARCHAR" typeName="CHARACTER VARYING" columnSize="1000000000" decimalDigits="0" nullable="1" charOctetLength="1000000000" ordinalPosition="15" isNullable="YES" isAutoincrement="NO" isGeneratedcolumn="NO"/>
        <columns uuid="5cb67b95-a48d-4008-a422-efbedc558543" name="INTERVAL_PRECISION" type="//@dataTypes[name='INTEGER']" dataType="INTEGER" typeName="INTEGER" columnSize="32" decimalDigits="0" numPrecRadix="2" nullable="1" charOctetLength="32" ordinalPosition="16" isNullable="YES" isAutoincrement="NO" isGeneratedcolumn="NO"/>
        <columns uuid="5bdb75fc-29c1-46b7-9574-8d3130076142" name="CHARACTER_SET_CATALOG" type="//@dataTypes[name='CHARACTER%20VARYING']" dataType="VARCHAR" typeName="CHARACTER VARYING" columnSize="1000000000" decimalDigits="0" nullable="1" charOctetLength="1000000000" ordinalPosition="17" isNullable="YES" isAutoincrement="NO" isGeneratedcolumn="NO"/>
        <columns uuid="803f70ad-31f4-4f84-9a3e-ecae32068214" name="CHARACTER_SET_SCHEMA" type="//@dataTypes[name='CHARACTER%20VARYING']" dataType="VARCHAR" typeName="CHARACTER VARYING" columnSize="1000000000" decimalDigits="0" nullable="1" charOctetLength="1000000000" ordinalPosition="18" isNullable="YES" isAutoincrement="NO" isGeneratedcolumn="NO"/>
        <columns uuid="0e5b01ef-076c-43e5-b2c1-a50b3966513a" name="CHARACTER_SET_NAME" type="//@dataTypes[name='CHARACTER%20VARYING']" dataType="VARCHAR" typeName="CHARACTER VARYING" columnSize="1000000000" decimalDigits="0" nullable="1" charOctetLength="1000000000" ordinalPosition="19" isNullable="YES" isAutoincrement="NO" isGeneratedcolumn="NO"/>
        <columns uuid="77c7ec1d-3a96-4cc3-8e43-84ff0e5fc28d" name="COLLATION_CATALOG" type="//@dataTypes[name='CHARACTER%20VARYING']" dataType="VARCHAR" typeName="CHARACTER VARYING" columnSize="1000000000" decimalDigits="0" nullable="1" charOctetLength="1000000000" ordinalPosition="20" isNullable="YES" isAutoincrement="NO" isGeneratedcolumn="NO"/>
        <columns uuid="b0bbcac2-501c-4b2f-ba0d-be8edbfae118" name="COLLATION_SCHEMA" type="//@dataTypes[name='CHARACTER%20VARYING']" dataType="VARCHAR" typeName="CHARACTER VARYING" columnSize="1000000000" decimalDigits="0" nullable="1" charOctetLength="1000000000" ordinalPosition="21" isNullable="YES" isAutoincrement="NO" isGeneratedcolumn="NO"/>
        <columns uuid="9f53af54-eaf1-451d-9bb7-968e7efd1646" name="COLLATION_NAME" type="//@dataTypes[name='CHARACTER%20VARYING']" dataType="VARCHAR" typeName="CHARACTER VARYING" columnSize="1000000000" decimalDigits="0" nullable="1" charOctetLength="1000000000" ordinalPosition="22" isNullable="YES" isAutoincrement="NO" isGeneratedcolumn="NO"/>
        <columns uuid="ed2a66ad-c64a-46c7-a00d-6f0c73b35b6f" name="DOMAIN_CATALOG" type="//@dataTypes[name='CHARACTER%20VARYING']" dataType="VARCHAR" typeName="CHARACTER VARYING" columnSize="1000000000" decimalDigits="0" nullable="1" charOctetLength="1000000000" ordinalPosition="23" isNullable="YES" isAutoincrement="NO" isGeneratedcolumn="NO"/>
        <columns uuid="7f44acf4-af11-4d9d-9204-a47e8e5eeaf7" name="DOMAIN_SCHEMA" type="//@dataTypes[name='CHARACTER%20VARYING']" dataType="VARCHAR" typeName="CHARACTER VARYING" columnSize="1000000000" decimalDigits="0" nullable="1" charOctetLength="1000000000" ordinalPosition="24" isNullable="YES" isAutoincrement="NO" isGeneratedcolumn="NO"/>
        <columns uuid="492fc28f-249e-4edb-85de-81f0e1bf1e5a" name="DOMAIN_NAME" type="//@dataTypes[name='CHARACTER%20VARYING']" dataType="VARCHAR" typeName="CHARACTER VARYING" columnSize="1000000000" decimalDigits="0" nullable="1" charOctetLength="1000000000" ordinalPosition="25" isNullable="YES" isAutoincrement="NO" isGeneratedcolumn="NO"/>
        <columns uuid="3b4ba19f-7c06-49b3-943e-77df6d7b84c3" name="MAXIMUM_CARDINALITY" type="//@dataTypes[name='INTEGER']" dataType="INTEGER" typeName="INTEGER" columnSize="32" decimalDigits="0" numPrecRadix="2" nullable="1" charOctetLength="32" ordinalPosition="26" isNullable="YES" isAutoincrement="NO" isGeneratedcolumn="NO"/>
        <columns uuid="830a2062-2380-4ebf-8f80-7f3e1ef2e684" name="DTD_IDENTIFIER" type="//@dataTypes[name='CHARACTER%20VARYING']" dataType="VARCHAR" typeName="CHARACTER VARYING" columnSize="1000000000" decimalDigits="0" nullable="1" charOctetLength="1000000000" ordinalPosition="27" isNullable="YES" isAutoincrement="NO" isGeneratedcolumn="NO"/>
        <columns uuid="bfa8bc56-c9e9-4635-a265-5f16299f1130" name="IS_IDENTITY" type="//@dataTypes[name='CHARACTER%20VARYING']" dataType="VARCHAR" typeName="CHARACTER VARYING" columnSize="1000000000" decimalDigits="0" nullable="1" charOctetLength="1000000000" ordinalPosition="28" isNullable="YES" isAutoincrement="NO" isGeneratedcolumn="NO"/>
        <columns uuid="0a2bfd08-ae01-4702-81bf-7e50d3c8841a" name="IDENTITY_GENERATION" type="//@dataTypes[name='CHARACTER%20VARYING']" dataType="VARCHAR" typeName="CHARACTER VARYING" columnSize="1000000000" decimalDigits="0" nullable="1" charOctetLength="1000000000" ordinalPosition="29" isNullable="YES" isAutoincrement="NO" isGeneratedcolumn="NO"/>
        <columns uuid="b92efe2e-ed67-41c5-89f3-bbcb7e5e0119" name="IDENTITY_START" type="//@dataTypes[name='BIGINT']" dataType="BIGINT" typeName="BIGINT" columnSize="64" decimalDigits="0" numPrecRadix="2" nullable="1" charOctetLength="64" ordinalPosition="30" isNullable="YES" isAutoincrement="NO" isGeneratedcolumn="NO"/>
        <columns uuid="5d6515e7-e1b1-4b5f-b595-f2fcfd53fa23" name="IDENTITY_INCREMENT" type="//@dataTypes[name='BIGINT']" dataType="BIGINT" typeName="BIGINT" columnSize="64" decimalDigits="0" numPrecRadix="2" nullable="1" charOctetLength="64" ordinalPosition="31" isNullable="YES" isAutoincrement="NO" isGeneratedcolumn="NO"/>
        <columns uuid="7da66e0d-a0c7-45b7-8fa3-ad18befae20f" name="IDENTITY_MAXIMUM" type="//@dataTypes[name='BIGINT']" dataType="BIGINT" typeName="BIGINT" columnSize="64" decimalDigits="0" numPrecRadix="2" nullable="1" charOctetLength="64" ordinalPosition="32" isNullable="YES" isAutoincrement="NO" isGeneratedcolumn="NO"/>
        <columns uuid="7c205645-242d-489a-a709-cb9b58e68b3a" name="IDENTITY_MINIMUM" type="//@dataTypes[name='BIGINT']" dataType="BIGINT" typeName="BIGINT" columnSize="64" decimalDigits="0" numPrecRadix="2" nullable="1" charOctetLength="64" ordinalPosition="33" isNullable="YES" isAutoincrement="NO" isGeneratedcolumn="NO"/>
        <columns uuid="383a0a8b-6bdc-4968-97e4-c818adca8026" name="IDENTITY_CYCLE" type="//@dataTypes[name='CHARACTER%20VARYING']" dataType="VARCHAR" typeName="CHARACTER VARYING" columnSize="1000000000" decimalDigits="0" nullable="1" charOctetLength="1000000000" ordinalPosition="34" isNullable="YES" isAutoincrement="NO" isGeneratedcolumn="NO"/>
        <columns uuid="48c2a263-4781-48c9-a3be-e2ebeae5e394" name="IS_GENERATED" type="//@dataTypes[name='CHARACTER%20VARYING']" dataType="VARCHAR" typeName="CHARACTER VARYING" columnSize="1000000000" decimalDigits="0" nullable="1" charOctetLength="1000000000" ordinalPosition="35" isNullable="YES" isAutoincrement="NO" isGeneratedcolumn="NO"/>
        <columns uuid="be5a9204-1872-40a2-a6a3-8945fedb6a19" name="GENERATION_EXPRESSION" type="//@dataTypes[name='CHARACTER%20VARYING']" dataType="VARCHAR" typeName="CHARACTER VARYING" columnSize="1000000000" decimalDigits="0" nullable="1" charOctetLength="1000000000" ordinalPosition="36" isNullable="YES" isAutoincrement="NO" isGeneratedcolumn="NO"/>
        <columns uuid="b3d6d7e6-d6ec-4bef-af65-309c51d0dcd6" name="DECLARED_DATA_TYPE" type="//@dataTypes[name='CHARACTER%20VARYING']" dataType="VARCHAR" typeName="CHARACTER VARYING" columnSize="1000000000" decimalDigits="0" nullable="1" charOctetLength="1000000000" ordinalPosition="37" isNullable="YES" isAutoincrement="NO" isGeneratedcolumn="NO"/>
        <columns uuid="265cbb2c-641e-42d4-8960-b65342e98b35" name="DECLARED_NUMERIC_PRECISION" type="//@dataTypes[name='INTEGER']" dataType="INTEGER" typeName="INTEGER" columnSize="32" decimalDigits="0" numPrecRadix="2" nullable="1" charOctetLength="32" ordinalPosition="38" isNullable="YES" isAutoincrement="NO" isGeneratedcolumn="NO"/>
        <columns uuid="ab06967c-290d-4d08-8945-2ab3d7800f21" name="DECLARED_NUMERIC_SCALE" type="//@dataTypes[name='INTEGER']" dataType="INTEGER" typeName="INTEGER" columnSize="32" decimalDigits="0" numPrecRadix="2" nullable="1" charOctetLength="32" ordinalPosition="39" isNullable="YES" isAutoincrement="NO" isGeneratedcolumn="NO"/>
        <columns uuid="ba57dd52-eb6e-4a2b-917f-cac80085240b" name="GEOMETRY_TYPE" type="//@dataTypes[name='CHARACTER%20VARYING']" dataType="VARCHAR" typeName="CHARACTER VARYING" columnSize="1000000000" decimalDigits="0" nullable="1" charOctetLength="1000000000" ordinalPosition="40" isNullable="YES" isAutoincrement="NO" isGeneratedcolumn="NO"/>
        <columns uuid="ae140266-d292-4e20-bbad-32bebe0f4f49" name="GEOMETRY_SRID" type="//@dataTypes[name='INTEGER']" dataType="INTEGER" typeName="INTEGER" columnSize="32" decimalDigits="0" numPrecRadix="2" nullable="1" charOctetLength="32" ordinalPosition="41" isNullable="YES" isAutoincrement="NO" isGeneratedcolumn="NO"/>
        <columns uuid="b9015d47-54b7-4d19-aed7-a0897cf15f43" name="IDENTITY_BASE" type="//@dataTypes[name='BIGINT']" dataType="BIGINT" typeName="BIGINT" columnSize="64" decimalDigits="0" numPrecRadix="2" nullable="1" charOctetLength="64" ordinalPosition="42" isNullable="YES" isAutoincrement="NO" isGeneratedcolumn="NO"/>
        <columns uuid="f95cb64a-fcc4-4c7a-b6c4-70baf0334e56" name="IDENTITY_CACHE" type="//@dataTypes[name='BIGINT']" dataType="BIGINT" typeName="BIGINT" columnSize="64" decimalDigits="0" numPrecRadix="2" nullable="1" charOctetLength="64" ordinalPosition="43" isNullable="YES" isAutoincrement="NO" isGeneratedcolumn="NO"/>
        <columns uuid="068ea432-ff0a-4221-b286-ea5476798568" name="COLUMN_ON_UPDATE" type="//@dataTypes[name='CHARACTER%20VARYING']" dataType="VARCHAR" typeName="CHARACTER VARYING" columnSize="1000000000" decimalDigits="0" nullable="1" charOctetLength="1000000000" ordinalPosition="44" isNullable="YES" isAutoincrement="NO" isGeneratedcolumn="NO"/>
        <columns uuid="4e692a62-fc1d-40be-aa45-655d523f156b" name="IS_VISIBLE" type="//@dataTypes[name='BOOLEAN']" dataType="BOOLEAN" typeName="BOOLEAN" columnSize="1" decimalDigits="0" nullable="1" charOctetLength="1" ordinalPosition="45" isNullable="YES" isAutoincrement="NO" isGeneratedcolumn="NO"/>
        <columns uuid="1de484e7-ce2e-4c8b-8c7b-c711449cb2a1" name="DEFAULT_ON_NULL" type="//@dataTypes[name='BOOLEAN']" dataType="BOOLEAN" typeName="BOOLEAN" columnSize="1" decimalDigits="0" nullable="1" charOctetLength="1" ordinalPosition="46" isNullable="YES" isAutoincrement="NO" isGeneratedcolumn="NO"/>
        <columns uuid="bde6474b-7c27-4caf-812f-566591553473" name="SELECTIVITY" type="//@dataTypes[name='INTEGER']" dataType="INTEGER" typeName="INTEGER" columnSize="32" decimalDigits="0" numPrecRadix="2" nullable="1" charOctetLength="32" ordinalPosition="47" isNullable="YES" isAutoincrement="NO" isGeneratedcolumn="NO"/>
        <columns uuid="2b6e1748-41bd-49d9-b501-390ea77132c3" name="REMARKS" type="//@dataTypes[name='CHARACTER%20VARYING']" dataType="VARCHAR" typeName="CHARACTER VARYING" columnSize="1000000000" decimalDigits="0" nullable="1" charOctetLength="1000000000" ordinalPosition="48" isNullable="YES" isAutoincrement="NO" isGeneratedcolumn="NO"/>
      </tables>
      <tables uuid="79eda264-f859-4535-a37f-1e555f423c33" name="COLUMN_PRIVILEGES">
        <columns uuid="31af6faf-1068-464c-8e0f-79b01f00224b" name="GRANTOR" type="//@dataTypes[name='CHARACTER%20VARYING']" dataType="VARCHAR" typeName="CHARACTER VARYING" columnSize="1000000000" decimalDigits="0" nullable="1" charOctetLength="1000000000" ordinalPosition="1" isNullable="YES" isAutoincrement="NO" isGeneratedcolumn="NO"/>
        <columns uuid="7f2439bb-e7d4-49ae-96e9-1defede1095c" name="GRANTEE" type="//@dataTypes[name='CHARACTER%20VARYING']" dataType="VARCHAR" typeName="CHARACTER VARYING" columnSize="1000000000" decimalDigits="0" nullable="1" charOctetLength="1000000000" ordinalPosition="2" isNullable="YES" isAutoincrement="NO" isGeneratedcolumn="NO"/>
        <columns uuid="0a6e56b3-de85-4c3c-8c52-9ba590b6e2a2" name="TABLE_CATALOG" type="//@dataTypes[name='CHARACTER%20VARYING']" dataType="VARCHAR" typeName="CHARACTER VARYING" columnSize="1000000000" decimalDigits="0" nullable="1" charOctetLength="1000000000" ordinalPosition="3" isNullable="YES" isAutoincrement="NO" isGeneratedcolumn="NO"/>
        <columns uuid="1f1232ca-bb44-44ce-9088-68e43d2140eb" name="TABLE_SCHEMA" type="//@dataTypes[name='CHARACTER%20VARYING']" dataType="VARCHAR" typeName="CHARACTER VARYING" columnSize="1000000000" decimalDigits="0" nullable="1" charOctetLength="1000000000" ordinalPosition="4" isNullable="YES" isAutoincrement="NO" isGeneratedcolumn="NO"/>
        <columns uuid="d0a9d9a3-7975-4be1-b919-c8f4ca25cc9d" name="TABLE_NAME" type="//@dataTypes[name='CHARACTER%20VARYING']" dataType="VARCHAR" typeName="CHARACTER VARYING" columnSize="1000000000" decimalDigits="0" nullable="1" charOctetLength="1000000000" ordinalPosition="5" isNullable="YES" isAutoincrement="NO" isGeneratedcolumn="NO"/>
        <columns uuid="6e5942f0-e989-4a4e-876f-bf4dab098bc5" name="COLUMN_NAME" type="//@dataTypes[name='CHARACTER%20VARYING']" dataType="VARCHAR" typeName="CHARACTER VARYING" columnSize="1000000000" decimalDigits="0" nullable="1" charOctetLength="1000000000" ordinalPosition="6" isNullable="YES" isAutoincrement="NO" isGeneratedcolumn="NO"/>
        <columns uuid="82951baa-8a5e-4e68-8a12-950d43e6742e" name="PRIVILEGE_TYPE" type="//@dataTypes[name='CHARACTER%20VARYING']" dataType="VARCHAR" typeName="CHARACTER VARYING" columnSize="1000000000" decimalDigits="0" nullable="1" charOctetLength="1000000000" ordinalPosition="7" isNullable="YES" isAutoincrement="NO" isGeneratedcolumn="NO"/>
        <columns uuid="60f1813f-d824-4c0f-aed5-4fba59be1316" name="IS_GRANTABLE" type="//@dataTypes[name='CHARACTER%20VARYING']" dataType="VARCHAR" typeName="CHARACTER VARYING" columnSize="1000000000" decimalDigits="0" nullable="1" charOctetLength="1000000000" ordinalPosition="8" isNullable="YES" isAutoincrement="NO" isGeneratedcolumn="NO"/>
      </tables>
      <tables uuid="411184a5-2014-4f50-b40a-957e5c179c8b" name="CONSTRAINT_COLUMN_USAGE">
        <columns uuid="4b08a2b5-791e-496a-8590-918857369dc2" name="TABLE_CATALOG" type="//@dataTypes[name='CHARACTER%20VARYING']" dataType="VARCHAR" typeName="CHARACTER VARYING" columnSize="1000000000" decimalDigits="0" nullable="1" charOctetLength="1000000000" ordinalPosition="1" isNullable="YES" isAutoincrement="NO" isGeneratedcolumn="NO"/>
        <columns uuid="f6dc8a13-78ef-4f42-bd20-4c7fd9fb7383" name="TABLE_SCHEMA" type="//@dataTypes[name='CHARACTER%20VARYING']" dataType="VARCHAR" typeName="CHARACTER VARYING" columnSize="1000000000" decimalDigits="0" nullable="1" charOctetLength="1000000000" ordinalPosition="2" isNullable="YES" isAutoincrement="NO" isGeneratedcolumn="NO"/>
        <columns uuid="666b5305-3533-46b9-b897-59233ce4dc1b" name="TABLE_NAME" type="//@dataTypes[name='CHARACTER%20VARYING']" dataType="VARCHAR" typeName="CHARACTER VARYING" columnSize="1000000000" decimalDigits="0" nullable="1" charOctetLength="1000000000" ordinalPosition="3" isNullable="YES" isAutoincrement="NO" isGeneratedcolumn="NO"/>
        <columns uuid="10f3eef3-1154-4571-a0f6-eb64c5f78812" name="COLUMN_NAME" type="//@dataTypes[name='CHARACTER%20VARYING']" dataType="VARCHAR" typeName="CHARACTER VARYING" columnSize="1000000000" decimalDigits="0" nullable="1" charOctetLength="1000000000" ordinalPosition="4" isNullable="YES" isAutoincrement="NO" isGeneratedcolumn="NO"/>
        <columns uuid="7888ac96-9123-441a-930a-912bc94bbc15" name="CONSTRAINT_CATALOG" type="//@dataTypes[name='CHARACTER%20VARYING']" dataType="VARCHAR" typeName="CHARACTER VARYING" columnSize="1000000000" decimalDigits="0" nullable="1" charOctetLength="1000000000" ordinalPosition="5" isNullable="YES" isAutoincrement="NO" isGeneratedcolumn="NO"/>
        <columns uuid="0a386a08-551d-48d0-a3c7-d6781203b6f6" name="CONSTRAINT_SCHEMA" type="//@dataTypes[name='CHARACTER%20VARYING']" dataType="VARCHAR" typeName="CHARACTER VARYING" columnSize="1000000000" decimalDigits="0" nullable="1" charOctetLength="1000000000" ordinalPosition="6" isNullable="YES" isAutoincrement="NO" isGeneratedcolumn="NO"/>
        <columns uuid="fb91ee3d-ad95-494f-a78d-318dc0ee002e" name="CONSTRAINT_NAME" type="//@dataTypes[name='CHARACTER%20VARYING']" dataType="VARCHAR" typeName="CHARACTER VARYING" columnSize="1000000000" decimalDigits="0" nullable="1" charOctetLength="1000000000" ordinalPosition="7" isNullable="YES" isAutoincrement="NO" isGeneratedcolumn="NO"/>
      </tables>
      <tables uuid="3fa413cb-2da7-4eee-8790-4b238ee7bb57" name="DOMAINS">
        <columns uuid="71821e94-58f7-49ec-a3c1-0fda45757eed" name="DOMAIN_CATALOG" type="//@dataTypes[name='CHARACTER%20VARYING']" dataType="VARCHAR" typeName="CHARACTER VARYING" columnSize="1000000000" decimalDigits="0" nullable="1" charOctetLength="1000000000" ordinalPosition="1" isNullable="YES" isAutoincrement="NO" isGeneratedcolumn="NO"/>
        <columns uuid="c8213a52-87da-4cdd-83c8-9b3cd596e3e3" name="DOMAIN_SCHEMA" type="//@dataTypes[name='CHARACTER%20VARYING']" dataType="VARCHAR" typeName="CHARACTER VARYING" columnSize="1000000000" decimalDigits="0" nullable="1" charOctetLength="1000000000" ordinalPosition="2" isNullable="YES" isAutoincrement="NO" isGeneratedcolumn="NO"/>
        <columns uuid="62561828-25a2-4029-ae56-f36b2bdd4f11" name="DOMAIN_NAME" type="//@dataTypes[name='CHARACTER%20VARYING']" dataType="VARCHAR" typeName="CHARACTER VARYING" columnSize="1000000000" decimalDigits="0" nullable="1" charOctetLength="1000000000" ordinalPosition="3" isNullable="YES" isAutoincrement="NO" isGeneratedcolumn="NO"/>
        <columns uuid="92197c73-9d59-4c6e-8e5b-ed947d3f9d79" name="DATA_TYPE" type="//@dataTypes[name='CHARACTER%20VARYING']" dataType="VARCHAR" typeName="CHARACTER VARYING" columnSize="1000000000" decimalDigits="0" nullable="1" charOctetLength="1000000000" ordinalPosition="4" isNullable="YES" isAutoincrement="NO" isGeneratedcolumn="NO"/>
        <columns uuid="7e02290f-0a70-4338-8cfb-63a6ac4dd03e" name="CHARACTER_MAXIMUM_LENGTH" type="//@dataTypes[name='BIGINT']" dataType="BIGINT" typeName="BIGINT" columnSize="64" decimalDigits="0" numPrecRadix="2" nullable="1" charOctetLength="64" ordinalPosition="5" isNullable="YES" isAutoincrement="NO" isGeneratedcolumn="NO"/>
        <columns uuid="feb2ff0d-02ce-4d07-bfa4-34b73f210d24" name="CHARACTER_OCTET_LENGTH" type="//@dataTypes[name='BIGINT']" dataType="BIGINT" typeName="BIGINT" columnSize="64" decimalDigits="0" numPrecRadix="2" nullable="1" charOctetLength="64" ordinalPosition="6" isNullable="YES" isAutoincrement="NO" isGeneratedcolumn="NO"/>
        <columns uuid="adf527b8-5884-405a-9d1b-d14249b4172a" name="CHARACTER_SET_CATALOG" type="//@dataTypes[name='CHARACTER%20VARYING']" dataType="VARCHAR" typeName="CHARACTER VARYING" columnSize="1000000000" decimalDigits="0" nullable="1" charOctetLength="1000000000" ordinalPosition="7" isNullable="YES" isAutoincrement="NO" isGeneratedcolumn="NO"/>
        <columns uuid="15e8e0b0-9c19-4fc6-a248-86339e5df53d" name="CHARACTER_SET_SCHEMA" type="//@dataTypes[name='CHARACTER%20VARYING']" dataType="VARCHAR" typeName="CHARACTER VARYING" columnSize="1000000000" decimalDigits="0" nullable="1" charOctetLength="1000000000" ordinalPosition="8" isNullable="YES" isAutoincrement="NO" isGeneratedcolumn="NO"/>
        <columns uuid="65045cc9-f4e6-441e-bed9-9b40ac063de5" name="CHARACTER_SET_NAME" type="//@dataTypes[name='CHARACTER%20VARYING']" dataType="VARCHAR" typeName="CHARACTER VARYING" columnSize="1000000000" decimalDigits="0" nullable="1" charOctetLength="1000000000" ordinalPosition="9" isNullable="YES" isAutoincrement="NO" isGeneratedcolumn="NO"/>
        <columns uuid="a3e96b09-f3db-4095-b3cd-a080bbf1e870" name="COLLATION_CATALOG" type="//@dataTypes[name='CHARACTER%20VARYING']" dataType="VARCHAR" typeName="CHARACTER VARYING" columnSize="1000000000" decimalDigits="0" nullable="1" charOctetLength="1000000000" ordinalPosition="10" isNullable="YES" isAutoincrement="NO" isGeneratedcolumn="NO"/>
        <columns uuid="bba45b62-d1cc-42f0-a6eb-c0810ca337fa" name="COLLATION_SCHEMA" type="//@dataTypes[name='CHARACTER%20VARYING']" dataType="VARCHAR" typeName="CHARACTER VARYING" columnSize="1000000000" decimalDigits="0" nullable="1" charOctetLength="1000000000" ordinalPosition="11" isNullable="YES" isAutoincrement="NO" isGeneratedcolumn="NO"/>
        <columns uuid="460a6b30-545b-498b-9031-dbb9a9c4dbd2" name="COLLATION_NAME" type="//@dataTypes[name='CHARACTER%20VARYING']" dataType="VARCHAR" typeName="CHARACTER VARYING" columnSize="1000000000" decimalDigits="0" nullable="1" charOctetLength="1000000000" ordinalPosition="12" isNullable="YES" isAutoincrement="NO" isGeneratedcolumn="NO"/>
        <columns uuid="c6711f6d-dd76-4623-bfe3-3802873284fa" name="NUMERIC_PRECISION" type="//@dataTypes[name='INTEGER']" dataType="INTEGER" typeName="INTEGER" columnSize="32" decimalDigits="0" numPrecRadix="2" nullable="1" charOctetLength="32" ordinalPosition="13" isNullable="YES" isAutoincrement="NO" isGeneratedcolumn="NO"/>
        <columns uuid="364f8f75-cd08-4afd-a45f-bc1df9481bff" name="NUMERIC_PRECISION_RADIX" type="//@dataTypes[name='INTEGER']" dataType="INTEGER" typeName="INTEGER" columnSize="32" decimalDigits="0" numPrecRadix="2" nullable="1" charOctetLength="32" ordinalPosition="14" isNullable="YES" isAutoincrement="NO" isGeneratedcolumn="NO"/>
        <columns uuid="75559cf7-70bd-4b03-86d8-9486d679d410" name="NUMERIC_SCALE" type="//@dataTypes[name='INTEGER']" dataType="INTEGER" typeName="INTEGER" columnSize="32" decimalDigits="0" numPrecRadix="2" nullable="1" charOctetLength="32" ordinalPosition="15" isNullable="YES" isAutoincrement="NO" isGeneratedcolumn="NO"/>
        <columns uuid="d46cf5b7-2bb1-48b6-b067-5b8ddfcc854f" name="DATETIME_PRECISION" type="//@dataTypes[name='INTEGER']" dataType="INTEGER" typeName="INTEGER" columnSize="32" decimalDigits="0" numPrecRadix="2" nullable="1" charOctetLength="32" ordinalPosition="16" isNullable="YES" isAutoincrement="NO" isGeneratedcolumn="NO"/>
        <columns uuid="72563901-a28c-4821-b624-93e21a7a2a00" name="INTERVAL_TYPE" type="//@dataTypes[name='CHARACTER%20VARYING']" dataType="VARCHAR" typeName="CHARACTER VARYING" columnSize="1000000000" decimalDigits="0" nullable="1" charOctetLength="1000000000" ordinalPosition="17" isNullable="YES" isAutoincrement="NO" isGeneratedcolumn="NO"/>
        <columns uuid="b68e51ae-c7ef-468a-8911-c164e5804d27" name="INTERVAL_PRECISION" type="//@dataTypes[name='INTEGER']" dataType="INTEGER" typeName="INTEGER" columnSize="32" decimalDigits="0" numPrecRadix="2" nullable="1" charOctetLength="32" ordinalPosition="18" isNullable="YES" isAutoincrement="NO" isGeneratedcolumn="NO"/>
        <columns uuid="bebab72a-15b7-4c56-badc-c58a158c4944" name="DOMAIN_DEFAULT" type="//@dataTypes[name='CHARACTER%20VARYING']" dataType="VARCHAR" typeName="CHARACTER VARYING" columnSize="1000000000" decimalDigits="0" nullable="1" charOctetLength="1000000000" ordinalPosition="19" isNullable="YES" isAutoincrement="NO" isGeneratedcolumn="NO"/>
        <columns uuid="6711c86b-5504-42d3-96eb-9a93e490afc8" name="MAXIMUM_CARDINALITY" type="//@dataTypes[name='INTEGER']" dataType="INTEGER" typeName="INTEGER" columnSize="32" decimalDigits="0" numPrecRadix="2" nullable="1" charOctetLength="32" ordinalPosition="20" isNullable="YES" isAutoincrement="NO" isGeneratedcolumn="NO"/>
        <columns uuid="4c9531ad-c24c-4c11-b4b9-31c4a837a8da" name="DTD_IDENTIFIER" type="//@dataTypes[name='CHARACTER%20VARYING']" dataType="VARCHAR" typeName="CHARACTER VARYING" columnSize="1000000000" decimalDigits="0" nullable="1" charOctetLength="1000000000" ordinalPosition="21" isNullable="YES" isAutoincrement="NO" isGeneratedcolumn="NO"/>
        <columns uuid="c3fb0953-76cb-41b1-916d-89540f98ed0b" name="DECLARED_DATA_TYPE" type="//@dataTypes[name='CHARACTER%20VARYING']" dataType="VARCHAR" typeName="CHARACTER VARYING" columnSize="1000000000" decimalDigits="0" nullable="1" charOctetLength="1000000000" ordinalPosition="22" isNullable="YES" isAutoincrement="NO" isGeneratedcolumn="NO"/>
        <columns uuid="1047a453-863f-4ad6-9c14-4aea1a6d3fb4" name="DECLARED_NUMERIC_PRECISION" type="//@dataTypes[name='INTEGER']" dataType="INTEGER" typeName="INTEGER" columnSize="32" decimalDigits="0" numPrecRadix="2" nullable="1" charOctetLength="32" ordinalPosition="23" isNullable="YES" isAutoincrement="NO" isGeneratedcolumn="NO"/>
        <columns uuid="f2e59a1c-a1bc-49a7-a22f-26b161981ba4" name="DECLARED_NUMERIC_SCALE" type="//@dataTypes[name='INTEGER']" dataType="INTEGER" typeName="INTEGER" columnSize="32" decimalDigits="0" numPrecRadix="2" nullable="1" charOctetLength="32" ordinalPosition="24" isNullable="YES" isAutoincrement="NO" isGeneratedcolumn="NO"/>
        <columns uuid="1602dd13-d3d6-49c3-8c55-96b994f039a5" name="GEOMETRY_TYPE" type="//@dataTypes[name='CHARACTER%20VARYING']" dataType="VARCHAR" typeName="CHARACTER VARYING" columnSize="1000000000" decimalDigits="0" nullable="1" charOctetLength="1000000000" ordinalPosition="25" isNullable="YES" isAutoincrement="NO" isGeneratedcolumn="NO"/>
        <columns uuid="e03bc792-b9b6-4124-b8ee-86a3c39ba9f7" name="GEOMETRY_SRID" type="//@dataTypes[name='INTEGER']" dataType="INTEGER" typeName="INTEGER" columnSize="32" decimalDigits="0" numPrecRadix="2" nullable="1" charOctetLength="32" ordinalPosition="26" isNullable="YES" isAutoincrement="NO" isGeneratedcolumn="NO"/>
        <columns uuid="09e48586-2cdf-4f43-a790-ab8f7ceea00f" name="DOMAIN_ON_UPDATE" type="//@dataTypes[name='CHARACTER%20VARYING']" dataType="VARCHAR" typeName="CHARACTER VARYING" columnSize="1000000000" decimalDigits="0" nullable="1" charOctetLength="1000000000" ordinalPosition="27" isNullable="YES" isAutoincrement="NO" isGeneratedcolumn="NO"/>
        <columns uuid="dd28145c-8d8c-4326-8e7c-e2ad123ca2cf" name="PARENT_DOMAIN_CATALOG" type="//@dataTypes[name='CHARACTER%20VARYING']" dataType="VARCHAR" typeName="CHARACTER VARYING" columnSize="1000000000" decimalDigits="0" nullable="1" charOctetLength="1000000000" ordinalPosition="28" isNullable="YES" isAutoincrement="NO" isGeneratedcolumn="NO"/>
        <columns uuid="3a6d5272-3084-41df-8ef3-e5713d4331f3" name="PARENT_DOMAIN_SCHEMA" type="//@dataTypes[name='CHARACTER%20VARYING']" dataType="VARCHAR" typeName="CHARACTER VARYING" columnSize="1000000000" decimalDigits="0" nullable="1" charOctetLength="1000000000" ordinalPosition="29" isNullable="YES" isAutoincrement="NO" isGeneratedcolumn="NO"/>
        <columns uuid="887a17d7-ba30-47bc-8b79-6db3a768f946" name="PARENT_DOMAIN_NAME" type="//@dataTypes[name='CHARACTER%20VARYING']" dataType="VARCHAR" typeName="CHARACTER VARYING" columnSize="1000000000" decimalDigits="0" nullable="1" charOctetLength="1000000000" ordinalPosition="30" isNullable="YES" isAutoincrement="NO" isGeneratedcolumn="NO"/>
        <columns uuid="d9424a0c-93ea-46a8-9530-00b949e66f3f" name="REMARKS" type="//@dataTypes[name='CHARACTER%20VARYING']" dataType="VARCHAR" typeName="CHARACTER VARYING" columnSize="1000000000" decimalDigits="0" nullable="1" charOctetLength="1000000000" ordinalPosition="31" isNullable="YES" isAutoincrement="NO" isGeneratedcolumn="NO"/>
      </tables>
      <tables uuid="8ac2732d-a1b6-4f42-b53a-b5303bf7def8" name="DOMAIN_CONSTRAINTS">
        <columns uuid="2eb0aa8a-f64a-4fd9-b5d5-74973a09aaad" name="CONSTRAINT_CATALOG" type="//@dataTypes[name='CHARACTER%20VARYING']" dataType="VARCHAR" typeName="CHARACTER VARYING" columnSize="1000000000" decimalDigits="0" nullable="1" charOctetLength="1000000000" ordinalPosition="1" isNullable="YES" isAutoincrement="NO" isGeneratedcolumn="NO"/>
        <columns uuid="aeb53044-5cb5-4974-b507-ea5e76c1b6c1" name="CONSTRAINT_SCHEMA" type="//@dataTypes[name='CHARACTER%20VARYING']" dataType="VARCHAR" typeName="CHARACTER VARYING" columnSize="1000000000" decimalDigits="0" nullable="1" charOctetLength="1000000000" ordinalPosition="2" isNullable="YES" isAutoincrement="NO" isGeneratedcolumn="NO"/>
        <columns uuid="3684a003-eae8-4cea-84df-98821c66b840" name="CONSTRAINT_NAME" type="//@dataTypes[name='CHARACTER%20VARYING']" dataType="VARCHAR" typeName="CHARACTER VARYING" columnSize="1000000000" decimalDigits="0" nullable="1" charOctetLength="1000000000" ordinalPosition="3" isNullable="YES" isAutoincrement="NO" isGeneratedcolumn="NO"/>
        <columns uuid="7a270f9e-28f2-4d8d-827d-8944a793dea0" name="DOMAIN_CATALOG" type="//@dataTypes[name='CHARACTER%20VARYING']" dataType="VARCHAR" typeName="CHARACTER VARYING" columnSize="1000000000" decimalDigits="0" nullable="1" charOctetLength="1000000000" ordinalPosition="4" isNullable="YES" isAutoincrement="NO" isGeneratedcolumn="NO"/>
        <columns uuid="960d6bb0-fe94-4ca0-b9c0-17b35175481d" name="DOMAIN_SCHEMA" type="//@dataTypes[name='CHARACTER%20VARYING']" dataType="VARCHAR" typeName="CHARACTER VARYING" columnSize="1000000000" decimalDigits="0" nullable="1" charOctetLength="1000000000" ordinalPosition="5" isNullable="YES" isAutoincrement="NO" isGeneratedcolumn="NO"/>
        <columns uuid="9c37876b-72d9-4e23-aab5-8225a1f8ca2e" name="DOMAIN_NAME" type="//@dataTypes[name='CHARACTER%20VARYING']" dataType="VARCHAR" typeName="CHARACTER VARYING" columnSize="1000000000" decimalDigits="0" nullable="1" charOctetLength="1000000000" ordinalPosition="6" isNullable="YES" isAutoincrement="NO" isGeneratedcolumn="NO"/>
        <columns uuid="8af1246f-8cca-4d96-82d7-16dcc78ed6e1" name="IS_DEFERRABLE" type="//@dataTypes[name='CHARACTER%20VARYING']" dataType="VARCHAR" typeName="CHARACTER VARYING" columnSize="1000000000" decimalDigits="0" nullable="1" charOctetLength="1000000000" ordinalPosition="7" isNullable="YES" isAutoincrement="NO" isGeneratedcolumn="NO"/>
        <columns uuid="85c7461e-edaa-4975-a5f2-6885e725beaa" name="INITIALLY_DEFERRED" type="//@dataTypes[name='CHARACTER%20VARYING']" dataType="VARCHAR" typeName="CHARACTER VARYING" columnSize="1000000000" decimalDigits="0" nullable="1" charOctetLength="1000000000" ordinalPosition="8" isNullable="YES" isAutoincrement="NO" isGeneratedcolumn="NO"/>
        <columns uuid="e77f626e-f7fc-44e6-b47d-69341e727ad0" name="REMARKS" type="//@dataTypes[name='CHARACTER%20VARYING']" dataType="VARCHAR" typeName="CHARACTER VARYING" columnSize="1000000000" decimalDigits="0" nullable="1" charOctetLength="1000000000" ordinalPosition="9" isNullable="YES" isAutoincrement="NO" isGeneratedcolumn="NO"/>
      </tables>
      <tables uuid="67a19c8a-f24d-424d-882a-519549d869cb" name="ELEMENT_TYPES">
        <columns uuid="f4300a66-e680-4b3e-ae75-1473b6dacae1" name="OBJECT_CATALOG" type="//@dataTypes[name='CHARACTER%20VARYING']" dataType="VARCHAR" typeName="CHARACTER VARYING" columnSize="1000000000" decimalDigits="0" nullable="1" charOctetLength="1000000000" ordinalPosition="1" isNullable="YES" isAutoincrement="NO" isGeneratedcolumn="NO"/>
        <columns uuid="14fbe7e2-998d-4adb-8d6b-78e136c0e3d5" name="OBJECT_SCHEMA" type="//@dataTypes[name='CHARACTER%20VARYING']" dataType="VARCHAR" typeName="CHARACTER VARYING" columnSize="1000000000" decimalDigits="0" nullable="1" charOctetLength="1000000000" ordinalPosition="2" isNullable="YES" isAutoincrement="NO" isGeneratedcolumn="NO"/>
        <columns uuid="58fe4475-3a5d-478d-bb93-c9a796b83583" name="OBJECT_NAME" type="//@dataTypes[name='CHARACTER%20VARYING']" dataType="VARCHAR" typeName="CHARACTER VARYING" columnSize="1000000000" decimalDigits="0" nullable="1" charOctetLength="1000000000" ordinalPosition="3" isNullable="YES" isAutoincrement="NO" isGeneratedcolumn="NO"/>
        <columns uuid="dd39e8c7-626b-434d-bd7d-5f4ed2daff63" name="OBJECT_TYPE" type="//@dataTypes[name='CHARACTER%20VARYING']" dataType="VARCHAR" typeName="CHARACTER VARYING" columnSize="1000000000" decimalDigits="0" nullable="1" charOctetLength="1000000000" ordinalPosition="4" isNullable="YES" isAutoincrement="NO" isGeneratedcolumn="NO"/>
        <columns uuid="b0116362-3826-496b-beaf-27fba44eaea6" name="COLLECTION_TYPE_IDENTIFIER" type="//@dataTypes[name='CHARACTER%20VARYING']" dataType="VARCHAR" typeName="CHARACTER VARYING" columnSize="1000000000" decimalDigits="0" nullable="1" charOctetLength="1000000000" ordinalPosition="5" isNullable="YES" isAutoincrement="NO" isGeneratedcolumn="NO"/>
        <columns uuid="00f49d3e-6d3d-41b4-9a2b-a2deb56731f8" name="DATA_TYPE" type="//@dataTypes[name='CHARACTER%20VARYING']" dataType="VARCHAR" typeName="CHARACTER VARYING" columnSize="1000000000" decimalDigits="0" nullable="1" charOctetLength="1000000000" ordinalPosition="6" isNullable="YES" isAutoincrement="NO" isGeneratedcolumn="NO"/>
        <columns uuid="d8897e3e-9923-4e99-b63f-395f6daf1fef" name="CHARACTER_MAXIMUM_LENGTH" type="//@dataTypes[name='BIGINT']" dataType="BIGINT" typeName="BIGINT" columnSize="64" decimalDigits="0" numPrecRadix="2" nullable="1" charOctetLength="64" ordinalPosition="7" isNullable="YES" isAutoincrement="NO" isGeneratedcolumn="NO"/>
        <columns uuid="627b0dc5-7007-4ddc-b545-2f53947dbb75" name="CHARACTER_OCTET_LENGTH" type="//@dataTypes[name='BIGINT']" dataType="BIGINT" typeName="BIGINT" columnSize="64" decimalDigits="0" numPrecRadix="2" nullable="1" charOctetLength="64" ordinalPosition="8" isNullable="YES" isAutoincrement="NO" isGeneratedcolumn="NO"/>
        <columns uuid="1a4a16a2-530b-48bf-b582-a092e769f37b" name="CHARACTER_SET_CATALOG" type="//@dataTypes[name='CHARACTER%20VARYING']" dataType="VARCHAR" typeName="CHARACTER VARYING" columnSize="1000000000" decimalDigits="0" nullable="1" charOctetLength="1000000000" ordinalPosition="9" isNullable="YES" isAutoincrement="NO" isGeneratedcolumn="NO"/>
        <columns uuid="f386f693-44e0-44c1-b04e-3f70205f3d05" name="CHARACTER_SET_SCHEMA" type="//@dataTypes[name='CHARACTER%20VARYING']" dataType="VARCHAR" typeName="CHARACTER VARYING" columnSize="1000000000" decimalDigits="0" nullable="1" charOctetLength="1000000000" ordinalPosition="10" isNullable="YES" isAutoincrement="NO" isGeneratedcolumn="NO"/>
        <columns uuid="0c56c36c-430d-4ef0-a14c-5ee0199705ce" name="CHARACTER_SET_NAME" type="//@dataTypes[name='CHARACTER%20VARYING']" dataType="VARCHAR" typeName="CHARACTER VARYING" columnSize="1000000000" decimalDigits="0" nullable="1" charOctetLength="1000000000" ordinalPosition="11" isNullable="YES" isAutoincrement="NO" isGeneratedcolumn="NO"/>
        <columns uuid="e04cb586-94f9-45fc-9990-2d4a0d066ebd" name="COLLATION_CATALOG" type="//@dataTypes[name='CHARACTER%20VARYING']" dataType="VARCHAR" typeName="CHARACTER VARYING" columnSize="1000000000" decimalDigits="0" nullable="1" charOctetLength="1000000000" ordinalPosition="12" isNullable="YES" isAutoincrement="NO" isGeneratedcolumn="NO"/>
        <columns uuid="0948ac92-6f3a-4629-8f49-2f050d7daa21" name="COLLATION_SCHEMA" type="//@dataTypes[name='CHARACTER%20VARYING']" dataType="VARCHAR" typeName="CHARACTER VARYING" columnSize="1000000000" decimalDigits="0" nullable="1" charOctetLength="1000000000" ordinalPosition="13" isNullable="YES" isAutoincrement="NO" isGeneratedcolumn="NO"/>
        <columns uuid="1131e65a-1412-4efe-9d33-6fd1950c4e85" name="COLLATION_NAME" type="//@dataTypes[name='CHARACTER%20VARYING']" dataType="VARCHAR" typeName="CHARACTER VARYING" columnSize="1000000000" decimalDigits="0" nullable="1" charOctetLength="1000000000" ordinalPosition="14" isNullable="YES" isAutoincrement="NO" isGeneratedcolumn="NO"/>
        <columns uuid="f3b43aae-c64a-4fde-879a-9e3d35172518" name="NUMERIC_PRECISION" type="//@dataTypes[name='INTEGER']" dataType="INTEGER" typeName="INTEGER" columnSize="32" decimalDigits="0" numPrecRadix="2" nullable="1" charOctetLength="32" ordinalPosition="15" isNullable="YES" isAutoincrement="NO" isGeneratedcolumn="NO"/>
        <columns uuid="28bd7609-5b9a-4494-968c-1ef9c0cf5a44" name="NUMERIC_PRECISION_RADIX" type="//@dataTypes[name='INTEGER']" dataType="INTEGER" typeName="INTEGER" columnSize="32" decimalDigits="0" numPrecRadix="2" nullable="1" charOctetLength="32" ordinalPosition="16" isNullable="YES" isAutoincrement="NO" isGeneratedcolumn="NO"/>
        <columns uuid="0970a4b5-9c8b-41bc-99aa-c83f145851e6" name="NUMERIC_SCALE" type="//@dataTypes[name='INTEGER']" dataType="INTEGER" typeName="INTEGER" columnSize="32" decimalDigits="0" numPrecRadix="2" nullable="1" charOctetLength="32" ordinalPosition="17" isNullable="YES" isAutoincrement="NO" isGeneratedcolumn="NO"/>
        <columns uuid="e993478f-815f-47be-9a51-0f4e1ee175fd" name="DATETIME_PRECISION" type="//@dataTypes[name='INTEGER']" dataType="INTEGER" typeName="INTEGER" columnSize="32" decimalDigits="0" numPrecRadix="2" nullable="1" charOctetLength="32" ordinalPosition="18" isNullable="YES" isAutoincrement="NO" isGeneratedcolumn="NO"/>
        <columns uuid="56044c74-74cc-4e70-9c68-f3bb04a36f8f" name="INTERVAL_TYPE" type="//@dataTypes[name='CHARACTER%20VARYING']" dataType="VARCHAR" typeName="CHARACTER VARYING" columnSize="1000000000" decimalDigits="0" nullable="1" charOctetLength="1000000000" ordinalPosition="19" isNullable="YES" isAutoincrement="NO" isGeneratedcolumn="NO"/>
        <columns uuid="1891950f-e325-4979-8c3c-d8dd6f5f6f96" name="INTERVAL_PRECISION" type="//@dataTypes[name='INTEGER']" dataType="INTEGER" typeName="INTEGER" columnSize="32" decimalDigits="0" numPrecRadix="2" nullable="1" charOctetLength="32" ordinalPosition="20" isNullable="YES" isAutoincrement="NO" isGeneratedcolumn="NO"/>
        <columns uuid="bec83104-4033-47ea-8714-987101b57fce" name="MAXIMUM_CARDINALITY" type="//@dataTypes[name='INTEGER']" dataType="INTEGER" typeName="INTEGER" columnSize="32" decimalDigits="0" numPrecRadix="2" nullable="1" charOctetLength="32" ordinalPosition="21" isNullable="YES" isAutoincrement="NO" isGeneratedcolumn="NO"/>
        <columns uuid="4d121f93-bd4a-4df7-a514-1b5bbfc35d66" name="DTD_IDENTIFIER" type="//@dataTypes[name='CHARACTER%20VARYING']" dataType="VARCHAR" typeName="CHARACTER VARYING" columnSize="1000000000" decimalDigits="0" nullable="1" charOctetLength="1000000000" ordinalPosition="22" isNullable="YES" isAutoincrement="NO" isGeneratedcolumn="NO"/>
        <columns uuid="234e0460-7105-4788-a53c-0ea68491ea37" name="DECLARED_DATA_TYPE" type="//@dataTypes[name='CHARACTER%20VARYING']" dataType="VARCHAR" typeName="CHARACTER VARYING" columnSize="1000000000" decimalDigits="0" nullable="1" charOctetLength="1000000000" ordinalPosition="23" isNullable="YES" isAutoincrement="NO" isGeneratedcolumn="NO"/>
        <columns uuid="0d0cf803-59de-4886-b491-80ec916bcfbd" name="DECLARED_NUMERIC_PRECISION" type="//@dataTypes[name='INTEGER']" dataType="INTEGER" typeName="INTEGER" columnSize="32" decimalDigits="0" numPrecRadix="2" nullable="1" charOctetLength="32" ordinalPosition="24" isNullable="YES" isAutoincrement="NO" isGeneratedcolumn="NO"/>
        <columns uuid="27a6307e-adbc-490f-972b-8b3e499fcabc" name="DECLARED_NUMERIC_SCALE" type="//@dataTypes[name='INTEGER']" dataType="INTEGER" typeName="INTEGER" columnSize="32" decimalDigits="0" numPrecRadix="2" nullable="1" charOctetLength="32" ordinalPosition="25" isNullable="YES" isAutoincrement="NO" isGeneratedcolumn="NO"/>
        <columns uuid="36d2078d-e74c-4ac4-8a63-50626c4fbe53" name="GEOMETRY_TYPE" type="//@dataTypes[name='CHARACTER%20VARYING']" dataType="VARCHAR" typeName="CHARACTER VARYING" columnSize="1000000000" decimalDigits="0" nullable="1" charOctetLength="1000000000" ordinalPosition="26" isNullable="YES" isAutoincrement="NO" isGeneratedcolumn="NO"/>
        <columns uuid="78d79c7e-8ee0-4f40-80de-34fd72f8b719" name="GEOMETRY_SRID" type="//@dataTypes[name='INTEGER']" dataType="INTEGER" typeName="INTEGER" columnSize="32" decimalDigits="0" numPrecRadix="2" nullable="1" charOctetLength="32" ordinalPosition="27" isNullable="YES" isAutoincrement="NO" isGeneratedcolumn="NO"/>
      </tables>
      <tables uuid="c6fb2191-1697-4d7d-8ca6-4fb581cad495" name="FIELDS">
        <columns uuid="fc4b0cbc-c907-473f-b043-c9266e99b647" name="OBJECT_CATALOG" type="//@dataTypes[name='CHARACTER%20VARYING']" dataType="VARCHAR" typeName="CHARACTER VARYING" columnSize="1000000000" decimalDigits="0" nullable="1" charOctetLength="1000000000" ordinalPosition="1" isNullable="YES" isAutoincrement="NO" isGeneratedcolumn="NO"/>
        <columns uuid="e6aec5be-372e-4306-b07b-ccbcea57997d" name="OBJECT_SCHEMA" type="//@dataTypes[name='CHARACTER%20VARYING']" dataType="VARCHAR" typeName="CHARACTER VARYING" columnSize="1000000000" decimalDigits="0" nullable="1" charOctetLength="1000000000" ordinalPosition="2" isNullable="YES" isAutoincrement="NO" isGeneratedcolumn="NO"/>
        <columns uuid="0ba3d193-f5a2-4fd1-a0ac-95aaf3b8c437" name="OBJECT_NAME" type="//@dataTypes[name='CHARACTER%20VARYING']" dataType="VARCHAR" typeName="CHARACTER VARYING" columnSize="1000000000" decimalDigits="0" nullable="1" charOctetLength="1000000000" ordinalPosition="3" isNullable="YES" isAutoincrement="NO" isGeneratedcolumn="NO"/>
        <columns uuid="a57d0ed2-358a-4685-9c44-1a998e37625f" name="OBJECT_TYPE" type="//@dataTypes[name='CHARACTER%20VARYING']" dataType="VARCHAR" typeName="CHARACTER VARYING" columnSize="1000000000" decimalDigits="0" nullable="1" charOctetLength="1000000000" ordinalPosition="4" isNullable="YES" isAutoincrement="NO" isGeneratedcolumn="NO"/>
        <columns uuid="a7b2a9d2-fd34-4e1b-bf51-06ad55c658fe" name="ROW_IDENTIFIER" type="//@dataTypes[name='CHARACTER%20VARYING']" dataType="VARCHAR" typeName="CHARACTER VARYING" columnSize="1000000000" decimalDigits="0" nullable="1" charOctetLength="1000000000" ordinalPosition="5" isNullable="YES" isAutoincrement="NO" isGeneratedcolumn="NO"/>
        <columns uuid="b4c0b0e1-1cd4-42d5-ab20-f534e0ced84d" name="FIELD_NAME" type="//@dataTypes[name='CHARACTER%20VARYING']" dataType="VARCHAR" typeName="CHARACTER VARYING" columnSize="1000000000" decimalDigits="0" nullable="1" charOctetLength="1000000000" ordinalPosition="6" isNullable="YES" isAutoincrement="NO" isGeneratedcolumn="NO"/>
        <columns uuid="cb2fc923-4cf2-4294-aa63-0363b9a64c4e" name="ORDINAL_POSITION" type="//@dataTypes[name='INTEGER']" dataType="INTEGER" typeName="INTEGER" columnSize="32" decimalDigits="0" numPrecRadix="2" nullable="1" charOctetLength="32" ordinalPosition="7" isNullable="YES" isAutoincrement="NO" isGeneratedcolumn="NO"/>
        <columns uuid="6c1932c5-5781-4b99-a878-310a7e25d8d4" name="DATA_TYPE" type="//@dataTypes[name='CHARACTER%20VARYING']" dataType="VARCHAR" typeName="CHARACTER VARYING" columnSize="1000000000" decimalDigits="0" nullable="1" charOctetLength="1000000000" ordinalPosition="8" isNullable="YES" isAutoincrement="NO" isGeneratedcolumn="NO"/>
        <columns uuid="c7a46ee8-1030-40a0-8465-f8ecafa3a508" name="CHARACTER_MAXIMUM_LENGTH" type="//@dataTypes[name='BIGINT']" dataType="BIGINT" typeName="BIGINT" columnSize="64" decimalDigits="0" numPrecRadix="2" nullable="1" charOctetLength="64" ordinalPosition="9" isNullable="YES" isAutoincrement="NO" isGeneratedcolumn="NO"/>
        <columns uuid="a435ca0b-67af-4bb9-baf1-3586ffb6f494" name="CHARACTER_OCTET_LENGTH" type="//@dataTypes[name='BIGINT']" dataType="BIGINT" typeName="BIGINT" columnSize="64" decimalDigits="0" numPrecRadix="2" nullable="1" charOctetLength="64" ordinalPosition="10" isNullable="YES" isAutoincrement="NO" isGeneratedcolumn="NO"/>
        <columns uuid="06d1cd03-40a3-4f88-910b-a03d15c2cb35" name="CHARACTER_SET_CATALOG" type="//@dataTypes[name='CHARACTER%20VARYING']" dataType="VARCHAR" typeName="CHARACTER VARYING" columnSize="1000000000" decimalDigits="0" nullable="1" charOctetLength="1000000000" ordinalPosition="11" isNullable="YES" isAutoincrement="NO" isGeneratedcolumn="NO"/>
        <columns uuid="759e7c98-8cb4-4405-8f22-25005e1bfa9a" name="CHARACTER_SET_SCHEMA" type="//@dataTypes[name='CHARACTER%20VARYING']" dataType="VARCHAR" typeName="CHARACTER VARYING" columnSize="1000000000" decimalDigits="0" nullable="1" charOctetLength="1000000000" ordinalPosition="12" isNullable="YES" isAutoincrement="NO" isGeneratedcolumn="NO"/>
        <columns uuid="cb3680a4-adaa-4914-9bcd-bddf162f3ac7" name="CHARACTER_SET_NAME" type="//@dataTypes[name='CHARACTER%20VARYING']" dataType="VARCHAR" typeName="CHARACTER VARYING" columnSize="1000000000" decimalDigits="0" nullable="1" charOctetLength="1000000000" ordinalPosition="13" isNullable="YES" isAutoincrement="NO" isGeneratedcolumn="NO"/>
        <columns uuid="89ffed63-9989-4e2d-9c01-5b2981150282" name="COLLATION_CATALOG" type="//@dataTypes[name='CHARACTER%20VARYING']" dataType="VARCHAR" typeName="CHARACTER VARYING" columnSize="1000000000" decimalDigits="0" nullable="1" charOctetLength="1000000000" ordinalPosition="14" isNullable="YES" isAutoincrement="NO" isGeneratedcolumn="NO"/>
        <columns uuid="12892fbf-a15d-4a51-8c7f-dfbcc19044fe" name="COLLATION_SCHEMA" type="//@dataTypes[name='CHARACTER%20VARYING']" dataType="VARCHAR" typeName="CHARACTER VARYING" columnSize="1000000000" decimalDigits="0" nullable="1" charOctetLength="1000000000" ordinalPosition="15" isNullable="YES" isAutoincrement="NO" isGeneratedcolumn="NO"/>
        <columns uuid="c92e5d5f-9d5f-4930-aa6c-92d19d47dcb7" name="COLLATION_NAME" type="//@dataTypes[name='CHARACTER%20VARYING']" dataType="VARCHAR" typeName="CHARACTER VARYING" columnSize="1000000000" decimalDigits="0" nullable="1" charOctetLength="1000000000" ordinalPosition="16" isNullable="YES" isAutoincrement="NO" isGeneratedcolumn="NO"/>
        <columns uuid="d1cbbdff-eae5-4417-aecb-58ac5b49011c" name="NUMERIC_PRECISION" type="//@dataTypes[name='INTEGER']" dataType="INTEGER" typeName="INTEGER" columnSize="32" decimalDigits="0" numPrecRadix="2" nullable="1" charOctetLength="32" ordinalPosition="17" isNullable="YES" isAutoincrement="NO" isGeneratedcolumn="NO"/>
        <columns uuid="9075041e-27f5-4394-af56-45e64689050a" name="NUMERIC_PRECISION_RADIX" type="//@dataTypes[name='INTEGER']" dataType="INTEGER" typeName="INTEGER" columnSize="32" decimalDigits="0" numPrecRadix="2" nullable="1" charOctetLength="32" ordinalPosition="18" isNullable="YES" isAutoincrement="NO" isGeneratedcolumn="NO"/>
        <columns uuid="306c3d73-3d68-4b6e-8f36-81c066fb14b2" name="NUMERIC_SCALE" type="//@dataTypes[name='INTEGER']" dataType="INTEGER" typeName="INTEGER" columnSize="32" decimalDigits="0" numPrecRadix="2" nullable="1" charOctetLength="32" ordinalPosition="19" isNullable="YES" isAutoincrement="NO" isGeneratedcolumn="NO"/>
        <columns uuid="da11529d-5e3a-4c8a-bb9b-f2cf34c250b2" name="DATETIME_PRECISION" type="//@dataTypes[name='INTEGER']" dataType="INTEGER" typeName="INTEGER" columnSize="32" decimalDigits="0" numPrecRadix="2" nullable="1" charOctetLength="32" ordinalPosition="20" isNullable="YES" isAutoincrement="NO" isGeneratedcolumn="NO"/>
        <columns uuid="700cde73-2b4a-4be2-b8ab-f6020b3a7cb8" name="INTERVAL_TYPE" type="//@dataTypes[name='CHARACTER%20VARYING']" dataType="VARCHAR" typeName="CHARACTER VARYING" columnSize="1000000000" decimalDigits="0" nullable="1" charOctetLength="1000000000" ordinalPosition="21" isNullable="YES" isAutoincrement="NO" isGeneratedcolumn="NO"/>
        <columns uuid="906ae507-d201-4160-a485-28d5919b95eb" name="INTERVAL_PRECISION" type="//@dataTypes[name='INTEGER']" dataType="INTEGER" typeName="INTEGER" columnSize="32" decimalDigits="0" numPrecRadix="2" nullable="1" charOctetLength="32" ordinalPosition="22" isNullable="YES" isAutoincrement="NO" isGeneratedcolumn="NO"/>
        <columns uuid="56d79738-982b-450a-a8ea-4e53c492e702" name="MAXIMUM_CARDINALITY" type="//@dataTypes[name='INTEGER']" dataType="INTEGER" typeName="INTEGER" columnSize="32" decimalDigits="0" numPrecRadix="2" nullable="1" charOctetLength="32" ordinalPosition="23" isNullable="YES" isAutoincrement="NO" isGeneratedcolumn="NO"/>
        <columns uuid="4de57ea1-14f7-4796-ad7d-d017d7526caf" name="DTD_IDENTIFIER" type="//@dataTypes[name='CHARACTER%20VARYING']" dataType="VARCHAR" typeName="CHARACTER VARYING" columnSize="1000000000" decimalDigits="0" nullable="1" charOctetLength="1000000000" ordinalPosition="24" isNullable="YES" isAutoincrement="NO" isGeneratedcolumn="NO"/>
        <columns uuid="9449e03a-1960-49ba-8a10-5986302e6be5" name="DECLARED_DATA_TYPE" type="//@dataTypes[name='CHARACTER%20VARYING']" dataType="VARCHAR" typeName="CHARACTER VARYING" columnSize="1000000000" decimalDigits="0" nullable="1" charOctetLength="1000000000" ordinalPosition="25" isNullable="YES" isAutoincrement="NO" isGeneratedcolumn="NO"/>
        <columns uuid="618b55a9-f8fe-434b-8f11-87228226d740" name="DECLARED_NUMERIC_PRECISION" type="//@dataTypes[name='INTEGER']" dataType="INTEGER" typeName="INTEGER" columnSize="32" decimalDigits="0" numPrecRadix="2" nullable="1" charOctetLength="32" ordinalPosition="26" isNullable="YES" isAutoincrement="NO" isGeneratedcolumn="NO"/>
        <columns uuid="b04b432d-a676-4d4a-a704-d56e9cbfd0a7" name="DECLARED_NUMERIC_SCALE" type="//@dataTypes[name='INTEGER']" dataType="INTEGER" typeName="INTEGER" columnSize="32" decimalDigits="0" numPrecRadix="2" nullable="1" charOctetLength="32" ordinalPosition="27" isNullable="YES" isAutoincrement="NO" isGeneratedcolumn="NO"/>
        <columns uuid="f33e7727-e879-4486-a52b-7ca8c6b8839c" name="GEOMETRY_TYPE" type="//@dataTypes[name='CHARACTER%20VARYING']" dataType="VARCHAR" typeName="CHARACTER VARYING" columnSize="1000000000" decimalDigits="0" nullable="1" charOctetLength="1000000000" ordinalPosition="28" isNullable="YES" isAutoincrement="NO" isGeneratedcolumn="NO"/>
        <columns uuid="54d4036e-8f0f-4141-a607-bb6a9a5063f6" name="GEOMETRY_SRID" type="//@dataTypes[name='INTEGER']" dataType="INTEGER" typeName="INTEGER" columnSize="32" decimalDigits="0" numPrecRadix="2" nullable="1" charOctetLength="32" ordinalPosition="29" isNullable="YES" isAutoincrement="NO" isGeneratedcolumn="NO"/>
      </tables>
      <tables uuid="5036b114-2a33-40b6-a049-a2ee5910bc11" name="KEY_COLUMN_USAGE">
        <columns uuid="fc2cffea-d176-46e9-b698-562d6d1deca3" name="CONSTRAINT_CATALOG" type="//@dataTypes[name='CHARACTER%20VARYING']" dataType="VARCHAR" typeName="CHARACTER VARYING" columnSize="1000000000" decimalDigits="0" nullable="1" charOctetLength="1000000000" ordinalPosition="1" isNullable="YES" isAutoincrement="NO" isGeneratedcolumn="NO"/>
        <columns uuid="83fd2d07-495c-495b-aec5-6045e36a9121" name="CONSTRAINT_SCHEMA" type="//@dataTypes[name='CHARACTER%20VARYING']" dataType="VARCHAR" typeName="CHARACTER VARYING" columnSize="1000000000" decimalDigits="0" nullable="1" charOctetLength="1000000000" ordinalPosition="2" isNullable="YES" isAutoincrement="NO" isGeneratedcolumn="NO"/>
        <columns uuid="d1187d51-bada-4b03-b709-75882fa8e1f4" name="CONSTRAINT_NAME" type="//@dataTypes[name='CHARACTER%20VARYING']" dataType="VARCHAR" typeName="CHARACTER VARYING" columnSize="1000000000" decimalDigits="0" nullable="1" charOctetLength="1000000000" ordinalPosition="3" isNullable="YES" isAutoincrement="NO" isGeneratedcolumn="NO"/>
        <columns uuid="5787654c-e02b-47ad-884e-ade3cb0b88fd" name="TABLE_CATALOG" type="//@dataTypes[name='CHARACTER%20VARYING']" dataType="VARCHAR" typeName="CHARACTER VARYING" columnSize="1000000000" decimalDigits="0" nullable="1" charOctetLength="1000000000" ordinalPosition="4" isNullable="YES" isAutoincrement="NO" isGeneratedcolumn="NO"/>
        <columns uuid="97460897-5f0f-4fd7-82e9-d95078e3d6f6" name="TABLE_SCHEMA" type="//@dataTypes[name='CHARACTER%20VARYING']" dataType="VARCHAR" typeName="CHARACTER VARYING" columnSize="1000000000" decimalDigits="0" nullable="1" charOctetLength="1000000000" ordinalPosition="5" isNullable="YES" isAutoincrement="NO" isGeneratedcolumn="NO"/>
        <columns uuid="288b60f8-9664-4819-b7ca-c0e68c07de76" name="TABLE_NAME" type="//@dataTypes[name='CHARACTER%20VARYING']" dataType="VARCHAR" typeName="CHARACTER VARYING" columnSize="1000000000" decimalDigits="0" nullable="1" charOctetLength="1000000000" ordinalPosition="6" isNullable="YES" isAutoincrement="NO" isGeneratedcolumn="NO"/>
        <columns uuid="21d92e15-8621-4f99-92af-04021cd73128" name="COLUMN_NAME" type="//@dataTypes[name='CHARACTER%20VARYING']" dataType="VARCHAR" typeName="CHARACTER VARYING" columnSize="1000000000" decimalDigits="0" nullable="1" charOctetLength="1000000000" ordinalPosition="7" isNullable="YES" isAutoincrement="NO" isGeneratedcolumn="NO"/>
        <columns uuid="1ae01b7f-9ea5-4ca9-8fd5-3b8c906781e7" name="ORDINAL_POSITION" type="//@dataTypes[name='INTEGER']" dataType="INTEGER" typeName="INTEGER" columnSize="32" decimalDigits="0" numPrecRadix="2" nullable="1" charOctetLength="32" ordinalPosition="8" isNullable="YES" isAutoincrement="NO" isGeneratedcolumn="NO"/>
        <columns uuid="258bb4b3-7847-40f8-afc1-376df0dfbe4b" name="POSITION_IN_UNIQUE_CONSTRAINT" type="//@dataTypes[name='INTEGER']" dataType="INTEGER" typeName="INTEGER" columnSize="32" decimalDigits="0" numPrecRadix="2" nullable="1" charOctetLength="32" ordinalPosition="9" isNullable="YES" isAutoincrement="NO" isGeneratedcolumn="NO"/>
      </tables>
      <tables uuid="bc7b2d59-7bed-4706-b129-8128afed3ae5" name="PARAMETERS">
        <columns uuid="32630a50-d149-4208-a90e-238152b137ae" name="SPECIFIC_CATALOG" type="//@dataTypes[name='CHARACTER%20VARYING']" dataType="VARCHAR" typeName="CHARACTER VARYING" columnSize="1000000000" decimalDigits="0" nullable="1" charOctetLength="1000000000" ordinalPosition="1" isNullable="YES" isAutoincrement="NO" isGeneratedcolumn="NO"/>
        <columns uuid="28fe6fdd-f65a-4643-a26a-8a99ddf98b4f" name="SPECIFIC_SCHEMA" type="//@dataTypes[name='CHARACTER%20VARYING']" dataType="VARCHAR" typeName="CHARACTER VARYING" columnSize="1000000000" decimalDigits="0" nullable="1" charOctetLength="1000000000" ordinalPosition="2" isNullable="YES" isAutoincrement="NO" isGeneratedcolumn="NO"/>
        <columns uuid="269ad7a0-68f3-4336-b435-29671d1b288d" name="SPECIFIC_NAME" type="//@dataTypes[name='CHARACTER%20VARYING']" dataType="VARCHAR" typeName="CHARACTER VARYING" columnSize="1000000000" decimalDigits="0" nullable="1" charOctetLength="1000000000" ordinalPosition="3" isNullable="YES" isAutoincrement="NO" isGeneratedcolumn="NO"/>
        <columns uuid="8d1bc6fe-a051-4f4f-8598-274912c53c8d" name="ORDINAL_POSITION" type="//@dataTypes[name='INTEGER']" dataType="INTEGER" typeName="INTEGER" columnSize="32" decimalDigits="0" numPrecRadix="2" nullable="1" charOctetLength="32" ordinalPosition="4" isNullable="YES" isAutoincrement="NO" isGeneratedcolumn="NO"/>
        <columns uuid="527587d0-3e59-41b1-a63b-b861158fc75b" name="PARAMETER_MODE" type="//@dataTypes[name='CHARACTER%20VARYING']" dataType="VARCHAR" typeName="CHARACTER VARYING" columnSize="1000000000" decimalDigits="0" nullable="1" charOctetLength="1000000000" ordinalPosition="5" isNullable="YES" isAutoincrement="NO" isGeneratedcolumn="NO"/>
        <columns uuid="dfde714e-8d75-4c75-9963-86f41e1e2c57" name="IS_RESULT" type="//@dataTypes[name='CHARACTER%20VARYING']" dataType="VARCHAR" typeName="CHARACTER VARYING" columnSize="1000000000" decimalDigits="0" nullable="1" charOctetLength="1000000000" ordinalPosition="6" isNullable="YES" isAutoincrement="NO" isGeneratedcolumn="NO"/>
        <columns uuid="f57fe493-c656-4826-a3fc-4e0cdac9d9f9" name="AS_LOCATOR" type="//@dataTypes[name='CHARACTER%20VARYING']" dataType="VARCHAR" typeName="CHARACTER VARYING" columnSize="1000000000" decimalDigits="0" nullable="1" charOctetLength="1000000000" ordinalPosition="7" isNullable="YES" isAutoincrement="NO" isGeneratedcolumn="NO"/>
        <columns uuid="5ebf1085-8f79-46d9-97de-d1ef31cf08f7" name="PARAMETER_NAME" type="//@dataTypes[name='CHARACTER%20VARYING']" dataType="VARCHAR" typeName="CHARACTER VARYING" columnSize="1000000000" decimalDigits="0" nullable="1" charOctetLength="1000000000" ordinalPosition="8" isNullable="YES" isAutoincrement="NO" isGeneratedcolumn="NO"/>
        <columns uuid="be7e2983-f640-485a-9f3b-1b10abbaafe0" name="DATA_TYPE" type="//@dataTypes[name='CHARACTER%20VARYING']" dataType="VARCHAR" typeName="CHARACTER VARYING" columnSize="1000000000" decimalDigits="0" nullable="1" charOctetLength="1000000000" ordinalPosition="9" isNullable="YES" isAutoincrement="NO" isGeneratedcolumn="NO"/>
        <columns uuid="ae720c53-a076-4626-89c6-4ab77433158f" name="CHARACTER_MAXIMUM_LENGTH" type="//@dataTypes[name='BIGINT']" dataType="BIGINT" typeName="BIGINT" columnSize="64" decimalDigits="0" numPrecRadix="2" nullable="1" charOctetLength="64" ordinalPosition="10" isNullable="YES" isAutoincrement="NO" isGeneratedcolumn="NO"/>
        <columns uuid="c1dd7a4b-e169-48e0-a89e-fc18af9cc374" name="CHARACTER_OCTET_LENGTH" type="//@dataTypes[name='BIGINT']" dataType="BIGINT" typeName="BIGINT" columnSize="64" decimalDigits="0" numPrecRadix="2" nullable="1" charOctetLength="64" ordinalPosition="11" isNullable="YES" isAutoincrement="NO" isGeneratedcolumn="NO"/>
        <columns uuid="368b7a11-3f71-472f-bf52-5885176847d0" name="CHARACTER_SET_CATALOG" type="//@dataTypes[name='CHARACTER%20VARYING']" dataType="VARCHAR" typeName="CHARACTER VARYING" columnSize="1000000000" decimalDigits="0" nullable="1" charOctetLength="1000000000" ordinalPosition="12" isNullable="YES" isAutoincrement="NO" isGeneratedcolumn="NO"/>
        <columns uuid="0d9d21a5-14bf-4678-9439-8f85a0f1e97c" name="CHARACTER_SET_SCHEMA" type="//@dataTypes[name='CHARACTER%20VARYING']" dataType="VARCHAR" typeName="CHARACTER VARYING" columnSize="1000000000" decimalDigits="0" nullable="1" charOctetLength="1000000000" ordinalPosition="13" isNullable="YES" isAutoincrement="NO" isGeneratedcolumn="NO"/>
        <columns uuid="d27504a7-dbaa-49c4-a655-b25d2923b169" name="CHARACTER_SET_NAME" type="//@dataTypes[name='CHARACTER%20VARYING']" dataType="VARCHAR" typeName="CHARACTER VARYING" columnSize="1000000000" decimalDigits="0" nullable="1" charOctetLength="1000000000" ordinalPosition="14" isNullable="YES" isAutoincrement="NO" isGeneratedcolumn="NO"/>
        <columns uuid="0d53d9d4-6c4d-47a2-8a08-dc07b241c480" name="COLLATION_CATALOG" type="//@dataTypes[name='CHARACTER%20VARYING']" dataType="VARCHAR" typeName="CHARACTER VARYING" columnSize="1000000000" decimalDigits="0" nullable="1" charOctetLength="1000000000" ordinalPosition="15" isNullable="YES" isAutoincrement="NO" isGeneratedcolumn="NO"/>
        <columns uuid="774ddecc-12dd-4e60-a970-0aefdace5a2e" name="COLLATION_SCHEMA" type="//@dataTypes[name='CHARACTER%20VARYING']" dataType="VARCHAR" typeName="CHARACTER VARYING" columnSize="1000000000" decimalDigits="0" nullable="1" charOctetLength="1000000000" ordinalPosition="16" isNullable="YES" isAutoincrement="NO" isGeneratedcolumn="NO"/>
        <columns uuid="6861d960-5be9-49ce-9806-c694418f316c" name="COLLATION_NAME" type="//@dataTypes[name='CHARACTER%20VARYING']" dataType="VARCHAR" typeName="CHARACTER VARYING" columnSize="1000000000" decimalDigits="0" nullable="1" charOctetLength="1000000000" ordinalPosition="17" isNullable="YES" isAutoincrement="NO" isGeneratedcolumn="NO"/>
        <columns uuid="eedbc1bd-24e6-4e92-8b90-b05366123e39" name="NUMERIC_PRECISION" type="//@dataTypes[name='INTEGER']" dataType="INTEGER" typeName="INTEGER" columnSize="32" decimalDigits="0" numPrecRadix="2" nullable="1" charOctetLength="32" ordinalPosition="18" isNullable="YES" isAutoincrement="NO" isGeneratedcolumn="NO"/>
        <columns uuid="11bc9cb4-08c7-42e9-95fa-196d46c8e67b" name="NUMERIC_PRECISION_RADIX" type="//@dataTypes[name='INTEGER']" dataType="INTEGER" typeName="INTEGER" columnSize="32" decimalDigits="0" numPrecRadix="2" nullable="1" charOctetLength="32" ordinalPosition="19" isNullable="YES" isAutoincrement="NO" isGeneratedcolumn="NO"/>
        <columns uuid="f79217d6-50c5-411a-827d-9d8a2b166f55" name="NUMERIC_SCALE" type="//@dataTypes[name='INTEGER']" dataType="INTEGER" typeName="INTEGER" columnSize="32" decimalDigits="0" numPrecRadix="2" nullable="1" charOctetLength="32" ordinalPosition="20" isNullable="YES" isAutoincrement="NO" isGeneratedcolumn="NO"/>
        <columns uuid="3374cb7a-d797-4a62-b9b4-0208c11ccd88" name="DATETIME_PRECISION" type="//@dataTypes[name='INTEGER']" dataType="INTEGER" typeName="INTEGER" columnSize="32" decimalDigits="0" numPrecRadix="2" nullable="1" charOctetLength="32" ordinalPosition="21" isNullable="YES" isAutoincrement="NO" isGeneratedcolumn="NO"/>
        <columns uuid="2f6c7f87-aab7-43c9-9231-881837ad67d8" name="INTERVAL_TYPE" type="//@dataTypes[name='CHARACTER%20VARYING']" dataType="VARCHAR" typeName="CHARACTER VARYING" columnSize="1000000000" decimalDigits="0" nullable="1" charOctetLength="1000000000" ordinalPosition="22" isNullable="YES" isAutoincrement="NO" isGeneratedcolumn="NO"/>
        <columns uuid="9e950197-7e67-4156-8171-032ddfc7bcd9" name="INTERVAL_PRECISION" type="//@dataTypes[name='INTEGER']" dataType="INTEGER" typeName="INTEGER" columnSize="32" decimalDigits="0" numPrecRadix="2" nullable="1" charOctetLength="32" ordinalPosition="23" isNullable="YES" isAutoincrement="NO" isGeneratedcolumn="NO"/>
        <columns uuid="2938fd2b-f55a-411a-a1cf-60aea98065c8" name="MAXIMUM_CARDINALITY" type="//@dataTypes[name='INTEGER']" dataType="INTEGER" typeName="INTEGER" columnSize="32" decimalDigits="0" numPrecRadix="2" nullable="1" charOctetLength="32" ordinalPosition="24" isNullable="YES" isAutoincrement="NO" isGeneratedcolumn="NO"/>
        <columns uuid="1cc1c11a-34af-423f-b970-b6eda212e827" name="DTD_IDENTIFIER" type="//@dataTypes[name='CHARACTER%20VARYING']" dataType="VARCHAR" typeName="CHARACTER VARYING" columnSize="1000000000" decimalDigits="0" nullable="1" charOctetLength="1000000000" ordinalPosition="25" isNullable="YES" isAutoincrement="NO" isGeneratedcolumn="NO"/>
        <columns uuid="41db6f76-d1b8-4eb7-8b25-d358580f35ac" name="DECLARED_DATA_TYPE" type="//@dataTypes[name='CHARACTER%20VARYING']" dataType="VARCHAR" typeName="CHARACTER VARYING" columnSize="1000000000" decimalDigits="0" nullable="1" charOctetLength="1000000000" ordinalPosition="26" isNullable="YES" isAutoincrement="NO" isGeneratedcolumn="NO"/>
        <columns uuid="134baad9-cdaa-4f43-9fdf-5ddee4df46a1" name="DECLARED_NUMERIC_PRECISION" type="//@dataTypes[name='INTEGER']" dataType="INTEGER" typeName="INTEGER" columnSize="32" decimalDigits="0" numPrecRadix="2" nullable="1" charOctetLength="32" ordinalPosition="27" isNullable="YES" isAutoincrement="NO" isGeneratedcolumn="NO"/>
        <columns uuid="93711262-7b88-4130-9218-d9f33d84868e" name="DECLARED_NUMERIC_SCALE" type="//@dataTypes[name='INTEGER']" dataType="INTEGER" typeName="INTEGER" columnSize="32" decimalDigits="0" numPrecRadix="2" nullable="1" charOctetLength="32" ordinalPosition="28" isNullable="YES" isAutoincrement="NO" isGeneratedcolumn="NO"/>
        <columns uuid="3032c93b-f630-4aa8-b0dc-1b9ac0d8a34b" name="PARAMETER_DEFAULT" type="//@dataTypes[name='CHARACTER%20VARYING']" dataType="VARCHAR" typeName="CHARACTER VARYING" columnSize="1000000000" decimalDigits="0" nullable="1" charOctetLength="1000000000" ordinalPosition="29" isNullable="YES" isAutoincrement="NO" isGeneratedcolumn="NO"/>
        <columns uuid="b057ac62-b195-48a4-a63c-dc088be9e063" name="GEOMETRY_TYPE" type="//@dataTypes[name='CHARACTER%20VARYING']" dataType="VARCHAR" typeName="CHARACTER VARYING" columnSize="1000000000" decimalDigits="0" nullable="1" charOctetLength="1000000000" ordinalPosition="30" isNullable="YES" isAutoincrement="NO" isGeneratedcolumn="NO"/>
        <columns uuid="9c573989-f724-49cf-a8f6-6383a0055a26" name="GEOMETRY_SRID" type="//@dataTypes[name='INTEGER']" dataType="INTEGER" typeName="INTEGER" columnSize="32" decimalDigits="0" numPrecRadix="2" nullable="1" charOctetLength="32" ordinalPosition="31" isNullable="YES" isAutoincrement="NO" isGeneratedcolumn="NO"/>
      </tables>
      <tables uuid="625e9365-b74f-42a0-bc45-851386e6d347" name="REFERENTIAL_CONSTRAINTS">
        <columns uuid="a0b62d93-25f7-40f3-a25e-eed5a1876a2f" name="CONSTRAINT_CATALOG" type="//@dataTypes[name='CHARACTER%20VARYING']" dataType="VARCHAR" typeName="CHARACTER VARYING" columnSize="1000000000" decimalDigits="0" nullable="1" charOctetLength="1000000000" ordinalPosition="1" isNullable="YES" isAutoincrement="NO" isGeneratedcolumn="NO"/>
        <columns uuid="d537a6cf-a2e5-4dee-9d5c-b3b985d9c428" name="CONSTRAINT_SCHEMA" type="//@dataTypes[name='CHARACTER%20VARYING']" dataType="VARCHAR" typeName="CHARACTER VARYING" columnSize="1000000000" decimalDigits="0" nullable="1" charOctetLength="1000000000" ordinalPosition="2" isNullable="YES" isAutoincrement="NO" isGeneratedcolumn="NO"/>
        <columns uuid="f78eecfa-31fe-4751-be64-10a8773c5fb0" name="CONSTRAINT_NAME" type="//@dataTypes[name='CHARACTER%20VARYING']" dataType="VARCHAR" typeName="CHARACTER VARYING" columnSize="1000000000" decimalDigits="0" nullable="1" charOctetLength="1000000000" ordinalPosition="3" isNullable="YES" isAutoincrement="NO" isGeneratedcolumn="NO"/>
        <columns uuid="4643de69-16fe-4aa9-8fc1-c5ec9780128b" name="UNIQUE_CONSTRAINT_CATALOG" type="//@dataTypes[name='CHARACTER%20VARYING']" dataType="VARCHAR" typeName="CHARACTER VARYING" columnSize="1000000000" decimalDigits="0" nullable="1" charOctetLength="1000000000" ordinalPosition="4" isNullable="YES" isAutoincrement="NO" isGeneratedcolumn="NO"/>
        <columns uuid="4c9e1451-69d2-4ffa-9898-72a83a92f98d" name="UNIQUE_CONSTRAINT_SCHEMA" type="//@dataTypes[name='CHARACTER%20VARYING']" dataType="VARCHAR" typeName="CHARACTER VARYING" columnSize="1000000000" decimalDigits="0" nullable="1" charOctetLength="1000000000" ordinalPosition="5" isNullable="YES" isAutoincrement="NO" isGeneratedcolumn="NO"/>
        <columns uuid="9b7c889b-0361-4120-8667-67323ac2f8c4" name="UNIQUE_CONSTRAINT_NAME" type="//@dataTypes[name='CHARACTER%20VARYING']" dataType="VARCHAR" typeName="CHARACTER VARYING" columnSize="1000000000" decimalDigits="0" nullable="1" charOctetLength="1000000000" ordinalPosition="6" isNullable="YES" isAutoincrement="NO" isGeneratedcolumn="NO"/>
        <columns uuid="be3efd2d-1835-4037-8208-c248641dddde" name="MATCH_OPTION" type="//@dataTypes[name='CHARACTER%20VARYING']" dataType="VARCHAR" typeName="CHARACTER VARYING" columnSize="1000000000" decimalDigits="0" nullable="1" charOctetLength="1000000000" ordinalPosition="7" isNullable="YES" isAutoincrement="NO" isGeneratedcolumn="NO"/>
        <columns uuid="8d0ed034-6d1c-49e9-8b2b-820681954122" name="UPDATE_RULE" type="//@dataTypes[name='CHARACTER%20VARYING']" dataType="VARCHAR" typeName="CHARACTER VARYING" columnSize="1000000000" decimalDigits="0" nullable="1" charOctetLength="1000000000" ordinalPosition="8" isNullable="YES" isAutoincrement="NO" isGeneratedcolumn="NO"/>
        <columns uuid="62d6da2e-35ac-4b7b-96d9-38e263076c33" name="DELETE_RULE" type="//@dataTypes[name='CHARACTER%20VARYING']" dataType="VARCHAR" typeName="CHARACTER VARYING" columnSize="1000000000" decimalDigits="0" nullable="1" charOctetLength="1000000000" ordinalPosition="9" isNullable="YES" isAutoincrement="NO" isGeneratedcolumn="NO"/>
      </tables>
      <tables uuid="527a696b-aa02-4c6c-a713-869165e088af" name="ROUTINES">
        <columns uuid="2da74080-a1ee-4db0-a8e4-0a600743b7a2" name="SPECIFIC_CATALOG" type="//@dataTypes[name='CHARACTER%20VARYING']" dataType="VARCHAR" typeName="CHARACTER VARYING" columnSize="1000000000" decimalDigits="0" nullable="1" charOctetLength="1000000000" ordinalPosition="1" isNullable="YES" isAutoincrement="NO" isGeneratedcolumn="NO"/>
        <columns uuid="89e6f29c-18f2-41ba-9969-9639bccb604b" name="SPECIFIC_SCHEMA" type="//@dataTypes[name='CHARACTER%20VARYING']" dataType="VARCHAR" typeName="CHARACTER VARYING" columnSize="1000000000" decimalDigits="0" nullable="1" charOctetLength="1000000000" ordinalPosition="2" isNullable="YES" isAutoincrement="NO" isGeneratedcolumn="NO"/>
        <columns uuid="d29eedf6-44a5-4c09-8c34-e038b920bd68" name="SPECIFIC_NAME" type="//@dataTypes[name='CHARACTER%20VARYING']" dataType="VARCHAR" typeName="CHARACTER VARYING" columnSize="1000000000" decimalDigits="0" nullable="1" charOctetLength="1000000000" ordinalPosition="3" isNullable="YES" isAutoincrement="NO" isGeneratedcolumn="NO"/>
        <columns uuid="b6e76590-28ac-4af5-abb1-98c30e1c32ba" name="ROUTINE_CATALOG" type="//@dataTypes[name='CHARACTER%20VARYING']" dataType="VARCHAR" typeName="CHARACTER VARYING" columnSize="1000000000" decimalDigits="0" nullable="1" charOctetLength="1000000000" ordinalPosition="4" isNullable="YES" isAutoincrement="NO" isGeneratedcolumn="NO"/>
        <columns uuid="f87d8ec1-988b-4385-a70e-08e80a38fec8" name="ROUTINE_SCHEMA" type="//@dataTypes[name='CHARACTER%20VARYING']" dataType="VARCHAR" typeName="CHARACTER VARYING" columnSize="1000000000" decimalDigits="0" nullable="1" charOctetLength="1000000000" ordinalPosition="5" isNullable="YES" isAutoincrement="NO" isGeneratedcolumn="NO"/>
        <columns uuid="20368ba0-18f8-4137-bead-c54a31b44d74" name="ROUTINE_NAME" type="//@dataTypes[name='CHARACTER%20VARYING']" dataType="VARCHAR" typeName="CHARACTER VARYING" columnSize="1000000000" decimalDigits="0" nullable="1" charOctetLength="1000000000" ordinalPosition="6" isNullable="YES" isAutoincrement="NO" isGeneratedcolumn="NO"/>
        <columns uuid="1ae3d606-7858-42fa-ba1e-3b5e41669551" name="ROUTINE_TYPE" type="//@dataTypes[name='CHARACTER%20VARYING']" dataType="VARCHAR" typeName="CHARACTER VARYING" columnSize="1000000000" decimalDigits="0" nullable="1" charOctetLength="1000000000" ordinalPosition="7" isNullable="YES" isAutoincrement="NO" isGeneratedcolumn="NO"/>
        <columns uuid="190de1af-29e6-462f-ab5c-1494cbb51a82" name="DATA_TYPE" type="//@dataTypes[name='CHARACTER%20VARYING']" dataType="VARCHAR" typeName="CHARACTER VARYING" columnSize="1000000000" decimalDigits="0" nullable="1" charOctetLength="1000000000" ordinalPosition="8" isNullable="YES" isAutoincrement="NO" isGeneratedcolumn="NO"/>
        <columns uuid="0debacef-0844-4d5a-93b3-9eac023e5c68" name="CHARACTER_MAXIMUM_LENGTH" type="//@dataTypes[name='BIGINT']" dataType="BIGINT" typeName="BIGINT" columnSize="64" decimalDigits="0" numPrecRadix="2" nullable="1" charOctetLength="64" ordinalPosition="9" isNullable="YES" isAutoincrement="NO" isGeneratedcolumn="NO"/>
        <columns uuid="fdf515e0-8924-4a5a-aa2a-f4ba81fe3f8c" name="CHARACTER_OCTET_LENGTH" type="//@dataTypes[name='BIGINT']" dataType="BIGINT" typeName="BIGINT" columnSize="64" decimalDigits="0" numPrecRadix="2" nullable="1" charOctetLength="64" ordinalPosition="10" isNullable="YES" isAutoincrement="NO" isGeneratedcolumn="NO"/>
        <columns uuid="53361cad-53a0-4c45-acc2-490741c709b3" name="CHARACTER_SET_CATALOG" type="//@dataTypes[name='CHARACTER%20VARYING']" dataType="VARCHAR" typeName="CHARACTER VARYING" columnSize="1000000000" decimalDigits="0" nullable="1" charOctetLength="1000000000" ordinalPosition="11" isNullable="YES" isAutoincrement="NO" isGeneratedcolumn="NO"/>
        <columns uuid="16b7ace4-b80c-404d-9c34-d8462dd073ff" name="CHARACTER_SET_SCHEMA" type="//@dataTypes[name='CHARACTER%20VARYING']" dataType="VARCHAR" typeName="CHARACTER VARYING" columnSize="1000000000" decimalDigits="0" nullable="1" charOctetLength="1000000000" ordinalPosition="12" isNullable="YES" isAutoincrement="NO" isGeneratedcolumn="NO"/>
        <columns uuid="5e1c36a5-a357-4f01-bff7-cd28562b1505" name="CHARACTER_SET_NAME" type="//@dataTypes[name='CHARACTER%20VARYING']" dataType="VARCHAR" typeName="CHARACTER VARYING" columnSize="1000000000" decimalDigits="0" nullable="1" charOctetLength="1000000000" ordinalPosition="13" isNullable="YES" isAutoincrement="NO" isGeneratedcolumn="NO"/>
        <columns uuid="9adb7d69-dc29-454a-8581-eb5072ad719f" name="COLLATION_CATALOG" type="//@dataTypes[name='CHARACTER%20VARYING']" dataType="VARCHAR" typeName="CHARACTER VARYING" columnSize="1000000000" decimalDigits="0" nullable="1" charOctetLength="1000000000" ordinalPosition="14" isNullable="YES" isAutoincrement="NO" isGeneratedcolumn="NO"/>
        <columns uuid="f2f2f232-da78-4887-9089-407c7671343f" name="COLLATION_SCHEMA" type="//@dataTypes[name='CHARACTER%20VARYING']" dataType="VARCHAR" typeName="CHARACTER VARYING" columnSize="1000000000" decimalDigits="0" nullable="1" charOctetLength="1000000000" ordinalPosition="15" isNullable="YES" isAutoincrement="NO" isGeneratedcolumn="NO"/>
        <columns uuid="b3294b3c-4f29-4fad-b759-d59fd8df795b" name="COLLATION_NAME" type="//@dataTypes[name='CHARACTER%20VARYING']" dataType="VARCHAR" typeName="CHARACTER VARYING" columnSize="1000000000" decimalDigits="0" nullable="1" charOctetLength="1000000000" ordinalPosition="16" isNullable="YES" isAutoincrement="NO" isGeneratedcolumn="NO"/>
        <columns uuid="bd2afda0-7fc3-4344-9490-1a3caa7bdb3e" name="NUMERIC_PRECISION" type="//@dataTypes[name='INTEGER']" dataType="INTEGER" typeName="INTEGER" columnSize="32" decimalDigits="0" numPrecRadix="2" nullable="1" charOctetLength="32" ordinalPosition="17" isNullable="YES" isAutoincrement="NO" isGeneratedcolumn="NO"/>
        <columns uuid="0b8461eb-a768-4672-96a6-4a86a74d12db" name="NUMERIC_PRECISION_RADIX" type="//@dataTypes[name='INTEGER']" dataType="INTEGER" typeName="INTEGER" columnSize="32" decimalDigits="0" numPrecRadix="2" nullable="1" charOctetLength="32" ordinalPosition="18" isNullable="YES" isAutoincrement="NO" isGeneratedcolumn="NO"/>
        <columns uuid="3747a661-7067-45aa-8c2c-a2ff3cdb46f0" name="NUMERIC_SCALE" type="//@dataTypes[name='INTEGER']" dataType="INTEGER" typeName="INTEGER" columnSize="32" decimalDigits="0" numPrecRadix="2" nullable="1" charOctetLength="32" ordinalPosition="19" isNullable="YES" isAutoincrement="NO" isGeneratedcolumn="NO"/>
        <columns uuid="f7d24988-5c22-429b-94d5-eac94562df79" name="DATETIME_PRECISION" type="//@dataTypes[name='INTEGER']" dataType="INTEGER" typeName="INTEGER" columnSize="32" decimalDigits="0" numPrecRadix="2" nullable="1" charOctetLength="32" ordinalPosition="20" isNullable="YES" isAutoincrement="NO" isGeneratedcolumn="NO"/>
        <columns uuid="3d819031-6406-4bbf-88ac-b52de1b8e05c" name="INTERVAL_TYPE" type="//@dataTypes[name='CHARACTER%20VARYING']" dataType="VARCHAR" typeName="CHARACTER VARYING" columnSize="1000000000" decimalDigits="0" nullable="1" charOctetLength="1000000000" ordinalPosition="21" isNullable="YES" isAutoincrement="NO" isGeneratedcolumn="NO"/>
        <columns uuid="f658ea81-de7d-4b52-a6ba-b23cf3f3f11a" name="INTERVAL_PRECISION" type="//@dataTypes[name='INTEGER']" dataType="INTEGER" typeName="INTEGER" columnSize="32" decimalDigits="0" numPrecRadix="2" nullable="1" charOctetLength="32" ordinalPosition="22" isNullable="YES" isAutoincrement="NO" isGeneratedcolumn="NO"/>
        <columns uuid="4be3cde1-6c77-4e4c-bb5b-c637192d1d4b" name="MAXIMUM_CARDINALITY" type="//@dataTypes[name='INTEGER']" dataType="INTEGER" typeName="INTEGER" columnSize="32" decimalDigits="0" numPrecRadix="2" nullable="1" charOctetLength="32" ordinalPosition="23" isNullable="YES" isAutoincrement="NO" isGeneratedcolumn="NO"/>
        <columns uuid="7379badb-a9c1-4fc0-846d-df7e105ff59f" name="DTD_IDENTIFIER" type="//@dataTypes[name='CHARACTER%20VARYING']" dataType="VARCHAR" typeName="CHARACTER VARYING" columnSize="1000000000" decimalDigits="0" nullable="1" charOctetLength="1000000000" ordinalPosition="24" isNullable="YES" isAutoincrement="NO" isGeneratedcolumn="NO"/>
        <columns uuid="c8da4a91-333c-4ce6-a01b-b7b585cec113" name="ROUTINE_BODY" type="//@dataTypes[name='CHARACTER%20VARYING']" dataType="VARCHAR" typeName="CHARACTER VARYING" columnSize="1000000000" decimalDigits="0" nullable="1" charOctetLength="1000000000" ordinalPosition="25" isNullable="YES" isAutoincrement="NO" isGeneratedcolumn="NO"/>
        <columns uuid="0014e6fe-f3bb-4976-99e2-8c1d5d6ceedd" name="ROUTINE_DEFINITION" type="//@dataTypes[name='CHARACTER%20VARYING']" dataType="VARCHAR" typeName="CHARACTER VARYING" columnSize="1000000000" decimalDigits="0" nullable="1" charOctetLength="1000000000" ordinalPosition="26" isNullable="YES" isAutoincrement="NO" isGeneratedcolumn="NO"/>
        <columns uuid="8e67e5ed-c88c-4c5f-b7fc-a17ec69ffd16" name="EXTERNAL_NAME" type="//@dataTypes[name='CHARACTER%20VARYING']" dataType="VARCHAR" typeName="CHARACTER VARYING" columnSize="1000000000" decimalDigits="0" nullable="1" charOctetLength="1000000000" ordinalPosition="27" isNullable="YES" isAutoincrement="NO" isGeneratedcolumn="NO"/>
        <columns uuid="d5d0e191-d7f9-46ae-84ec-036799e05899" name="EXTERNAL_LANGUAGE" type="//@dataTypes[name='CHARACTER%20VARYING']" dataType="VARCHAR" typeName="CHARACTER VARYING" columnSize="1000000000" decimalDigits="0" nullable="1" charOctetLength="1000000000" ordinalPosition="28" isNullable="YES" isAutoincrement="NO" isGeneratedcolumn="NO"/>
        <columns uuid="0bb66faa-ba61-48c6-ab92-99166468628f" name="PARAMETER_STYLE" type="//@dataTypes[name='CHARACTER%20VARYING']" dataType="VARCHAR" typeName="CHARACTER VARYING" columnSize="1000000000" decimalDigits="0" nullable="1" charOctetLength="1000000000" ordinalPosition="29" isNullable="YES" isAutoincrement="NO" isGeneratedcolumn="NO"/>
        <columns uuid="5e31f360-fea5-416d-a92e-3ffcadccd4ec" name="IS_DETERMINISTIC" type="//@dataTypes[name='CHARACTER%20VARYING']" dataType="VARCHAR" typeName="CHARACTER VARYING" columnSize="1000000000" decimalDigits="0" nullable="1" charOctetLength="1000000000" ordinalPosition="30" isNullable="YES" isAutoincrement="NO" isGeneratedcolumn="NO"/>
        <columns uuid="f4f83691-77a3-456c-b8bb-19392621679f" name="DECLARED_DATA_TYPE" type="//@dataTypes[name='CHARACTER%20VARYING']" dataType="VARCHAR" typeName="CHARACTER VARYING" columnSize="1000000000" decimalDigits="0" nullable="1" charOctetLength="1000000000" ordinalPosition="31" isNullable="YES" isAutoincrement="NO" isGeneratedcolumn="NO"/>
        <columns uuid="86d187a6-c942-49f8-853c-2c84e93b745d" name="DECLARED_NUMERIC_PRECISION" type="//@dataTypes[name='INTEGER']" dataType="INTEGER" typeName="INTEGER" columnSize="32" decimalDigits="0" numPrecRadix="2" nullable="1" charOctetLength="32" ordinalPosition="32" isNullable="YES" isAutoincrement="NO" isGeneratedcolumn="NO"/>
        <columns uuid="aae8b729-b60a-419c-b7fc-5f2aed0e0b15" name="DECLARED_NUMERIC_SCALE" type="//@dataTypes[name='INTEGER']" dataType="INTEGER" typeName="INTEGER" columnSize="32" decimalDigits="0" numPrecRadix="2" nullable="1" charOctetLength="32" ordinalPosition="33" isNullable="YES" isAutoincrement="NO" isGeneratedcolumn="NO"/>
        <columns uuid="44a30521-fbe7-4bdd-8ea1-2e21d7596284" name="GEOMETRY_TYPE" type="//@dataTypes[name='CHARACTER%20VARYING']" dataType="VARCHAR" typeName="CHARACTER VARYING" columnSize="1000000000" decimalDigits="0" nullable="1" charOctetLength="1000000000" ordinalPosition="34" isNullable="YES" isAutoincrement="NO" isGeneratedcolumn="NO"/>
        <columns uuid="8607d664-d770-413d-8a58-5ea985650cd0" name="GEOMETRY_SRID" type="//@dataTypes[name='INTEGER']" dataType="INTEGER" typeName="INTEGER" columnSize="32" decimalDigits="0" numPrecRadix="2" nullable="1" charOctetLength="32" ordinalPosition="35" isNullable="YES" isAutoincrement="NO" isGeneratedcolumn="NO"/>
        <columns uuid="b25671d6-28f5-43ce-b585-04fde78d2313" name="REMARKS" type="//@dataTypes[name='CHARACTER%20VARYING']" dataType="VARCHAR" typeName="CHARACTER VARYING" columnSize="1000000000" decimalDigits="0" nullable="1" charOctetLength="1000000000" ordinalPosition="36" isNullable="YES" isAutoincrement="NO" isGeneratedcolumn="NO"/>
      </tables>
      <tables uuid="5010ea31-29a1-4e49-af36-49e66e59064b" name="SCHEMATA">
        <columns uuid="c678cb91-1660-4330-9e57-677b48dc5926" name="CATALOG_NAME" type="//@dataTypes[name='CHARACTER%20VARYING']" dataType="VARCHAR" typeName="CHARACTER VARYING" columnSize="1000000000" decimalDigits="0" nullable="1" charOctetLength="1000000000" ordinalPosition="1" isNullable="YES" isAutoincrement="NO" isGeneratedcolumn="NO"/>
        <columns uuid="e8c603b1-ffbd-4251-8a15-490cbd6dd14d" name="SCHEMA_NAME" type="//@dataTypes[name='CHARACTER%20VARYING']" dataType="VARCHAR" typeName="CHARACTER VARYING" columnSize="1000000000" decimalDigits="0" nullable="1" charOctetLength="1000000000" ordinalPosition="2" isNullable="YES" isAutoincrement="NO" isGeneratedcolumn="NO"/>
        <columns uuid="8fe69da7-4ff7-4b51-8b2a-ff93026d0d80" name="SCHEMA_OWNER" type="//@dataTypes[name='CHARACTER%20VARYING']" dataType="VARCHAR" typeName="CHARACTER VARYING" columnSize="1000000000" decimalDigits="0" nullable="1" charOctetLength="1000000000" ordinalPosition="3" isNullable="YES" isAutoincrement="NO" isGeneratedcolumn="NO"/>
        <columns uuid="0a9f76f6-6712-40d0-b4b1-5d07477fa597" name="DEFAULT_CHARACTER_SET_CATALOG" type="//@dataTypes[name='CHARACTER%20VARYING']" dataType="VARCHAR" typeName="CHARACTER VARYING" columnSize="1000000000" decimalDigits="0" nullable="1" charOctetLength="1000000000" ordinalPosition="4" isNullable="YES" isAutoincrement="NO" isGeneratedcolumn="NO"/>
        <columns uuid="42bf2dd0-2434-4091-bae3-b36f4d8e55a4" name="DEFAULT_CHARACTER_SET_SCHEMA" type="//@dataTypes[name='CHARACTER%20VARYING']" dataType="VARCHAR" typeName="CHARACTER VARYING" columnSize="1000000000" decimalDigits="0" nullable="1" charOctetLength="1000000000" ordinalPosition="5" isNullable="YES" isAutoincrement="NO" isGeneratedcolumn="NO"/>
        <columns uuid="a955c9c4-3d9d-409d-b8a6-d3e8b3eb764a" name="DEFAULT_CHARACTER_SET_NAME" type="//@dataTypes[name='CHARACTER%20VARYING']" dataType="VARCHAR" typeName="CHARACTER VARYING" columnSize="1000000000" decimalDigits="0" nullable="1" charOctetLength="1000000000" ordinalPosition="6" isNullable="YES" isAutoincrement="NO" isGeneratedcolumn="NO"/>
        <columns uuid="c84216c9-4795-4af0-9cf4-d2aab9a49997" name="SQL_PATH" type="//@dataTypes[name='CHARACTER%20VARYING']" dataType="VARCHAR" typeName="CHARACTER VARYING" columnSize="1000000000" decimalDigits="0" nullable="1" charOctetLength="1000000000" ordinalPosition="7" isNullable="YES" isAutoincrement="NO" isGeneratedcolumn="NO"/>
        <columns uuid="f3c8a495-10da-4dfa-8b1e-f483cbf908a1" name="DEFAULT_COLLATION_NAME" type="//@dataTypes[name='CHARACTER%20VARYING']" dataType="VARCHAR" typeName="CHARACTER VARYING" columnSize="1000000000" decimalDigits="0" nullable="1" charOctetLength="1000000000" ordinalPosition="8" isNullable="YES" isAutoincrement="NO" isGeneratedcolumn="NO"/>
        <columns uuid="37bc7919-22d1-40d4-8ae2-de326e6a2d66" name="REMARKS" type="//@dataTypes[name='CHARACTER%20VARYING']" dataType="VARCHAR" typeName="CHARACTER VARYING" columnSize="1000000000" decimalDigits="0" nullable="1" charOctetLength="1000000000" ordinalPosition="9" isNullable="YES" isAutoincrement="NO" isGeneratedcolumn="NO"/>
      </tables>
      <tables uuid="3190d236-95ea-438b-83e1-319314799de0" name="SEQUENCES">
        <columns uuid="8fbc12da-a1fc-431d-9e80-7234b2f59155" name="SEQUENCE_CATALOG" type="//@dataTypes[name='CHARACTER%20VARYING']" dataType="VARCHAR" typeName="CHARACTER VARYING" columnSize="1000000000" decimalDigits="0" nullable="1" charOctetLength="1000000000" ordinalPosition="1" isNullable="YES" isAutoincrement="NO" isGeneratedcolumn="NO"/>
        <columns uuid="760ae3c8-e571-49bd-b0c2-e3a71e5f88eb" name="SEQUENCE_SCHEMA" type="//@dataTypes[name='CHARACTER%20VARYING']" dataType="VARCHAR" typeName="CHARACTER VARYING" columnSize="1000000000" decimalDigits="0" nullable="1" charOctetLength="1000000000" ordinalPosition="2" isNullable="YES" isAutoincrement="NO" isGeneratedcolumn="NO"/>
        <columns uuid="e9423719-23cb-4f22-aa3e-6c1406fc0d34" name="SEQUENCE_NAME" type="//@dataTypes[name='CHARACTER%20VARYING']" dataType="VARCHAR" typeName="CHARACTER VARYING" columnSize="1000000000" decimalDigits="0" nullable="1" charOctetLength="1000000000" ordinalPosition="3" isNullable="YES" isAutoincrement="NO" isGeneratedcolumn="NO"/>
        <columns uuid="756b99a7-a3ed-4d5b-ba03-764065e5bb7c" name="DATA_TYPE" type="//@dataTypes[name='CHARACTER%20VARYING']" dataType="VARCHAR" typeName="CHARACTER VARYING" columnSize="1000000000" decimalDigits="0" nullable="1" charOctetLength="1000000000" ordinalPosition="4" isNullable="YES" isAutoincrement="NO" isGeneratedcolumn="NO"/>
        <columns uuid="4ab2d856-000d-40cc-846a-b562d4d6deea" name="NUMERIC_PRECISION" type="//@dataTypes[name='INTEGER']" dataType="INTEGER" typeName="INTEGER" columnSize="32" decimalDigits="0" numPrecRadix="2" nullable="1" charOctetLength="32" ordinalPosition="5" isNullable="YES" isAutoincrement="NO" isGeneratedcolumn="NO"/>
        <columns uuid="68d8cf28-80af-4154-8939-0c5fde7defe6" name="NUMERIC_PRECISION_RADIX" type="//@dataTypes[name='INTEGER']" dataType="INTEGER" typeName="INTEGER" columnSize="32" decimalDigits="0" numPrecRadix="2" nullable="1" charOctetLength="32" ordinalPosition="6" isNullable="YES" isAutoincrement="NO" isGeneratedcolumn="NO"/>
        <columns uuid="12f1cf4f-d18d-4551-a6fd-e6420885364d" name="NUMERIC_SCALE" type="//@dataTypes[name='INTEGER']" dataType="INTEGER" typeName="INTEGER" columnSize="32" decimalDigits="0" numPrecRadix="2" nullable="1" charOctetLength="32" ordinalPosition="7" isNullable="YES" isAutoincrement="NO" isGeneratedcolumn="NO"/>
        <columns uuid="ef0dd0cc-aaf2-4c9c-a643-4c890dae8abf" name="START_VALUE" type="//@dataTypes[name='BIGINT']" dataType="BIGINT" typeName="BIGINT" columnSize="64" decimalDigits="0" numPrecRadix="2" nullable="1" charOctetLength="64" ordinalPosition="8" isNullable="YES" isAutoincrement="NO" isGeneratedcolumn="NO"/>
        <columns uuid="f7567c99-3db4-4758-a7b2-e62529ea94a0" name="MINIMUM_VALUE" type="//@dataTypes[name='BIGINT']" dataType="BIGINT" typeName="BIGINT" columnSize="64" decimalDigits="0" numPrecRadix="2" nullable="1" charOctetLength="64" ordinalPosition="9" isNullable="YES" isAutoincrement="NO" isGeneratedcolumn="NO"/>
        <columns uuid="b110b9d9-ddb2-4547-aa39-b485c52f2e45" name="MAXIMUM_VALUE" type="//@dataTypes[name='BIGINT']" dataType="BIGINT" typeName="BIGINT" columnSize="64" decimalDigits="0" numPrecRadix="2" nullable="1" charOctetLength="64" ordinalPosition="10" isNullable="YES" isAutoincrement="NO" isGeneratedcolumn="NO"/>
        <columns uuid="82d62cfe-daaf-4ff2-addb-44d744fc6440" name="INCREMENT" type="//@dataTypes[name='BIGINT']" dataType="BIGINT" typeName="BIGINT" columnSize="64" decimalDigits="0" numPrecRadix="2" nullable="1" charOctetLength="64" ordinalPosition="11" isNullable="YES" isAutoincrement="NO" isGeneratedcolumn="NO"/>
        <columns uuid="2dc135f6-a10c-4778-818d-54fb4511a0e9" name="CYCLE_OPTION" type="//@dataTypes[name='CHARACTER%20VARYING']" dataType="VARCHAR" typeName="CHARACTER VARYING" columnSize="1000000000" decimalDigits="0" nullable="1" charOctetLength="1000000000" ordinalPosition="12" isNullable="YES" isAutoincrement="NO" isGeneratedcolumn="NO"/>
        <columns uuid="7e4b00cf-fc10-4130-92f0-b7192eec9dd8" name="DECLARED_DATA_TYPE" type="//@dataTypes[name='CHARACTER%20VARYING']" dataType="VARCHAR" typeName="CHARACTER VARYING" columnSize="1000000000" decimalDigits="0" nullable="1" charOctetLength="1000000000" ordinalPosition="13" isNullable="YES" isAutoincrement="NO" isGeneratedcolumn="NO"/>
        <columns uuid="fced31c9-9be1-4571-a24d-5b95fc54bdf7" name="DECLARED_NUMERIC_PRECISION" type="//@dataTypes[name='INTEGER']" dataType="INTEGER" typeName="INTEGER" columnSize="32" decimalDigits="0" numPrecRadix="2" nullable="1" charOctetLength="32" ordinalPosition="14" isNullable="YES" isAutoincrement="NO" isGeneratedcolumn="NO"/>
        <columns uuid="6064f82f-58e7-4a60-84a7-9da25c40e50c" name="DECLARED_NUMERIC_SCALE" type="//@dataTypes[name='INTEGER']" dataType="INTEGER" typeName="INTEGER" columnSize="32" decimalDigits="0" numPrecRadix="2" nullable="1" charOctetLength="32" ordinalPosition="15" isNullable="YES" isAutoincrement="NO" isGeneratedcolumn="NO"/>
        <columns uuid="eb140387-cf95-4ad1-b3f3-05b9dd9bb0ac" name="BASE_VALUE" type="//@dataTypes[name='BIGINT']" dataType="BIGINT" typeName="BIGINT" columnSize="64" decimalDigits="0" numPrecRadix="2" nullable="1" charOctetLength="64" ordinalPosition="16" isNullable="YES" isAutoincrement="NO" isGeneratedcolumn="NO"/>
        <columns uuid="f903183c-4f22-4c0f-90e1-b0c72310fe6f" name="CACHE" type="//@dataTypes[name='BIGINT']" dataType="BIGINT" typeName="BIGINT" columnSize="64" decimalDigits="0" numPrecRadix="2" nullable="1" charOctetLength="64" ordinalPosition="17" isNullable="YES" isAutoincrement="NO" isGeneratedcolumn="NO"/>
        <columns uuid="68b0702f-43d6-4aa3-a624-27f745e54667" name="REMARKS" type="//@dataTypes[name='CHARACTER%20VARYING']" dataType="VARCHAR" typeName="CHARACTER VARYING" columnSize="1000000000" decimalDigits="0" nullable="1" charOctetLength="1000000000" ordinalPosition="18" isNullable="YES" isAutoincrement="NO" isGeneratedcolumn="NO"/>
      </tables>
      <tables uuid="64203506-8b1b-4fab-bd2b-2f5591005035" name="TABLES">
        <columns uuid="162380a8-1a5c-4158-8534-425e503b1064" name="TABLE_CATALOG" type="//@dataTypes[name='CHARACTER%20VARYING']" dataType="VARCHAR" typeName="CHARACTER VARYING" columnSize="1000000000" decimalDigits="0" nullable="1" charOctetLength="1000000000" ordinalPosition="1" isNullable="YES" isAutoincrement="NO" isGeneratedcolumn="NO"/>
        <columns uuid="254839f9-b8f5-4fd2-a8ab-f62610a339c6" name="TABLE_SCHEMA" type="//@dataTypes[name='CHARACTER%20VARYING']" dataType="VARCHAR" typeName="CHARACTER VARYING" columnSize="1000000000" decimalDigits="0" nullable="1" charOctetLength="1000000000" ordinalPosition="2" isNullable="YES" isAutoincrement="NO" isGeneratedcolumn="NO"/>
        <columns uuid="fe0e8b17-6648-40a3-9286-dc7e4b4e547b" name="TABLE_NAME" type="//@dataTypes[name='CHARACTER%20VARYING']" dataType="VARCHAR" typeName="CHARACTER VARYING" columnSize="1000000000" decimalDigits="0" nullable="1" charOctetLength="1000000000" ordinalPosition="3" isNullable="YES" isAutoincrement="NO" isGeneratedcolumn="NO"/>
        <columns uuid="c415a3a3-94e6-434c-af3e-66bcdb7bf596" name="TABLE_TYPE" type="//@dataTypes[name='CHARACTER%20VARYING']" dataType="VARCHAR" typeName="CHARACTER VARYING" columnSize="1000000000" decimalDigits="0" nullable="1" charOctetLength="1000000000" ordinalPosition="4" isNullable="YES" isAutoincrement="NO" isGeneratedcolumn="NO"/>
        <columns uuid="5d113ff8-1e1c-4763-9400-1b6420c3b912" name="IS_INSERTABLE_INTO" type="//@dataTypes[name='CHARACTER%20VARYING']" dataType="VARCHAR" typeName="CHARACTER VARYING" columnSize="1000000000" decimalDigits="0" nullable="1" charOctetLength="1000000000" ordinalPosition="5" isNullable="YES" isAutoincrement="NO" isGeneratedcolumn="NO"/>
        <columns uuid="2f877ffb-6cda-4d6a-88de-8c6a2c674e7a" name="COMMIT_ACTION" type="//@dataTypes[name='CHARACTER%20VARYING']" dataType="VARCHAR" typeName="CHARACTER VARYING" columnSize="1000000000" decimalDigits="0" nullable="1" charOctetLength="1000000000" ordinalPosition="6" isNullable="YES" isAutoincrement="NO" isGeneratedcolumn="NO"/>
        <columns uuid="61c62305-1736-41c2-9e07-0a03e5486852" name="STORAGE_TYPE" type="//@dataTypes[name='CHARACTER%20VARYING']" dataType="VARCHAR" typeName="CHARACTER VARYING" columnSize="1000000000" decimalDigits="0" nullable="1" charOctetLength="1000000000" ordinalPosition="7" isNullable="YES" isAutoincrement="NO" isGeneratedcolumn="NO"/>
        <columns uuid="923709f0-d4cf-4a3f-bd92-30a8a23abe07" name="REMARKS" type="//@dataTypes[name='CHARACTER%20VARYING']" dataType="VARCHAR" typeName="CHARACTER VARYING" columnSize="1000000000" decimalDigits="0" nullable="1" charOctetLength="1000000000" ordinalPosition="8" isNullable="YES" isAutoincrement="NO" isGeneratedcolumn="NO"/>
        <columns uuid="fe970177-1a12-415a-8001-2863dc0a50bf" name="LAST_MODIFICATION" type="//@dataTypes[name='BIGINT']" dataType="BIGINT" typeName="BIGINT" columnSize="64" decimalDigits="0" numPrecRadix="2" nullable="1" charOctetLength="64" ordinalPosition="9" isNullable="YES" isAutoincrement="NO" isGeneratedcolumn="NO"/>
        <columns uuid="08595585-3879-4b6d-80d5-1a59a882fe93" name="TABLE_CLASS" type="//@dataTypes[name='CHARACTER%20VARYING']" dataType="VARCHAR" typeName="CHARACTER VARYING" columnSize="1000000000" decimalDigits="0" nullable="1" charOctetLength="1000000000" ordinalPosition="10" isNullable="YES" isAutoincrement="NO" isGeneratedcolumn="NO"/>
        <columns uuid="6066d4d0-6e8c-4c3e-a229-cc920740b49a" name="ROW_COUNT_ESTIMATE" type="//@dataTypes[name='BIGINT']" dataType="BIGINT" typeName="BIGINT" columnSize="64" decimalDigits="0" numPrecRadix="2" nullable="1" charOctetLength="64" ordinalPosition="11" isNullable="YES" isAutoincrement="NO" isGeneratedcolumn="NO"/>
      </tables>
      <tables uuid="c603a8df-71d7-4e79-a412-cf45957df348" name="TABLE_CONSTRAINTS">
        <columns uuid="25f5c23c-ca7a-436b-b4e5-02c7fa2bf2c1" name="CONSTRAINT_CATALOG" type="//@dataTypes[name='CHARACTER%20VARYING']" dataType="VARCHAR" typeName="CHARACTER VARYING" columnSize="1000000000" decimalDigits="0" nullable="1" charOctetLength="1000000000" ordinalPosition="1" isNullable="YES" isAutoincrement="NO" isGeneratedcolumn="NO"/>
        <columns uuid="d6b09722-8a1d-4b37-b129-ec8c293d1841" name="CONSTRAINT_SCHEMA" type="//@dataTypes[name='CHARACTER%20VARYING']" dataType="VARCHAR" typeName="CHARACTER VARYING" columnSize="1000000000" decimalDigits="0" nullable="1" charOctetLength="1000000000" ordinalPosition="2" isNullable="YES" isAutoincrement="NO" isGeneratedcolumn="NO"/>
        <columns uuid="054daa8c-c8a2-49fd-9ffd-675eeb6563bf" name="CONSTRAINT_NAME" type="//@dataTypes[name='CHARACTER%20VARYING']" dataType="VARCHAR" typeName="CHARACTER VARYING" columnSize="1000000000" decimalDigits="0" nullable="1" charOctetLength="1000000000" ordinalPosition="3" isNullable="YES" isAutoincrement="NO" isGeneratedcolumn="NO"/>
        <columns uuid="e0a9f79b-cb4c-4796-a74d-5975f6dee6ee" name="CONSTRAINT_TYPE" type="//@dataTypes[name='CHARACTER%20VARYING']" dataType="VARCHAR" typeName="CHARACTER VARYING" columnSize="1000000000" decimalDigits="0" nullable="1" charOctetLength="1000000000" ordinalPosition="4" isNullable="YES" isAutoincrement="NO" isGeneratedcolumn="NO"/>
        <columns uuid="d324aee0-022b-4a27-be12-02893fbf9705" name="TABLE_CATALOG" type="//@dataTypes[name='CHARACTER%20VARYING']" dataType="VARCHAR" typeName="CHARACTER VARYING" columnSize="1000000000" decimalDigits="0" nullable="1" charOctetLength="1000000000" ordinalPosition="5" isNullable="YES" isAutoincrement="NO" isGeneratedcolumn="NO"/>
        <columns uuid="cb0aef66-d8d8-47f2-ad68-cb54b0fdd602" name="TABLE_SCHEMA" type="//@dataTypes[name='CHARACTER%20VARYING']" dataType="VARCHAR" typeName="CHARACTER VARYING" columnSize="1000000000" decimalDigits="0" nullable="1" charOctetLength="1000000000" ordinalPosition="6" isNullable="YES" isAutoincrement="NO" isGeneratedcolumn="NO"/>
        <columns uuid="7e6e025b-ba42-4e9c-8f49-5a38c0d4b85c" name="TABLE_NAME" type="//@dataTypes[name='CHARACTER%20VARYING']" dataType="VARCHAR" typeName="CHARACTER VARYING" columnSize="1000000000" decimalDigits="0" nullable="1" charOctetLength="1000000000" ordinalPosition="7" isNullable="YES" isAutoincrement="NO" isGeneratedcolumn="NO"/>
        <columns uuid="9a2839db-08ec-49bc-8abb-be6a7abed889" name="IS_DEFERRABLE" type="//@dataTypes[name='CHARACTER%20VARYING']" dataType="VARCHAR" typeName="CHARACTER VARYING" columnSize="1000000000" decimalDigits="0" nullable="1" charOctetLength="1000000000" ordinalPosition="8" isNullable="YES" isAutoincrement="NO" isGeneratedcolumn="NO"/>
        <columns uuid="85196238-8339-4f0a-b1b6-b27219a8aeab" name="INITIALLY_DEFERRED" type="//@dataTypes[name='CHARACTER%20VARYING']" dataType="VARCHAR" typeName="CHARACTER VARYING" columnSize="1000000000" decimalDigits="0" nullable="1" charOctetLength="1000000000" ordinalPosition="9" isNullable="YES" isAutoincrement="NO" isGeneratedcolumn="NO"/>
        <columns uuid="31bfc069-3e2e-4943-a59e-405530b098c6" name="ENFORCED" type="//@dataTypes[name='CHARACTER%20VARYING']" dataType="VARCHAR" typeName="CHARACTER VARYING" columnSize="1000000000" decimalDigits="0" nullable="1" charOctetLength="1000000000" ordinalPosition="10" isNullable="YES" isAutoincrement="NO" isGeneratedcolumn="NO"/>
        <columns uuid="0ef6ab69-b372-456d-8038-f2ef20e29814" name="NULLS_DISTINCT" type="//@dataTypes[name='CHARACTER%20VARYING']" dataType="VARCHAR" typeName="CHARACTER VARYING" columnSize="1000000000" decimalDigits="0" nullable="1" charOctetLength="1000000000" ordinalPosition="11" isNullable="YES" isAutoincrement="NO" isGeneratedcolumn="NO"/>
        <columns uuid="3af243f6-55c4-4281-a49a-ba9142060957" name="INDEX_CATALOG" type="//@dataTypes[name='CHARACTER%20VARYING']" dataType="VARCHAR" typeName="CHARACTER VARYING" columnSize="1000000000" decimalDigits="0" nullable="1" charOctetLength="1000000000" ordinalPosition="12" isNullable="YES" isAutoincrement="NO" isGeneratedcolumn="NO"/>
        <columns uuid="d2425aba-d18d-4d6b-b21f-339fe23bb7a4" name="INDEX_SCHEMA" type="//@dataTypes[name='CHARACTER%20VARYING']" dataType="VARCHAR" typeName="CHARACTER VARYING" columnSize="1000000000" decimalDigits="0" nullable="1" charOctetLength="1000000000" ordinalPosition="13" isNullable="YES" isAutoincrement="NO" isGeneratedcolumn="NO"/>
        <columns uuid="558b67e2-cd0f-460e-b85b-b750f964c7fc" name="INDEX_NAME" type="//@dataTypes[name='CHARACTER%20VARYING']" dataType="VARCHAR" typeName="CHARACTER VARYING" columnSize="1000000000" decimalDigits="0" nullable="1" charOctetLength="1000000000" ordinalPosition="14" isNullable="YES" isAutoincrement="NO" isGeneratedcolumn="NO"/>
        <columns uuid="938d4256-336a-474d-83c6-9ca572a24fe0" name="REMARKS" type="//@dataTypes[name='CHARACTER%20VARYING']" dataType="VARCHAR" typeName="CHARACTER VARYING" columnSize="1000000000" decimalDigits="0" nullable="1" charOctetLength="1000000000" ordinalPosition="15" isNullable="YES" isAutoincrement="NO" isGeneratedcolumn="NO"/>
      </tables>
      <tables uuid="3fe8126c-5788-45f2-af2b-35f1e70e4dac" name="TABLE_PRIVILEGES">
        <columns uuid="29e9bc6b-2240-49d0-a599-56089810f497" name="GRANTOR" type="//@dataTypes[name='CHARACTER%20VARYING']" dataType="VARCHAR" typeName="CHARACTER VARYING" columnSize="1000000000" decimalDigits="0" nullable="1" charOctetLength="1000000000" ordinalPosition="1" isNullable="YES" isAutoincrement="NO" isGeneratedcolumn="NO"/>
        <columns uuid="93b861c2-0f70-4f3b-96c7-889059c2f14f" name="GRANTEE" type="//@dataTypes[name='CHARACTER%20VARYING']" dataType="VARCHAR" typeName="CHARACTER VARYING" columnSize="1000000000" decimalDigits="0" nullable="1" charOctetLength="1000000000" ordinalPosition="2" isNullable="YES" isAutoincrement="NO" isGeneratedcolumn="NO"/>
        <columns uuid="6f2ceebd-d0a8-41d0-a8a4-c0bb3a46b895" name="TABLE_CATALOG" type="//@dataTypes[name='CHARACTER%20VARYING']" dataType="VARCHAR" typeName="CHARACTER VARYING" columnSize="1000000000" decimalDigits="0" nullable="1" charOctetLength="1000000000" ordinalPosition="3" isNullable="YES" isAutoincrement="NO" isGeneratedcolumn="NO"/>
        <columns uuid="7f26cd56-5f66-4a00-afed-a4e9330494c9" name="TABLE_SCHEMA" type="//@dataTypes[name='CHARACTER%20VARYING']" dataType="VARCHAR" typeName="CHARACTER VARYING" columnSize="1000000000" decimalDigits="0" nullable="1" charOctetLength="1000000000" ordinalPosition="4" isNullable="YES" isAutoincrement="NO" isGeneratedcolumn="NO"/>
        <columns uuid="32d07583-7d15-403f-a2ce-1e0577efd975" name="TABLE_NAME" type="//@dataTypes[name='CHARACTER%20VARYING']" dataType="VARCHAR" typeName="CHARACTER VARYING" columnSize="1000000000" decimalDigits="0" nullable="1" charOctetLength="1000000000" ordinalPosition="5" isNullable="YES" isAutoincrement="NO" isGeneratedcolumn="NO"/>
        <columns uuid="46ab3ccb-3ab3-4ada-bda1-724b6daae646" name="PRIVILEGE_TYPE" type="//@dataTypes[name='CHARACTER%20VARYING']" dataType="VARCHAR" typeName="CHARACTER VARYING" columnSize="1000000000" decimalDigits="0" nullable="1" charOctetLength="1000000000" ordinalPosition="6" isNullable="YES" isAutoincrement="NO" isGeneratedcolumn="NO"/>
        <columns uuid="592ff72b-1621-4e40-9cc0-cc40551ebc19" name="IS_GRANTABLE" type="//@dataTypes[name='CHARACTER%20VARYING']" dataType="VARCHAR" typeName="CHARACTER VARYING" columnSize="1000000000" decimalDigits="0" nullable="1" charOctetLength="1000000000" ordinalPosition="7" isNullable="YES" isAutoincrement="NO" isGeneratedcolumn="NO"/>
        <columns uuid="124a0438-6c8d-4c5c-ba89-71b81e15fd6e" name="WITH_HIERARCHY" type="//@dataTypes[name='CHARACTER%20VARYING']" dataType="VARCHAR" typeName="CHARACTER VARYING" columnSize="1000000000" decimalDigits="0" nullable="1" charOctetLength="1000000000" ordinalPosition="8" isNullable="YES" isAutoincrement="NO" isGeneratedcolumn="NO"/>
      </tables>
      <tables uuid="52e13ec1-d443-422b-b67e-ea16321f66b9" name="TRIGGERS">
        <columns uuid="05157f78-952f-48c9-b089-450f7fefc8db" name="TRIGGER_CATALOG" type="//@dataTypes[name='CHARACTER%20VARYING']" dataType="VARCHAR" typeName="CHARACTER VARYING" columnSize="1000000000" decimalDigits="0" nullable="1" charOctetLength="1000000000" ordinalPosition="1" isNullable="YES" isAutoincrement="NO" isGeneratedcolumn="NO"/>
        <columns uuid="6acc8579-7c7b-41bb-ade5-bfa91f6761a9" name="TRIGGER_SCHEMA" type="//@dataTypes[name='CHARACTER%20VARYING']" dataType="VARCHAR" typeName="CHARACTER VARYING" columnSize="1000000000" decimalDigits="0" nullable="1" charOctetLength="1000000000" ordinalPosition="2" isNullable="YES" isAutoincrement="NO" isGeneratedcolumn="NO"/>
        <columns uuid="e2ea1708-3e08-45b2-8f78-60b8c657e52a" name="TRIGGER_NAME" type="//@dataTypes[name='CHARACTER%20VARYING']" dataType="VARCHAR" typeName="CHARACTER VARYING" columnSize="1000000000" decimalDigits="0" nullable="1" charOctetLength="1000000000" ordinalPosition="3" isNullable="YES" isAutoincrement="NO" isGeneratedcolumn="NO"/>
        <columns uuid="8b24df3b-8af2-4bca-878f-1f73f2bc48db" name="EVENT_MANIPULATION" type="//@dataTypes[name='CHARACTER%20VARYING']" dataType="VARCHAR" typeName="CHARACTER VARYING" columnSize="1000000000" decimalDigits="0" nullable="1" charOctetLength="1000000000" ordinalPosition="4" isNullable="YES" isAutoincrement="NO" isGeneratedcolumn="NO"/>
        <columns uuid="cde8858d-02b5-4928-952e-9da4f9605fd0" name="EVENT_OBJECT_CATALOG" type="//@dataTypes[name='CHARACTER%20VARYING']" dataType="VARCHAR" typeName="CHARACTER VARYING" columnSize="1000000000" decimalDigits="0" nullable="1" charOctetLength="1000000000" ordinalPosition="5" isNullable="YES" isAutoincrement="NO" isGeneratedcolumn="NO"/>
        <columns uuid="b78627da-be57-428f-bab7-14e80c38a5a4" name="EVENT_OBJECT_SCHEMA" type="//@dataTypes[name='CHARACTER%20VARYING']" dataType="VARCHAR" typeName="CHARACTER VARYING" columnSize="1000000000" decimalDigits="0" nullable="1" charOctetLength="1000000000" ordinalPosition="6" isNullable="YES" isAutoincrement="NO" isGeneratedcolumn="NO"/>
        <columns uuid="7e262dfb-eb16-4e9f-a2ae-492647ca5c25" name="EVENT_OBJECT_TABLE" type="//@dataTypes[name='CHARACTER%20VARYING']" dataType="VARCHAR" typeName="CHARACTER VARYING" columnSize="1000000000" decimalDigits="0" nullable="1" charOctetLength="1000000000" ordinalPosition="7" isNullable="YES" isAutoincrement="NO" isGeneratedcolumn="NO"/>
        <columns uuid="c7152c9f-2be1-4c3f-99b1-315d4aa95f39" name="ACTION_ORIENTATION" type="//@dataTypes[name='CHARACTER%20VARYING']" dataType="VARCHAR" typeName="CHARACTER VARYING" columnSize="1000000000" decimalDigits="0" nullable="1" charOctetLength="1000000000" ordinalPosition="8" isNullable="YES" isAutoincrement="NO" isGeneratedcolumn="NO"/>
        <columns uuid="fdf0eff1-e94e-46b8-a961-0ee4ca579f80" name="ACTION_TIMING" type="//@dataTypes[name='CHARACTER%20VARYING']" dataType="VARCHAR" typeName="CHARACTER VARYING" columnSize="1000000000" decimalDigits="0" nullable="1" charOctetLength="1000000000" ordinalPosition="9" isNullable="YES" isAutoincrement="NO" isGeneratedcolumn="NO"/>
        <columns uuid="6190e4cc-3e50-414e-b840-543d65edb5fe" name="IS_ROLLBACK" type="//@dataTypes[name='BOOLEAN']" dataType="BOOLEAN" typeName="BOOLEAN" columnSize="1" decimalDigits="0" nullable="1" charOctetLength="1" ordinalPosition="10" isNullable="YES" isAutoincrement="NO" isGeneratedcolumn="NO"/>
        <columns uuid="6c37c818-d281-472d-83f0-f2d9018d69a9" name="JAVA_CLASS" type="//@dataTypes[name='CHARACTER%20VARYING']" dataType="VARCHAR" typeName="CHARACTER VARYING" columnSize="1000000000" decimalDigits="0" nullable="1" charOctetLength="1000000000" ordinalPosition="11" isNullable="YES" isAutoincrement="NO" isGeneratedcolumn="NO"/>
        <columns uuid="7b9c828a-e229-4e9a-b513-e862f692d88a" name="QUEUE_SIZE" type="//@dataTypes[name='INTEGER']" dataType="INTEGER" typeName="INTEGER" columnSize="32" decimalDigits="0" numPrecRadix="2" nullable="1" charOctetLength="32" ordinalPosition="12" isNullable="YES" isAutoincrement="NO" isGeneratedcolumn="NO"/>
        <columns uuid="27dd1fc9-51f1-49a3-9b5f-880577943a34" name="NO_WAIT" type="//@dataTypes[name='BOOLEAN']" dataType="BOOLEAN" typeName="BOOLEAN" columnSize="1" decimalDigits="0" nullable="1" charOctetLength="1" ordinalPosition="13" isNullable="YES" isAutoincrement="NO" isGeneratedcolumn="NO"/>
        <columns uuid="11443687-d0cb-49a3-b906-12657e6258e7" name="REMARKS" type="//@dataTypes[name='CHARACTER%20VARYING']" dataType="VARCHAR" typeName="CHARACTER VARYING" columnSize="1000000000" decimalDigits="0" nullable="1" charOctetLength="1000000000" ordinalPosition="14" isNullable="YES" isAutoincrement="NO" isGeneratedcolumn="NO"/>
      </tables>
      <tables uuid="7b4510dc-231b-4d4e-88f7-fd333cea7991" name="VIEWS">
        <columns uuid="333032df-4f9c-4e65-b823-bc3222652ce0" name="TABLE_CATALOG" type="//@dataTypes[name='CHARACTER%20VARYING']" dataType="VARCHAR" typeName="CHARACTER VARYING" columnSize="1000000000" decimalDigits="0" nullable="1" charOctetLength="1000000000" ordinalPosition="1" isNullable="YES" isAutoincrement="NO" isGeneratedcolumn="NO"/>
        <columns uuid="a9470f2f-dbdf-44d5-b36b-7f8c73843a66" name="TABLE_SCHEMA" type="//@dataTypes[name='CHARACTER%20VARYING']" dataType="VARCHAR" typeName="CHARACTER VARYING" columnSize="1000000000" decimalDigits="0" nullable="1" charOctetLength="1000000000" ordinalPosition="2" isNullable="YES" isAutoincrement="NO" isGeneratedcolumn="NO"/>
        <columns uuid="b23359d2-f5a2-4320-af09-baea29a6167b" name="TABLE_NAME" type="//@dataTypes[name='CHARACTER%20VARYING']" dataType="VARCHAR" typeName="CHARACTER VARYING" columnSize="1000000000" decimalDigits="0" nullable="1" charOctetLength="1000000000" ordinalPosition="3" isNullable="YES" isAutoincrement="NO" isGeneratedcolumn="NO"/>
        <columns uuid="2da70a7a-69a4-4778-aa03-4ebd0725407a" name="VIEW_DEFINITION" type="//@dataTypes[name='CHARACTER%20VARYING']" dataType="VARCHAR" typeName="CHARACTER VARYING" columnSize="1000000000" decimalDigits="0" nullable="1" charOctetLength="1000000000" ordinalPosition="4" isNullable="YES" isAutoincrement="NO" isGeneratedcolumn="NO"/>
        <columns uuid="bcd16152-3f57-4674-a795-6ee4f152ce3a" name="CHECK_OPTION" type="//@dataTypes[name='CHARACTER%20VARYING']" dataType="VARCHAR" typeName="CHARACTER VARYING" columnSize="1000000000" decimalDigits="0" nullable="1" charOctetLength="1000000000" ordinalPosition="5" isNullable="YES" isAutoincrement="NO" isGeneratedcolumn="NO"/>
        <columns uuid="a25e6e7b-a3d0-4fe0-81ed-53e69b8490ba" name="IS_UPDATABLE" type="//@dataTypes[name='CHARACTER%20VARYING']" dataType="VARCHAR" typeName="CHARACTER VARYING" columnSize="1000000000" decimalDigits="0" nullable="1" charOctetLength="1000000000" ordinalPosition="6" isNullable="YES" isAutoincrement="NO" isGeneratedcolumn="NO"/>
        <columns uuid="30691dda-c02e-4be1-a9f0-c5490b9a09e2" name="INSERTABLE_INTO" type="//@dataTypes[name='CHARACTER%20VARYING']" dataType="VARCHAR" typeName="CHARACTER VARYING" columnSize="1000000000" decimalDigits="0" nullable="1" charOctetLength="1000000000" ordinalPosition="7" isNullable="YES" isAutoincrement="NO" isGeneratedcolumn="NO"/>
        <columns uuid="2ac36694-79c0-4e94-828c-c42066bbb7a4" name="IS_TRIGGER_UPDATABLE" type="//@dataTypes[name='CHARACTER%20VARYING']" dataType="VARCHAR" typeName="CHARACTER VARYING" columnSize="1000000000" decimalDigits="0" nullable="1" charOctetLength="1000000000" ordinalPosition="8" isNullable="YES" isAutoincrement="NO" isGeneratedcolumn="NO"/>
        <columns uuid="19432486-a371-490c-99f5-416c596a1ed0" name="IS_TRIGGER_DELETABLE" type="//@dataTypes[name='CHARACTER%20VARYING']" dataType="VARCHAR" typeName="CHARACTER VARYING" columnSize="1000000000" decimalDigits="0" nullable="1" charOctetLength="1000000000" ordinalPosition="9" isNullable="YES" isAutoincrement="NO" isGeneratedcolumn="NO"/>
        <columns uuid="78191158-1b72-4a28-b613-a49e77353119" name="IS_TRIGGER_INSERTABLE_INTO" type="//@dataTypes[name='CHARACTER%20VARYING']" dataType="VARCHAR" typeName="CHARACTER VARYING" columnSize="1000000000" decimalDigits="0" nullable="1" charOctetLength="1000000000" ordinalPosition="10" isNullable="YES" isAutoincrement="NO" isGeneratedcolumn="NO"/>
        <columns uuid="16d839ed-2203-4b0e-93ed-e29e402dcafa" name="STATUS" type="//@dataTypes[name='CHARACTER%20VARYING']" dataType="VARCHAR" typeName="CHARACTER VARYING" columnSize="1000000000" decimalDigits="0" nullable="1" charOctetLength="1000000000" ordinalPosition="11" isNullable="YES" isAutoincrement="NO" isGeneratedcolumn="NO"/>
        <columns uuid="bdea6df4-68cc-42dc-9875-12fca4c419ea" name="REMARKS" type="//@dataTypes[name='CHARACTER%20VARYING']" dataType="VARCHAR" typeName="CHARACTER VARYING" columnSize="1000000000" decimalDigits="0" nullable="1" charOctetLength="1000000000" ordinalPosition="12" isNullable="YES" isAutoincrement="NO" isGeneratedcolumn="NO"/>
      </tables>
    </schemas>
    <schemas uuid="a964f752-8091-4985-af92-5d344f47c6ed" name="PUBLIC">
      <tables uuid="d4ac8fbc-f575-4923-94ec-81a51fcef076" name="ACCOUNTS">
        <columns uuid="07fef752-32e0-4d9e-ad18-2b8b306907dc" name="ID" type="//@dataTypes[name='INTEGER']" dataType="INTEGER" typeName="INTEGER" columnSize="32" decimalDigits="0" numPrecRadix="2" nullable="0" charOctetLength="32" ordinalPosition="1" isNullable="NO" isAutoincrement="YES" isGeneratedcolumn="NO"/>
        <columns uuid="3c334cda-7b20-4ec2-a05b-82c788928e48" name="NAME" type="//@dataTypes[name='CHARACTER%20VARYING']" dataType="VARCHAR" typeName="CHARACTER VARYING" columnSize="255" decimalDigits="0" nullable="0" charOctetLength="255" ordinalPosition="2" isNullable="NO" isAutoincrement="NO" isGeneratedcolumn="NO"/>
        <columns uuid="c99f6253-8b86-4766-a4fd-6c433e97afaa" name="TYPE" type="//@dataTypes[name='CHARACTER%20VARYING']" dataType="VARCHAR" typeName="CHARACTER VARYING" columnSize="50" decimalDigits="0" nullable="0" charOctetLength="50" ordinalPosition="3" isNullable="NO" isAutoincrement="NO" isGeneratedcolumn="NO"/>
        <columns uuid="2881c36d-de21-4a35-b782-99bd4f22e67e" name="PARENT" type="//@dataTypes[name='INTEGER']" dataType="INTEGER" typeName="INTEGER" columnSize="32" decimalDigits="0" numPrecRadix="2" nullable="1" charOctetLength="32" ordinalPosition="4" isNullable="YES" isAutoincrement="NO" isGeneratedcolumn="NO"/>
        <primaryKey uuid="5fa8a53b-6391-4a44-b224-e68de7c14a08" name="CONSTRAINT_A" columns="//@catalogs[name='TESTDB']/@schemas[name='PUBLIC']/@tables[name='ACCOUNTS']/@columns[name='ID']"/>
        <importedKeys uuid="3a596780-f3d5-4cdc-8aca-04e4b2b51a3b" name="CONSTRAINT_AF" primaryKey="//@catalogs[name='TESTDB']/@schemas[name='PUBLIC']/@tables[name='ACCOUNTS']/@primaryKey" updateRule="KEY_RESTRICT" deleteRule="KEY_RESTRICT" deferrability="NOT_DEFERRABLE">
          <columns fkColumn="//@catalogs[name='TESTDB']/@schemas[name='PUBLIC']/@tables[name='ACCOUNTS']/@columns[name='PARENT']" pkColumn="//@catalogs[name='TESTDB']/@schemas[name='PUBLIC']/@tables[name='ACCOUNTS']/@columns[name='ID']"/>
        </importedKeys>
      </tables>
      <tables uuid="24b4333d-d732-4cd3-a7aa-460982923e6b" name="JOURNAL_ENTRIES">
        <columns uuid="e4c7465d-88a0-4c78-8e68-95183c036bb4" name="ID" type="//@dataTypes[name='INTEGER']" dataType="INTEGER" typeName="INTEGER" columnSize="32" decimalDigits="0" numPrecRadix="2" nullable="0" charOctetLength="32" ordinalPosition="1" isNullable="NO" isAutoincrement="YES" isGeneratedcolumn="NO"/>
        <columns uuid="03217cd0-f822-44b5-a559-aeca66d6fd5f" name="TRANSACTION" type="//@dataTypes[name='INTEGER']" dataType="INTEGER" typeName="INTEGER" columnSize="32" decimalDigits="0" numPrecRadix="2" nullable="0" charOctetLength="32" ordinalPosition="2" isNullable="NO" isAutoincrement="NO" isGeneratedcolumn="NO"/>
        <columns uuid="8bedb96e-422a-49ed-83dd-9ea01b9470a0" name="ACCOUNT" type="//@dataTypes[name='INTEGER']" dataType="INTEGER" typeName="INTEGER" columnSize="32" decimalDigits="0" numPrecRadix="2" nullable="0" charOctetLength="32" ordinalPosition="3" isNullable="NO" isAutoincrement="NO" isGeneratedcolumn="NO"/>
        <columns uuid="6c6b9bab-35af-4a44-a8f3-d58b97e78ac5" name="DEBITAMOUNT" dataType="DECIMAL" typeName="DECIMAL" columnSize="19" decimalDigits="4" numPrecRadix="10" nullable="1" columnDef="0.00" charOctetLength="19" ordinalPosition="4" isNullable="YES" isAutoincrement="NO" isGeneratedcolumn="NO"/>
        <columns uuid="55989759-9a0e-41a9-81ad-52a01522b21e" name="CREDITAMOUNT" dataType="DECIMAL" typeName="DECIMAL" columnSize="19" decimalDigits="4" numPrecRadix="10" nullable="1" columnDef="0.00" charOctetLength="19" ordinalPosition="5" isNullable="YES" isAutoincrement="NO" isGeneratedcolumn="NO"/>
        <primaryKey uuid="021c90f0-4a91-49d5-8c50-141136f58767" name="CONSTRAINT_1" columns="//@catalogs[name='TESTDB']/@schemas[name='PUBLIC']/@tables[name='JOURNAL_ENTRIES']/@columns[name='ID']"/>
        <importedKeys uuid="a4e10454-cc45-4040-adc4-63bcccb16f05" name="CONSTRAINT_166" primaryKey="//@catalogs[name='TESTDB']/@schemas[name='PUBLIC']/@tables[name='ACCOUNTS']/@primaryKey" updateRule="KEY_RESTRICT" deleteRule="KEY_RESTRICT" deferrability="NOT_DEFERRABLE">
          <columns fkColumn="//@catalogs[name='TESTDB']/@schemas[name='PUBLIC']/@tables[name='JOURNAL_ENTRIES']/@columns[name='ACCOUNT']" pkColumn="//@catalogs[name='TESTDB']/@schemas[name='PUBLIC']/@tables[name='ACCOUNTS']/@columns[name='ID']"/>
        </importedKeys>
        <importedKeys uuid="9e06de94-183c-44e6-b0ec-8e2b493d023a" name="CONSTRAINT_16" primaryKey="//@catalogs[name='TESTDB']/@schemas[name='PUBLIC']/@tables[name='TRANSACTIONS']/@primaryKey" updateRule="KEY_RESTRICT" deleteRule="KEY_RESTRICT" deferrability="NOT_DEFERRABLE">
          <columns fkColumn="//@catalogs[name='TESTDB']/@schemas[name='PUBLIC']/@tables[name='JOURNAL_ENTRIES']/@columns[name='TRANSACTION']" pkColumn="//@catalogs[name='TESTDB']/@schemas[name='PUBLIC']/@tables[name='TRANSACTIONS']/@columns[name='ID']"/>
        </importedKeys>
      </tables>
      <tables uuid="b1711d68-425d-40e3-b7ad-fb8622bd7baa" name="TRANSACTIONS">
        <columns uuid="45be7da3-4cb5-41fe-b496-acddbaeef1a2" name="ID" type="//@dataTypes[name='INTEGER']" dataType="INTEGER" typeName="INTEGER" columnSize="32" decimalDigits="0" numPrecRadix="2" nullable="0" charOctetLength="32" ordinalPosition="1" isNullable="NO" isAutoincrement="YES" isGeneratedcolumn="NO"/>
        <columns uuid="c2eaf8b1-ae55-45db-ae8e-3aeb184ed536" name="TRANSACTION_DATE" type="//@dataTypes[name='DATE']" dataType="DATE" typeName="DATE" columnSize="10" decimalDigits="0" nullable="0" charOctetLength="10" ordinalPosition="2" isNullable="NO" isAutoincrement="NO" isGeneratedcolumn="NO"/>
        <columns uuid="e8a0791d-f994-43b1-a521-24df0f1373c2" name="DESCRIPTION" type="//@dataTypes[name='CHARACTER%20VARYING']" dataType="VARCHAR" typeName="CHARACTER VARYING" columnSize="500" decimalDigits="0" nullable="1" charOctetLength="500" ordinalPosition="3" isNullable="YES" isAutoincrement="NO" isGeneratedcolumn="NO"/>
        <columns uuid="05118df2-1de5-4b02-a201-5ed1ca9eb160" name="REFERENCENUMBER" type="//@dataTypes[name='CHARACTER%20VARYING']" dataType="VARCHAR" typeName="CHARACTER VARYING" columnSize="100" decimalDigits="0" nullable="1" charOctetLength="100" ordinalPosition="4" isNullable="YES" isAutoincrement="NO" isGeneratedcolumn="NO"/>
        <primaryKey uuid="664f0143-eef6-4fcc-aa41-0eaecf3cbe49" name="CONSTRAINT_F" columns="//@catalogs[name='TESTDB']/@schemas[name='PUBLIC']/@tables[name='TRANSACTIONS']/@columns[name='ID']"/>
      </tables>
    </schemas>
  </catalogs>
</org.nasdanika.models.sql:Database>
